/app/TWL.Tests/Reliability/PipelineGranularMetricsTests.cs(12,7): warning CS0105: The using directive for 'TWL.Server.Architecture.Pipeline' appeared previously in this namespace [/app/TWL.Tests/TWL.Tests.csproj]
/app/TWL.Tests/Reliability/PipelineGranularMetricsTests.cs(16,7): warning CS0105: The using directive for 'TWL.Server.Architecture.Pipeline' appeared previously in this namespace [/app/TWL.Tests/TWL.Tests.csproj]
/app/TWL.Tests/Reliability/PipelineMetricsTests.cs(12,7): warning CS0105: The using directive for 'TWL.Server.Architecture.Pipeline' appeared previously in this namespace [/app/TWL.Tests/TWL.Tests.csproj]
/app/TWL.Tests/Reliability/PipelineMetricsTests.cs(16,7): warning CS0105: The using directive for 'TWL.Server.Architecture.Pipeline' appeared previously in this namespace [/app/TWL.Tests/TWL.Tests.csproj]
/app/TWL.Tests/Reliability/PipelineStressTest.cs(12,7): warning CS0105: The using directive for 'TWL.Server.Architecture.Pipeline' appeared previously in this namespace [/app/TWL.Tests/TWL.Tests.csproj]
/app/TWL.Tests/Reliability/PipelineStressTest.cs(16,7): warning CS0105: The using directive for 'TWL.Server.Architecture.Pipeline' appeared previously in this namespace [/app/TWL.Tests/TWL.Tests.csproj]
/app/TWL.Tests/Economy/EconomyServiceMockTests.cs(47,42): warning CS8767: Nullability of reference types in type of parameter 'operationId' of 'EconomyOperationResultDTO MockEconomyService.BuyShopItem(ServerCharacter character, int shopItemId, int quantity, string operationId = null, string? traceId = null)' doesn't match implicitly implemented member 'EconomyOperationResultDTO IEconomyService.BuyShopItem(ServerCharacter character, int shopItemId, int quantity, string? operationId = null, string? traceId = null)' (possibly because of nullability attributes). [/app/TWL.Tests/TWL.Tests.csproj]
/app/TWL.Tests/Economy/EconomyServiceMockTests.cs(48,34): warning CS8625: Cannot convert null literal to non-nullable reference type. [/app/TWL.Tests/TWL.Tests.csproj]
/app/TWL.Tests/Architecture/MediatorTests.cs(20,23): warning CS8618: Non-nullable property 'Input' must contain a non-null value when exiting constructor. Consider adding the 'required' modifier or declaring the property as nullable. [/app/TWL.Tests/TWL.Tests.csproj]
/app/TWL.Tests/Skills/WaterSkillPackTests.cs(40,39): warning CS8602: Dereference of a possibly null reference. [/app/TWL.Tests/TWL.Tests.csproj]
/app/TWL.Tests/Skills/WaterSkillPackTests.cs(69,55): warning CS8604: Possible null reference argument for parameter 'skill' in 'List<ServerCombatant> SkillTargetingHelper.GetTargets(Skill skill, ServerCombatant attacker, ServerCombatant primaryTarget, IEnumerable<ServerCombatant> allCombatants)'. [/app/TWL.Tests/TWL.Tests.csproj]
/app/TWL.Tests/Content/ContentSafetyTests.cs(45,29): warning CS8602: Dereference of a possibly null reference. [/app/TWL.Tests/TWL.Tests.csproj]
/app/TWL.Tests/Domain/Skills/SkillSystemTests.cs(62,23): warning CS8602: Dereference of a possibly null reference. [/app/TWL.Tests/TWL.Tests.csproj]
/app/TWL.Tests/Integration/GameLoopTests.cs(71,35): warning CS8602: Dereference of a possibly null reference. [/app/TWL.Tests/TWL.Tests.csproj]
/app/TWL.Tests/ContentValidationTests.cs(188,26): warning CS8629: Nullable value type may be null. [/app/TWL.Tests/TWL.Tests.csproj]
/app/TWL.Tests/Domain/Pets/PetSwitchingTests.cs(45,41): warning CS8625: Cannot convert null literal to non-nullable reference type. [/app/TWL.Tests/TWL.Tests.csproj]
/app/TWL.Tests/Maps/MapValidationTests.cs(115,26): warning CS8602: Dereference of a possibly null reference. [/app/TWL.Tests/TWL.Tests.csproj]
/app/TWL.Tests/Skills/FireSkillPackTests.cs(40,39): warning CS8602: Dereference of a possibly null reference. [/app/TWL.Tests/TWL.Tests.csproj]
/app/TWL.Tests/Maps/MapValidator.cs(198,20): warning CS8603: Possible null reference return. [/app/TWL.Tests/TWL.Tests.csproj]
/app/TWL.Tests/Maps/MapValidator.cs(202,16): warning CS8603: Possible null reference return. [/app/TWL.Tests/TWL.Tests.csproj]
/app/TWL.Tests/Maps/MapValidationTests.cs(143,34): warning CS8602: Dereference of a possibly null reference. [/app/TWL.Tests/TWL.Tests.csproj]
/app/TWL.Tests/PetTests/PetUtilityTests.cs(123,33): warning CS8604: Possible null reference argument for parameter 'def' in 'ServerPet.ServerPet(PetDefinition def)'. [/app/TWL.Tests/TWL.Tests.csproj]
/app/TWL.Tests/PetTests/PetUtilityTests.cs(124,9): warning CS8602: Dereference of a possibly null reference. [/app/TWL.Tests/TWL.Tests.csproj]
/app/TWL.Tests/Security/BindOnEquipHardeningTests.cs(104,25): warning CS8602: Dereference of a possibly null reference. [/app/TWL.Tests/TWL.Tests.csproj]
/app/TWL.Tests/Security/BindOnEquipHardeningTests.cs(112,25): warning CS8602: Dereference of a possibly null reference. [/app/TWL.Tests/TWL.Tests.csproj]
/app/TWL.Tests/Skills/FireSkillPackTests.cs(143,135): error CS0200: Property or indexer 'ServerCombatant.Spd' cannot be assigned to -- it is read only [/app/TWL.Tests/TWL.Tests.csproj]
/app/TWL.Tests/Skills/FireSkillPackTests.cs(144,111): error CS0200: Property or indexer 'ServerCombatant.Spd' cannot be assigned to -- it is read only [/app/TWL.Tests/TWL.Tests.csproj]
/app/TWL.Tests/Quests/SpecialSkillQuestTests.cs(128,31): warning CS8602: Dereference of a possibly null reference. [/app/TWL.Tests/TWL.Tests.csproj]
/app/TWL.Tests/PetTests/PetUtilityTests.cs(146,33): warning CS8604: Possible null reference argument for parameter 'def' in 'ServerPet.ServerPet(PetDefinition def)'. [/app/TWL.Tests/TWL.Tests.csproj]
/app/TWL.Tests/PetTests/PetUtilityTests.cs(147,9): warning CS8602: Dereference of a possibly null reference. [/app/TWL.Tests/TWL.Tests.csproj]
/app/TWL.Tests/PetTests/PetUtilityTests.cs(167,33): warning CS8604: Possible null reference argument for parameter 'def' in 'ServerPet.ServerPet(PetDefinition def)'. [/app/TWL.Tests/TWL.Tests.csproj]
/app/TWL.Tests/PetTests/PetUtilityTests.cs(168,9): warning CS8602: Dereference of a possibly null reference. [/app/TWL.Tests/TWL.Tests.csproj]
/app/TWL.Tests/PetTests/PetUtilityTests.cs(210,33): warning CS8604: Possible null reference argument for parameter 'def' in 'ServerPet.ServerPet(PetDefinition def)'. [/app/TWL.Tests/TWL.Tests.csproj]
/app/TWL.Tests/PetTests/PetUtilityTests.cs(211,9): warning CS8602: Dereference of a possibly null reference. [/app/TWL.Tests/TWL.Tests.csproj]
/app/TWL.Tests/Quests/SpecialSkillQuestTests.cs(137,31): warning CS8602: Dereference of a possibly null reference. [/app/TWL.Tests/TWL.Tests.csproj]
/app/TWL.Tests/Server/Simulation/Managers/AutoBattleManagerTests.cs(26,39): warning CS8602: Dereference of a possibly null reference. [/app/TWL.Tests/TWL.Tests.csproj]
/app/TWL.Tests/Quests/SpecialSkillQuestTests.cs(157,31): warning CS8602: Dereference of a possibly null reference. [/app/TWL.Tests/TWL.Tests.csproj]
/app/TWL.Tests/Skills/FireSkillPackTests.cs(166,131): error CS0200: Property or indexer 'ServerCombatant.Spd' cannot be assigned to -- it is read only [/app/TWL.Tests/TWL.Tests.csproj]
/app/TWL.Tests/Skills/FireSkillPackTests.cs(167,111): error CS0200: Property or indexer 'ServerCombatant.Spd' cannot be assigned to -- it is read only [/app/TWL.Tests/TWL.Tests.csproj]
/app/TWL.Tests/Skills/FireSkillPackTests.cs(168,111): error CS0200: Property or indexer 'ServerCombatant.Spd' cannot be assigned to -- it is read only [/app/TWL.Tests/TWL.Tests.csproj]
/app/TWL.Tests/Maps/MapValidationTests.cs(226,30): warning CS8602: Dereference of a possibly null reference. [/app/TWL.Tests/TWL.Tests.csproj]
/app/TWL.Tests/PetTests/PetSystemTests.cs(137,19): warning CS8602: Dereference of a possibly null reference. [/app/TWL.Tests/TWL.Tests.csproj]
/app/TWL.Tests/Server/QuestCombatIntegrationTests.cs(116,61): warning CS8602: Dereference of a possibly null reference. [/app/TWL.Tests/TWL.Tests.csproj]
/app/TWL.Tests/Server/QuestCombatIntegrationTests.cs(146,57): warning CS8602: Dereference of a possibly null reference. [/app/TWL.Tests/TWL.Tests.csproj]
/app/TWL.Tests/Quests/QuestValidationTests.cs(38,50): warning CS8625: Cannot convert null literal to non-nullable reference type. [/app/TWL.Tests/TWL.Tests.csproj]
/app/TWL.Tests/Quests/QuestValidationTests.cs(46,50): warning CS8625: Cannot convert null literal to non-nullable reference type. [/app/TWL.Tests/TWL.Tests.csproj]
/app/TWL.Tests/Maps/MapValidationTests.cs(303,32): warning CS8602: Dereference of a possibly null reference. [/app/TWL.Tests/TWL.Tests.csproj]
/app/TWL.Tests/Maps/MapValidationTests.cs(324,44): warning CS8602: Dereference of a possibly null reference. [/app/TWL.Tests/TWL.Tests.csproj]
/app/TWL.Tests/Quests/QuestValidationTests.cs(63,50): warning CS8625: Cannot convert null literal to non-nullable reference type. [/app/TWL.Tests/TWL.Tests.csproj]
/app/TWL.Tests/Quests/QuestSystemExtendedTests.cs(24,12): warning CS8618: Non-nullable field '_mockPlayerService' must contain a non-null value when exiting constructor. Consider adding the 'required' modifier or declaring the field as nullable. [/app/TWL.Tests/TWL.Tests.csproj]
/app/TWL.Tests/Quests/QuestSystemTests.cs(78,48): warning CS8602: Dereference of a possibly null reference. [/app/TWL.Tests/TWL.Tests.csproj]
/app/TWL.Tests/Quests/QuestValidationTests.cs(82,50): warning CS8625: Cannot convert null literal to non-nullable reference type. [/app/TWL.Tests/TWL.Tests.csproj]
/app/TWL.Tests/Quests/QuestValidationTests.cs(101,50): warning CS8625: Cannot convert null literal to non-nullable reference type. [/app/TWL.Tests/TWL.Tests.csproj]
/app/TWL.Tests/Quests/QuestLogicTests.cs(125,24): warning CS8602: Dereference of a possibly null reference. [/app/TWL.Tests/TWL.Tests.csproj]
/app/TWL.Tests/Quests/QuestBranchingAndFailureTests.cs(23,29): warning CS8600: Converting null literal or possible null value to non-nullable type. [/app/TWL.Tests/TWL.Tests.csproj]
/app/TWL.Tests/Quests/QuestSystemExtendedTests.cs(122,50): warning CS8625: Cannot convert null literal to non-nullable reference type. [/app/TWL.Tests/TWL.Tests.csproj]
/app/TWL.Tests/Skills/ContentConsistencyTests.cs(20,39): warning CS8602: Dereference of a possibly null reference. [/app/TWL.Tests/TWL.Tests.csproj]
/app/TWL.Tests/Quests/QuestValidationTests.cs(114,29): warning CS8600: Converting null literal or possible null value to non-nullable type. [/app/TWL.Tests/TWL.Tests.csproj]
/app/TWL.Tests/Skills/ContentConsistencyTests.cs(31,17): warning CS8602: Dereference of a possibly null reference. [/app/TWL.Tests/TWL.Tests.csproj]
/app/TWL.Tests/Services/SeedableRandomServiceTests.cs(33,47): warning CS8602: Dereference of a possibly null reference. [/app/TWL.Tests/TWL.Tests.csproj]
/app/TWL.Tests/Services/SeedableRandomServiceTests.cs(35,17): warning CS8620: Argument of type 'Func<It.IsAnyType, Exception, string>' cannot be used for parameter 'formatter' of type 'Func<It.IsAnyType, Exception?, string>' in 'void ILogger.Log<IsAnyType>(LogLevel logLevel, EventId eventId, IsAnyType state, Exception? exception, Func<IsAnyType, Exception?, string> formatter)' due to differences in the nullability of reference types. [/app/TWL.Tests/TWL.Tests.csproj]
/app/TWL.Tests/Skills/EarthSkillPackTests.cs(62,39): warning CS8602: Dereference of a possibly null reference. [/app/TWL.Tests/TWL.Tests.csproj]
/app/TWL.Tests/PetTests/PetSystemExpansionTests.cs(84,33): warning CS8604: Possible null reference argument for parameter 'def' in 'ServerPet.ServerPet(PetDefinition def)'. [/app/TWL.Tests/TWL.Tests.csproj]
/app/TWL.Tests/PetTests/PetSystemExpansionTests.cs(86,9): warning CS8602: Dereference of a possibly null reference. [/app/TWL.Tests/TWL.Tests.csproj]
/app/TWL.Tests/PetTests/PetSystemExpansionTests.cs(117,33): warning CS8604: Possible null reference argument for parameter 'def' in 'ServerPet.ServerPet(PetDefinition def)'. [/app/TWL.Tests/TWL.Tests.csproj]
/app/TWL.Tests/Simulation/SpawnManagerTests.cs(227,47): warning CS8600: Converting null literal or possible null value to non-nullable type. [/app/TWL.Tests/TWL.Tests.csproj]
/app/TWL.Tests/Simulation/SpawnManagerTests.cs(228,47): warning CS8600: Converting null literal or possible null value to non-nullable type. [/app/TWL.Tests/TWL.Tests.csproj]
/app/TWL.Tests/PetTests/PetSystemExpansionTests.cs(144,33): warning CS8604: Possible null reference argument for parameter 'def' in 'ServerPet.ServerPet(PetDefinition def)'. [/app/TWL.Tests/TWL.Tests.csproj]
/app/TWL.Tests/PetTests/PetSystemExpansionTests.cs(146,9): warning CS8602: Dereference of a possibly null reference. [/app/TWL.Tests/TWL.Tests.csproj]
/app/TWL.Tests/PetTests/PetSystemExpansionTests.cs(162,33): warning CS8604: Possible null reference argument for parameter 'def' in 'ServerPet.ServerPet(PetDefinition def)'. [/app/TWL.Tests/TWL.Tests.csproj]
/app/TWL.Tests/Skills/EarthSkillPackTests.cs(146,25): warning CS8602: Dereference of a possibly null reference. [/app/TWL.Tests/TWL.Tests.csproj]
/app/TWL.Tests/Skills/EarthSkillPackTests.cs(159,25): warning CS8602: Dereference of a possibly null reference. [/app/TWL.Tests/TWL.Tests.csproj]
/app/TWL.Tests/Simulation/EncounterTests.cs(230,20): warning CS8602: Dereference of a possibly null reference. [/app/TWL.Tests/TWL.Tests.csproj]
/app/TWL.Tests/Quests/QuestSystemExtendedTests.cs(20,42): warning CS0169: The field 'QuestSystemExtendedTests._mockPlayerService' is never used [/app/TWL.Tests/TWL.Tests.csproj]
/app/TWL.Tests/Quests/QuestEngineEventsTests.cs(17,29): warning CS0414: The field 'QuestEngineEventsTests._petsFile' is assigned but its value is never used [/app/TWL.Tests/TWL.Tests.csproj]
/app/TWL.Tests/Mocks/MockRandomService.cs(17,39): warning CA1805: Member 'FixedInt' is explicitly initialized to its default value (https://learn.microsoft.com/dotnet/fundamentals/code-analysis/quality-rules/ca1805) [/app/TWL.Tests/TWL.Tests.csproj]
/app/TWL.Tests/Domain/Skills/SkillSystemTests_Burn.cs(7,14): warning CA1707: Remove the underscores from type name TWL.Tests.Domain.Skills.SkillSystemTests_Burn (https://learn.microsoft.com/dotnet/fundamentals/code-analysis/quality-rules/ca1707) [/app/TWL.Tests/TWL.Tests.csproj]
/app/TWL.Tests/Shared/Domain/Graphics/CharacterAppearanceTests.cs(4,35): warning CA1716: Rename namespace TWL.Tests.Shared.Domain.Graphics so that it no longer conflicts with the reserved language keyword 'Shared'. Using a reserved keyword as the name of a namespace makes it harder for consumers in other languages to use the namespace. (https://learn.microsoft.com/dotnet/fundamentals/code-analysis/quality-rules/ca1716) [/app/TWL.Tests/TWL.Tests.csproj]
/app/TWL.Tests/Shared/Domain/Graphics/CharacterAppearanceTests.cs(4,21): warning CA1716: Rename namespace TWL.Tests.Shared so that it no longer conflicts with the reserved language keyword 'Shared'. Using a reserved keyword as the name of a namespace makes it harder for consumers in other languages to use the namespace. (https://learn.microsoft.com/dotnet/fundamentals/code-analysis/quality-rules/ca1716) [/app/TWL.Tests/TWL.Tests.csproj]
/app/TWL.Tests/Shared/Net/Network/NetMessageTests.cs(4,32): warning CA1716: Rename namespace TWL.Tests.Shared.Net.Network so that it no longer conflicts with the reserved language keyword 'Shared'. Using a reserved keyword as the name of a namespace makes it harder for consumers in other languages to use the namespace. (https://learn.microsoft.com/dotnet/fundamentals/code-analysis/quality-rules/ca1716) [/app/TWL.Tests/TWL.Tests.csproj]
/app/TWL.Tests/Architecture/MediatorTests.cs(8,23): warning CA1707: Remove the underscores from member name TWL.Tests.Architecture.MediatorTests.Mediator_ShouldDispatchToCorrectHandler() (https://learn.microsoft.com/dotnet/fundamentals/code-analysis/quality-rules/ca1707) [/app/TWL.Tests/TWL.Tests.csproj]
/app/TWL.Tests/Benchmarks/PlayerServicePerformanceTests.cs(21,17): warning CA1707: Remove the underscores from member name TWL.Tests.Benchmarks.PlayerServicePerformanceTests.Benchmark_Flush_Synchronous_Wrapper_Optimized() (https://learn.microsoft.com/dotnet/fundamentals/code-analysis/quality-rules/ca1707) [/app/TWL.Tests/TWL.Tests.csproj]
/app/TWL.Tests/Benchmarks/PlayerServicePerformanceTests.cs(53,23): warning CA1707: Remove the underscores from member name TWL.Tests.Benchmarks.PlayerServicePerformanceTests.Benchmark_Flush_Async_Optimized() (https://learn.microsoft.com/dotnet/fundamentals/code-analysis/quality-rules/ca1707) [/app/TWL.Tests/TWL.Tests.csproj]
/app/TWL.Tests/Skills/WaterSkillPackTests.cs(63,17): warning CA1707: Remove the underscores from member name TWL.Tests.Skills.WaterSkillPackTests.FrostBite_Targeting_Is_Correct() (https://learn.microsoft.com/dotnet/fundamentals/code-analysis/quality-rules/ca1707) [/app/TWL.Tests/TWL.Tests.csproj]
/app/TWL.Tests/Benchmarks/PlayerPersistenceBenchmark.cs(21,17): warning CA1816: Change PlayerPersistenceBenchmark.Dispose() to call GC.SuppressFinalize(object). This will prevent derived types that introduce a finalizer from needing to re-implement 'IDisposable' to call it. (https://learn.microsoft.com/dotnet/fundamentals/code-analysis/quality-rules/ca1816) [/app/TWL.Tests/TWL.Tests.csproj]
/app/TWL.Tests/Skills/WaterSkillPackTests.cs(76,17): warning CA1707: Remove the underscores from member name TWL.Tests.Skills.WaterSkillPackTests.FrostBite_Component_Logic_Works() (https://learn.microsoft.com/dotnet/fundamentals/code-analysis/quality-rules/ca1707) [/app/TWL.Tests/TWL.Tests.csproj]
/app/TWL.Tests/Skills/WaterSkillPackTests.cs(119,17): warning CA1707: Remove the underscores from member name TWL.Tests.Skills.WaterSkillPackTests.SoothingMist_Cleanse_And_Heal() (https://learn.microsoft.com/dotnet/fundamentals/code-analysis/quality-rules/ca1707) [/app/TWL.Tests/TWL.Tests.csproj]
/app/TWL.Tests/Benchmarks/PlayerPersistenceBenchmark.cs(29,28): warning CA1822: Member 'CreateDummyData' does not access instance data and can be marked as static (https://learn.microsoft.com/dotnet/fundamentals/code-analysis/quality-rules/ca1822) [/app/TWL.Tests/TWL.Tests.csproj]
/app/TWL.Tests/Combat/SkillLoadingTests.cs(31,17): warning CA1707: Remove the underscores from member name TWL.Tests.Combat.SkillLoadingTests.LoadSkills_ShouldPopulateRegistry() (https://learn.microsoft.com/dotnet/fundamentals/code-analysis/quality-rules/ca1707) [/app/TWL.Tests/TWL.Tests.csproj]
/app/TWL.Tests/Skills/WaterSkillPackTests.cs(145,9): warning xUnit2029: Do not use Assert.Empty to check if a value does not exist in a collection. Use Assert.DoesNotContain instead. (https://xunit.net/xunit.analyzers/rules/xUnit2029) [/app/TWL.Tests/TWL.Tests.csproj]
/app/TWL.Tests/Skills/WaterSkillPackTests.cs(146,9): warning xUnit2029: Do not use Assert.Empty to check if a value does not exist in a collection. Use Assert.DoesNotContain instead. (https://xunit.net/xunit.analyzers/rules/xUnit2029) [/app/TWL.Tests/TWL.Tests.csproj]
/app/TWL.Tests/Characters/ServerPetTests.cs(9,17): warning CA1707: Remove the underscores from member name TWL.Tests.Characters.ServerPetTests.Constructor_ShouldInitializeFromDefinition() (https://learn.microsoft.com/dotnet/fundamentals/code-analysis/quality-rules/ca1707) [/app/TWL.Tests/TWL.Tests.csproj]
/app/TWL.Tests/Skills/WaterSkillPackTests.cs(154,17): warning CA1707: Remove the underscores from member name TWL.Tests.Skills.WaterSkillPackTests.AquaCrescent_HitsRow_And_Slows() (https://learn.microsoft.com/dotnet/fundamentals/code-analysis/quality-rules/ca1707) [/app/TWL.Tests/TWL.Tests.csproj]
/app/TWL.Tests/Characters/ServerPetTests.cs(35,17): warning CA1707: Remove the underscores from member name TWL.Tests.Characters.ServerPetTests.AddExp_ShouldLevelUp_WhenExpExceedsThreshold() (https://learn.microsoft.com/dotnet/fundamentals/code-analysis/quality-rules/ca1707) [/app/TWL.Tests/TWL.Tests.csproj]
/app/TWL.Tests/Benchmarks/InventoryBenchmarkTests.cs(17,17): warning CA1707: Remove the underscores from member name TWL.Tests.Benchmarks.InventoryBenchmarkTests.Benchmark_HasItem_LargeList() (https://learn.microsoft.com/dotnet/fundamentals/code-analysis/quality-rules/ca1707) [/app/TWL.Tests/TWL.Tests.csproj]
/app/TWL.Tests/Benchmarks/JsonBenchmarkTests.cs(103,28): warning CA1822: Member 'DeserializeBad' does not access instance data and can be marked as static (https://learn.microsoft.com/dotnet/fundamentals/code-analysis/quality-rules/ca1822) [/app/TWL.Tests/TWL.Tests.csproj]
/app/TWL.Tests/Benchmarks/JsonBenchmarkTests.cs(110,28): warning CA1822: Member 'DeserializeCurrent' does not access instance data and can be marked as static (https://learn.microsoft.com/dotnet/fundamentals/code-analysis/quality-rules/ca1822) [/app/TWL.Tests/TWL.Tests.csproj]
/app/TWL.Tests/Benchmarks/JsonBenchmarkTests.cs(116,28): warning CA1822: Member 'DeserializeSourceGen' does not access instance data and can be marked as static (https://learn.microsoft.com/dotnet/fundamentals/code-analysis/quality-rules/ca1822) [/app/TWL.Tests/TWL.Tests.csproj]
/app/TWL.Tests/Characters/ServerPetTests.cs(60,17): warning CA1707: Remove the underscores from member name TWL.Tests.Characters.ServerPetTests.ChangeAmity_ShouldClampValues() (https://learn.microsoft.com/dotnet/fundamentals/code-analysis/quality-rules/ca1707) [/app/TWL.Tests/TWL.Tests.csproj]
/app/TWL.Tests/Characters/ElementConstraintTests.cs(8,17): warning CA1707: Remove the underscores from member name TWL.Tests.Characters.ElementConstraintTests.PlayerCharacter_CannotBeElementNone() (https://learn.microsoft.com/dotnet/fundamentals/code-analysis/quality-rules/ca1707) [/app/TWL.Tests/TWL.Tests.csproj]
/app/TWL.Tests/Characters/ElementConstraintTests.cs(14,17): warning CA1707: Remove the underscores from member name TWL.Tests.Characters.ElementConstraintTests.PetCharacter_CannotBeElementNone() (https://learn.microsoft.com/dotnet/fundamentals/code-analysis/quality-rules/ca1707) [/app/TWL.Tests/TWL.Tests.csproj]
/app/TWL.Tests/Skills/SkillProgressionTests.cs(8,17): warning CA1707: Remove the underscores from member name TWL.Tests.Skills.SkillProgressionTests.IncrementSkillUsage_UpdatesRank_Every10Uses() (https://learn.microsoft.com/dotnet/fundamentals/code-analysis/quality-rules/ca1707) [/app/TWL.Tests/TWL.Tests.csproj]
/app/TWL.Tests/Combat/SkillLoadingTests.cs(45,17): warning CA1707: Remove the underscores from member name TWL.Tests.Combat.SkillLoadingTests.BattleInstance_ShouldUseLoadedSkill() (https://learn.microsoft.com/dotnet/fundamentals/code-analysis/quality-rules/ca1707) [/app/TWL.Tests/TWL.Tests.csproj]
/app/TWL.Tests/Skills/WaterSkillPackTests.cs(31,36): warning CA1859: Change type of field '_skillCatalog' from 'TWL.Shared.Domain.Characters.ISkillCatalog' to 'TWL.Shared.Domain.Skills.SkillRegistry' for improved performance (https://learn.microsoft.com/dotnet/fundamentals/code-analysis/quality-rules/ca1859) [/app/TWL.Tests/TWL.Tests.csproj]
/app/TWL.Tests/CombatManagerConcurrencyTests.cs(20,17): warning CA1707: Remove the underscores from member name TWL.Tests.CombatManagerConcurrencyTests.CombatManager_ConcurrentAccess_ShouldNotCrash() (https://learn.microsoft.com/dotnet/fundamentals/code-analysis/quality-rules/ca1707) [/app/TWL.Tests/TWL.Tests.csproj]
/app/TWL.Tests/Benchmarks/EconomyRecoveryBenchmarks.cs(19,17): warning CA1707: Remove the underscores from member name TWL.Tests.Benchmarks.EconomyRecoveryBenchmarks.Benchmark_LedgerReplay_vs_Snapshot() (https://learn.microsoft.com/dotnet/fundamentals/code-analysis/quality-rules/ca1707) [/app/TWL.Tests/TWL.Tests.csproj]
/app/TWL.Tests/Skills/SkillProgressionTests.cs(28,17): warning CA1707: Remove the underscores from member name TWL.Tests.Skills.SkillProgressionTests.ReplaceSkill_ResetsRank() (https://learn.microsoft.com/dotnet/fundamentals/code-analysis/quality-rules/ca1707) [/app/TWL.Tests/TWL.Tests.csproj]
/app/TWL.Tests/Content/EarthPackTests.cs(53,17): warning CA1707: Remove the underscores from member name TWL.Tests.Content.EarthPackTests.RockSmash_ShouldDealPhysicalDamage() (https://learn.microsoft.com/dotnet/fundamentals/code-analysis/quality-rules/ca1707) [/app/TWL.Tests/TWL.Tests.csproj]
/app/TWL.Tests/Combat/SkillEvolutionTests.cs(46,17): warning CA1707: Remove the underscores from member name TWL.Tests.Combat.SkillEvolutionTests.UseSkill_IncrementsMastery() (https://learn.microsoft.com/dotnet/fundamentals/code-analysis/quality-rules/ca1707) [/app/TWL.Tests/TWL.Tests.csproj]
/app/TWL.Tests/Content/MonsterRulesTests.cs(11,17): warning CA1707: Remove the underscores from member name TWL.Tests.Content.MonsterRulesTests.ServerPet_Hydrate_ThrowsOnElementNone() (https://learn.microsoft.com/dotnet/fundamentals/code-analysis/quality-rules/ca1707) [/app/TWL.Tests/TWL.Tests.csproj]
/app/TWL.Tests/CombatManagerConcurrencyTests.cs(110,14): warning xUnit1031: Test methods should not use blocking task operations, as they can cause deadlocks. Use an async test method and await instead. (https://xunit.net/xunit.analyzers/rules/xUnit1031) [/app/TWL.Tests/TWL.Tests.csproj]
/app/TWL.Tests/Content/MonsterRulesTests.cs(27,17): warning CA1707: Remove the underscores from member name TWL.Tests.Content.MonsterRulesTests.ServerCharacter_DefaultsToEarth_WhenElementIsNone_OnCreation() (https://learn.microsoft.com/dotnet/fundamentals/code-analysis/quality-rules/ca1707) [/app/TWL.Tests/TWL.Tests.csproj]
/app/TWL.Tests/Content/EarthPackTests.cs(99,17): warning CA1707: Remove the underscores from member name TWL.Tests.Content.EarthPackTests.StoneBullet_ShouldDealMagicalDamage() (https://learn.microsoft.com/dotnet/fundamentals/code-analysis/quality-rules/ca1707) [/app/TWL.Tests/TWL.Tests.csproj]
/app/TWL.Tests/Skills/SkillProgressionTests.cs(45,17): warning CA1707: Remove the underscores from member name TWL.Tests.Skills.SkillProgressionTests.Persistence_SavesAndLoads_SkillMastery() (https://learn.microsoft.com/dotnet/fundamentals/code-analysis/quality-rules/ca1707) [/app/TWL.Tests/TWL.Tests.csproj]
/app/TWL.Tests/Content/ContentSafetyTests.cs(32,23): warning CA1869: Avoid creating a new 'JsonSerializerOptions' instance for every serialization operation. Cache and reuse instances instead. (https://learn.microsoft.com/dotnet/fundamentals/code-analysis/quality-rules/ca1869) [/app/TWL.Tests/TWL.Tests.csproj]
/app/TWL.Tests/Content/MonsterRulesTests.cs(56,17): warning CA1707: Remove the underscores from member name TWL.Tests.Content.MonsterRulesTests.MonsterManager_Validate_ElementNone_Requires_QuestOnly() (https://learn.microsoft.com/dotnet/fundamentals/code-analysis/quality-rules/ca1707) [/app/TWL.Tests/TWL.Tests.csproj]
/app/TWL.Tests/Content/EarthPackTests.cs(138,17): warning CA1707: Remove the underscores from member name TWL.Tests.Content.EarthPackTests.GaiasProtection_ShouldApplyBuff_AndRefreshDuration() (https://learn.microsoft.com/dotnet/fundamentals/code-analysis/quality-rules/ca1707) [/app/TWL.Tests/TWL.Tests.csproj]
/app/TWL.Tests/Combat/SkillEvolutionTests.cs(67,17): warning CA1707: Remove the underscores from member name TWL.Tests.Combat.SkillEvolutionTests.UseSkill_EvolvesSkill_WhenThresholdReached() (https://learn.microsoft.com/dotnet/fundamentals/code-analysis/quality-rules/ca1707) [/app/TWL.Tests/TWL.Tests.csproj]
/app/TWL.Tests/Domain/Skills/SpecialSkillTests.cs(14,17): warning CA1707: Remove the underscores from member name TWL.Tests.Domain.Skills.SpecialSkillTests.Deserialize_GoddessSkills_VerifyProperties() (https://learn.microsoft.com/dotnet/fundamentals/code-analysis/quality-rules/ca1707) [/app/TWL.Tests/TWL.Tests.csproj]
/app/TWL.Tests/Content/EarthPackTests.cs(161,20): warning CA1826: Do not use Enumerable methods on indexable collections. Instead use the collection directly. (https://learn.microsoft.com/dotnet/fundamentals/code-analysis/quality-rules/ca1826) [/app/TWL.Tests/TWL.Tests.csproj]
/app/TWL.Tests/Content/EarthPackTests.cs(181,29): warning CA1826: Do not use Enumerable methods on indexable collections. Instead use the collection directly. (https://learn.microsoft.com/dotnet/fundamentals/code-analysis/quality-rules/ca1826) [/app/TWL.Tests/TWL.Tests.csproj]
/app/TWL.Tests/Domain/Skills/SpecialSkillTests.cs(39,17): warning CA1707: Remove the underscores from member name TWL.Tests.Domain.Skills.SpecialSkillTests.CoreSkill_HasDefaultFamilyAndCategory() (https://learn.microsoft.com/dotnet/fundamentals/code-analysis/quality-rules/ca1707) [/app/TWL.Tests/TWL.Tests.csproj]
/app/TWL.Tests/Economy/TradeManagerTests.cs(32,17): warning CA1707: Remove the underscores from member name TWL.Tests.Economy.TradeManagerTests.ValidateTransfer_Unbound_ShouldAllow() (https://learn.microsoft.com/dotnet/fundamentals/code-analysis/quality-rules/ca1707) [/app/TWL.Tests/TWL.Tests.csproj]
/app/TWL.Tests/Economy/TradeManagerTests.cs(40,17): warning CA1707: Remove the underscores from member name TWL.Tests.Economy.TradeManagerTests.ValidateTransfer_BindOnEquip_ShouldAllow_WhenNotBound() (https://learn.microsoft.com/dotnet/fundamentals/code-analysis/quality-rules/ca1707) [/app/TWL.Tests/TWL.Tests.csproj]
/app/TWL.Tests/Domain/Skills/SpecialSkillTests.cs(58,17): warning CA1707: Remove the underscores from member name TWL.Tests.Domain.Skills.SpecialSkillTests.Deserialize_HitRules_VerifyProperties() (https://learn.microsoft.com/dotnet/fundamentals/code-analysis/quality-rules/ca1707) [/app/TWL.Tests/TWL.Tests.csproj]
/app/TWL.Tests/Content/EarthPackTests.cs(43,27): warning CA1822: Member 'CreateCombatManager' does not access instance data and can be marked as static (https://learn.microsoft.com/dotnet/fundamentals/code-analysis/quality-rules/ca1822) [/app/TWL.Tests/TWL.Tests.csproj]
/app/TWL.Tests/Content/EarthPackTests.cs(25,20): warning CA1822: Member 'GetContentRoot' does not access instance data and can be marked as static (https://learn.microsoft.com/dotnet/fundamentals/code-analysis/quality-rules/ca1822) [/app/TWL.Tests/TWL.Tests.csproj]
/app/TWL.Tests/Economy/TradeManagerTests.cs(56,17): warning CA1707: Remove the underscores from member name TWL.Tests.Economy.TradeManagerTests.ValidateTransfer_BindOnPickup_ShouldReject() (https://learn.microsoft.com/dotnet/fundamentals/code-analysis/quality-rules/ca1707) [/app/TWL.Tests/TWL.Tests.csproj]
/app/TWL.Tests/Economy/TradeManagerTests.cs(48,17): warning CA1707: Remove the underscores from member name TWL.Tests.Economy.TradeManagerTests.ValidateTransfer_BindOnEquip_ShouldReject_WhenBound() (https://learn.microsoft.com/dotnet/fundamentals/code-analysis/quality-rules/ca1707) [/app/TWL.Tests/TWL.Tests.csproj]
/app/TWL.Tests/Economy/TradeManagerTests.cs(66,17): warning CA1707: Remove the underscores from member name TWL.Tests.Economy.TradeManagerTests.ValidateTransfer_CharacterBound_ShouldReject() (https://learn.microsoft.com/dotnet/fundamentals/code-analysis/quality-rules/ca1707) [/app/TWL.Tests/TWL.Tests.csproj]
/app/TWL.Tests/Domain/Skills/SpecialSkillTests.cs(79,17): warning CA1707: Remove the underscores from member name TWL.Tests.Domain.Skills.SpecialSkillTests.Deserialize_UnlockRules_WithQuestFlag() (https://learn.microsoft.com/dotnet/fundamentals/code-analysis/quality-rules/ca1707) [/app/TWL.Tests/TWL.Tests.csproj]
/app/TWL.Tests/Combat/SkillEvolutionTests.cs(90,17): warning CA1707: Remove the underscores from member name TWL.Tests.Combat.SkillEvolutionTests.UseSkill_ConsumesSp() (https://learn.microsoft.com/dotnet/fundamentals/code-analysis/quality-rules/ca1707) [/app/TWL.Tests/TWL.Tests.csproj]
/app/TWL.Tests/Economy/TradeManagerTests.cs(74,17): warning CA1707: Remove the underscores from member name TWL.Tests.Economy.TradeManagerTests.ValidateTransfer_AccountBound_ShouldReject_DifferentCharacters() (https://learn.microsoft.com/dotnet/fundamentals/code-analysis/quality-rules/ca1707) [/app/TWL.Tests/TWL.Tests.csproj]
/app/TWL.Tests/Economy/TradeManagerTests.cs(83,17): warning CA1707: Remove the underscores from member name TWL.Tests.Economy.TradeManagerTests.ValidateTransfer_AccountBound_ShouldAllow_SameCharacter_Technically() (https://learn.microsoft.com/dotnet/fundamentals/code-analysis/quality-rules/ca1707) [/app/TWL.Tests/TWL.Tests.csproj]
/app/TWL.Tests/Domain/Skills/SpecialSkillTests.cs(99,17): warning CA1707: Remove the underscores from member name TWL.Tests.Domain.Skills.SpecialSkillTests.CombatManager_ApplySeal_UsesHitRules() (https://learn.microsoft.com/dotnet/fundamentals/code-analysis/quality-rules/ca1707) [/app/TWL.Tests/TWL.Tests.csproj]
/app/TWL.Tests/Content/ContentSafetyTests.cs(142,21): warning CA1310: The behavior of 'string.EndsWith(string)' could vary based on the current user's locale settings. Replace this call in 'TWL.Tests.Content.ContentSafetyTests.NoForbiddenTermsInSourceCode()' with a call to 'string.EndsWith(string, System.StringComparison)'. (https://learn.microsoft.com/dotnet/fundamentals/code-analysis/quality-rules/ca1310) [/app/TWL.Tests/TWL.Tests.csproj]
/app/TWL.Tests/Skills/SkillMechanicsTests.cs(36,17): warning CA1707: Remove the underscores from member name TWL.Tests.Skills.SkillMechanicsTests.UseSkill_OutcomePartial_AppliesHalvedEffect() (https://learn.microsoft.com/dotnet/fundamentals/code-analysis/quality-rules/ca1707) [/app/TWL.Tests/TWL.Tests.csproj]
/app/TWL.Tests/EscortQuestTests.cs(13,17): warning CA1707: Remove the underscores from member name TWL.Tests.EscortQuestTests.HandleCombatantDeath_ShouldFailQuest_WhenConditionMet() (https://learn.microsoft.com/dotnet/fundamentals/code-analysis/quality-rules/ca1707) [/app/TWL.Tests/TWL.Tests.csproj]
/app/TWL.Tests/Domain/Skills/SkillSystemTests_Burn.cs(10,17): warning CA1707: Remove the underscores from member name TWL.Tests.Domain.Skills.SkillSystemTests_Burn.TestBurnEffect_AppliedAndProcesses() (https://learn.microsoft.com/dotnet/fundamentals/code-analysis/quality-rules/ca1707) [/app/TWL.Tests/TWL.Tests.csproj]
/app/TWL.Tests/Skills/SkillMechanicsTests.cs(83,17): warning CA1707: Remove the underscores from member name TWL.Tests.Skills.SkillMechanicsTests.UseSkill_OutcomeImmunity_PreventsEffect() (https://learn.microsoft.com/dotnet/fundamentals/code-analysis/quality-rules/ca1707) [/app/TWL.Tests/TWL.Tests.csproj]
/app/TWL.Tests/Economy/TradeManagerTests.cs(93,17): warning CA1707: Remove the underscores from member name TWL.Tests.Economy.TradeManagerTests.TransferItem_Unbound_ShouldSucceed() (https://learn.microsoft.com/dotnet/fundamentals/code-analysis/quality-rules/ca1707) [/app/TWL.Tests/TWL.Tests.csproj]
/app/TWL.Tests/EscortQuestTests.cs(46,17): warning CA1707: Remove the underscores from member name TWL.Tests.EscortQuestTests.InteractionManager_ShouldConsumeItems_ForCompound() (https://learn.microsoft.com/dotnet/fundamentals/code-analysis/quality-rules/ca1707) [/app/TWL.Tests/TWL.Tests.csproj]
/app/TWL.Tests/Combat/SkillEffectTests.cs(42,17): warning CA1707: Remove the underscores from member name TWL.Tests.Combat.SkillEffectTests.Cleanse_Removes_Debuffs_And_Burns() (https://learn.microsoft.com/dotnet/fundamentals/code-analysis/quality-rules/ca1707) [/app/TWL.Tests/TWL.Tests.csproj]
/app/TWL.Tests/Domain/Skills/SkillSystemTests.cs(10,17): warning CA1707: Remove the underscores from member name TWL.Tests.Domain.Skills.SkillSystemTests.TestFireballSkill_LoadedFromJson_AndExecuted() (https://learn.microsoft.com/dotnet/fundamentals/code-analysis/quality-rules/ca1707) [/app/TWL.Tests/TWL.Tests.csproj]
/app/TWL.Tests/Skills/SkillMechanicsTests.cs(122,17): warning CA1707: Remove the underscores from member name TWL.Tests.Skills.SkillMechanicsTests.UseSkill_Cooldown_PreventsUsage() (https://learn.microsoft.com/dotnet/fundamentals/code-analysis/quality-rules/ca1707) [/app/TWL.Tests/TWL.Tests.csproj]
/app/TWL.Tests/Combat/SkillEffectTests.cs(62,71): warning CA1825: Avoid unnecessary zero-length array allocations.  Use Array.Empty<Character>() instead. (https://learn.microsoft.com/dotnet/fundamentals/code-analysis/quality-rules/ca1825) [/app/TWL.Tests/TWL.Tests.csproj]
/app/TWL.Tests/Domain/Skills/SkillSystemTests.cs(83,17): warning CA1707: Remove the underscores from member name TWL.Tests.Domain.Skills.SkillSystemTests.TestSkillSpCost_NotEnoughSp() (https://learn.microsoft.com/dotnet/fundamentals/code-analysis/quality-rules/ca1707) [/app/TWL.Tests/TWL.Tests.csproj]
/app/TWL.Tests/Features/Combat/UseSkillHandlerTests.cs(14,23): warning CA1707: Remove the underscores from member name TWL.Tests.Features.Combat.UseSkillHandlerTests.Handle_ShouldCallCombatManager() (https://learn.microsoft.com/dotnet/fundamentals/code-analysis/quality-rules/ca1707) [/app/TWL.Tests/TWL.Tests.csproj]
/app/TWL.Tests/Economy/TradeManagerTests.cs(108,17): warning CA1707: Remove the underscores from member name TWL.Tests.Economy.TradeManagerTests.TransferItem_BindOnPickup_ShouldFail() (https://learn.microsoft.com/dotnet/fundamentals/code-analysis/quality-rules/ca1707) [/app/TWL.Tests/TWL.Tests.csproj]
/app/TWL.Tests/Skills/SkillMechanicsTests.cs(152,17): warning CA1707: Remove the underscores from member name TWL.Tests.Skills.SkillMechanicsTests.StatusEngine_StackUpToN_IncrementsStacks() (https://learn.microsoft.com/dotnet/fundamentals/code-analysis/quality-rules/ca1707) [/app/TWL.Tests/TWL.Tests.csproj]
/app/TWL.Tests/Combat/SkillEffectTests.cs(86,17): warning CA1707: Remove the underscores from member name TWL.Tests.Combat.SkillEffectTests.Cleanse_Ignores_Buffs() (https://learn.microsoft.com/dotnet/fundamentals/code-analysis/quality-rules/ca1707) [/app/TWL.Tests/TWL.Tests.csproj]
/app/TWL.Tests/Combat/SkillEffectTests.cs(106,71): warning CA1825: Avoid unnecessary zero-length array allocations.  Use Array.Empty<Character>() instead. (https://learn.microsoft.com/dotnet/fundamentals/code-analysis/quality-rules/ca1825) [/app/TWL.Tests/TWL.Tests.csproj]
/app/TWL.Tests/Domain/Skills/SkillStackingTests.cs(26,17): warning CA1707: Remove the underscores from member name TWL.Tests.Domain.Skills.SkillStackingTests.AddStatusEffect_NoStackOverwrite_ShouldReplace() (https://learn.microsoft.com/dotnet/fundamentals/code-analysis/quality-rules/ca1707) [/app/TWL.Tests/TWL.Tests.csproj]
/app/TWL.Tests/Domain/Skills/SkillStackingTests.cs(48,17): warning CA1707: Remove the underscores from member name TWL.Tests.Domain.Skills.SkillStackingTests.AddStatusEffect_RefreshDuration_ShouldUpdateDuration() (https://learn.microsoft.com/dotnet/fundamentals/code-analysis/quality-rules/ca1707) [/app/TWL.Tests/TWL.Tests.csproj]
/app/TWL.Tests/Skills/SkillMechanicsTests.cs(184,17): warning CA1707: Remove the underscores from member name TWL.Tests.Skills.SkillMechanicsTests.UseSkill_Seal_HitChance_ScalesWithIntWis() (https://learn.microsoft.com/dotnet/fundamentals/code-analysis/quality-rules/ca1707) [/app/TWL.Tests/TWL.Tests.csproj]
/app/TWL.Tests/Features/Combat/SkillTargetingTests.cs(16,17): warning CA1707: Remove the underscores from member name TWL.Tests.Features.Combat.SkillTargetingTests.GetTargets_SingleEnemy_ReturnsPrimary() (https://learn.microsoft.com/dotnet/fundamentals/code-analysis/quality-rules/ca1707) [/app/TWL.Tests/TWL.Tests.csproj]
/app/TWL.Tests/Domain/Skills/SkillStackingTests.cs(68,17): warning CA1707: Remove the underscores from member name TWL.Tests.Domain.Skills.SkillStackingTests.AddStatusEffect_StackUpToN_ShouldIncrementStack() (https://learn.microsoft.com/dotnet/fundamentals/code-analysis/quality-rules/ca1707) [/app/TWL.Tests/TWL.Tests.csproj]
/app/TWL.Tests/Skills/SkillMechanicsTests.cs(223,17): warning CA1707: Remove the underscores from member name TWL.Tests.Skills.SkillMechanicsTests.UseSkill_Seal_HitChance_ClampsToMin() (https://learn.microsoft.com/dotnet/fundamentals/code-analysis/quality-rules/ca1707) [/app/TWL.Tests/TWL.Tests.csproj]
/app/TWL.Tests/ContentIntegrationTests.cs(9,20): warning CA1822: Member 'GetContentRoot' does not access instance data and can be marked as static (https://learn.microsoft.com/dotnet/fundamentals/code-analysis/quality-rules/ca1822) [/app/TWL.Tests/TWL.Tests.csproj]
/app/TWL.Tests/ContentIntegrationTests.cs(27,35): warning CA1822: Member 'GetJsonOptions' does not access instance data and can be marked as static (https://learn.microsoft.com/dotnet/fundamentals/code-analysis/quality-rules/ca1822) [/app/TWL.Tests/TWL.Tests.csproj]
/app/TWL.Tests/ContentIntegrationTests.cs(146,20): warning CA1822: Member 'GetRepoRoot' does not access instance data and can be marked as static (https://learn.microsoft.com/dotnet/fundamentals/code-analysis/quality-rules/ca1822) [/app/TWL.Tests/TWL.Tests.csproj]
/app/TWL.Tests/Features/Combat/SkillTargetingTests.cs(31,17): warning CA1707: Remove the underscores from member name TWL.Tests.Features.Combat.SkillTargetingTests.GetTargets_AllEnemies_ReturnsAllEnemies() (https://learn.microsoft.com/dotnet/fundamentals/code-analysis/quality-rules/ca1707) [/app/TWL.Tests/TWL.Tests.csproj]
/app/TWL.Tests/Combat/SkillEffectTests.cs(126,17): warning CA1707: Remove the underscores from member name TWL.Tests.Combat.SkillEffectTests.Shield_Mitigates_Damage() (https://learn.microsoft.com/dotnet/fundamentals/code-analysis/quality-rules/ca1707) [/app/TWL.Tests/TWL.Tests.csproj]
/app/TWL.Tests/InteractionTests.cs(30,17): warning CA1707: Remove the underscores from member name TWL.Tests.InteractionTests.ProcessInteraction_ShouldGiveReward_WhenGatherType() (https://learn.microsoft.com/dotnet/fundamentals/code-analysis/quality-rules/ca1707) [/app/TWL.Tests/TWL.Tests.csproj]
/app/TWL.Tests/Economy/TradeManagerTests.cs(123,17): warning CA1707: Remove the underscores from member name TWL.Tests.Economy.TradeManagerTests.TransferItem_BindOnEquip_ShouldSucceed_WhenNotBound() (https://learn.microsoft.com/dotnet/fundamentals/code-analysis/quality-rules/ca1707) [/app/TWL.Tests/TWL.Tests.csproj]
/app/TWL.Tests/Features/Combat/SkillTargetingTests.cs(47,17): warning CA1707: Remove the underscores from member name TWL.Tests.Features.Combat.SkillTargetingTests.GetTargets_Self_ReturnsSelf() (https://learn.microsoft.com/dotnet/fundamentals/code-analysis/quality-rules/ca1707) [/app/TWL.Tests/TWL.Tests.csproj]
/app/TWL.Tests/Features/Combat/SkillTargetingTests.cs(10,29): warning CA1822: Member 'CreateChar' does not access instance data and can be marked as static (https://learn.microsoft.com/dotnet/fundamentals/code-analysis/quality-rules/ca1822) [/app/TWL.Tests/TWL.Tests.csproj]
/app/TWL.Tests/Integration/GameLoopTests.cs(9,17): warning CA1707: Remove the underscores from member name TWL.Tests.Integration.GameLoopTests.FullBattleLoop_Simulation() (https://learn.microsoft.com/dotnet/fundamentals/code-analysis/quality-rules/ca1707) [/app/TWL.Tests/TWL.Tests.csproj]
/app/TWL.Tests/InteractionTests.cs(53,17): warning CA1707: Remove the underscores from member name TWL.Tests.InteractionTests.ProcessInteraction_ShouldFail_WhenQuestRequiredButNotActive() (https://learn.microsoft.com/dotnet/fundamentals/code-analysis/quality-rules/ca1707) [/app/TWL.Tests/TWL.Tests.csproj]
/app/TWL.Tests/Domain/Skills/SkillStackingTests.cs(106,17): warning CA1707: Remove the underscores from member name TWL.Tests.Domain.Skills.SkillStackingTests.AddStatusEffect_PriorityConflict_ShouldOverwriteLowerPriority() (https://learn.microsoft.com/dotnet/fundamentals/code-analysis/quality-rules/ca1707) [/app/TWL.Tests/TWL.Tests.csproj]
/app/TWL.Tests/Maps/MapValidator.cs(24,19): warning CA2201: Exception type System.Exception is not sufficiently specific (https://learn.microsoft.com/dotnet/fundamentals/code-analysis/quality-rules/ca2201) [/app/TWL.Tests/TWL.Tests.csproj]
/app/TWL.Tests/Migration/SkillMigrationTests.cs(9,17): warning CA1707: Remove the underscores from member name TWL.Tests.Migration.SkillMigrationTests.CanonicalIds_MapTo_NewNames() (https://learn.microsoft.com/dotnet/fundamentals/code-analysis/quality-rules/ca1707) [/app/TWL.Tests/TWL.Tests.csproj]
/app/TWL.Tests/Domain/Skills/SkillStackingTests.cs(130,17): warning CA1707: Remove the underscores from member name TWL.Tests.Domain.Skills.SkillStackingTests.AddStatusEffect_PriorityConflict_ShouldIgnoreLowerPriority() (https://learn.microsoft.com/dotnet/fundamentals/code-analysis/quality-rules/ca1707) [/app/TWL.Tests/TWL.Tests.csproj]
/app/TWL.Tests/InteractionTests.cs(77,17): warning CA1707: Remove the underscores from member name TWL.Tests.InteractionTests.ProcessInteraction_ShouldSucceed_WhenQuestRequiredAndActive() (https://learn.microsoft.com/dotnet/fundamentals/code-analysis/quality-rules/ca1707) [/app/TWL.Tests/TWL.Tests.csproj]
/app/TWL.Tests/HiddenRuinsQuestTests.cs(34,17): warning CA1707: Remove the underscores from member name TWL.Tests.HiddenRuinsQuestTests.HiddenRuins_FullChain_Progression() (https://learn.microsoft.com/dotnet/fundamentals/code-analysis/quality-rules/ca1707) [/app/TWL.Tests/TWL.Tests.csproj]
/app/TWL.Tests/Domain/Skills/SkillRulesTests.cs(16,17): warning CA1707: Remove the underscores from member name TWL.Tests.Domain.Skills.SkillRulesTests.StackingPolicy_StackUpToN_IncrementsAndRefreshes() (https://learn.microsoft.com/dotnet/fundamentals/code-analysis/quality-rules/ca1707) [/app/TWL.Tests/TWL.Tests.csproj]
/app/TWL.Tests/Combat/SkillEffectTests.cs(190,17): warning CA1707: Remove the underscores from member name TWL.Tests.Combat.SkillEffectTests.Shield_Mitigates_Damage_With_HP_Check() (https://learn.microsoft.com/dotnet/fundamentals/code-analysis/quality-rules/ca1707) [/app/TWL.Tests/TWL.Tests.csproj]
/app/TWL.Tests/InteractionTests.cs(103,17): warning CA1707: Remove the underscores from member name TWL.Tests.InteractionTests.ProcessInteraction_ShouldCraft_WhenItemsPresent() (https://learn.microsoft.com/dotnet/fundamentals/code-analysis/quality-rules/ca1707) [/app/TWL.Tests/TWL.Tests.csproj]
/app/TWL.Tests/Performance/QuestPerformanceTests.cs(54,17): warning CA1707: Remove the underscores from member name TWL.Tests.Performance.QuestPerformanceTests.Benchmark_HandleInteract_Allocations() (https://learn.microsoft.com/dotnet/fundamentals/code-analysis/quality-rules/ca1707) [/app/TWL.Tests/TWL.Tests.csproj]
/app/TWL.Tests/HiddenCoveTests.cs(34,17): warning CA1707: Remove the underscores from member name TWL.Tests.HiddenCoveTests.HiddenCove_Chain_Progression() (https://learn.microsoft.com/dotnet/fundamentals/code-analysis/quality-rules/ca1707) [/app/TWL.Tests/TWL.Tests.csproj]
/app/TWL.Tests/Performance/QuestPerformanceTests.cs(105,17): warning CA1707: Remove the underscores from member name TWL.Tests.Performance.QuestPerformanceTests.Benchmark_HandleItemAdded() (https://learn.microsoft.com/dotnet/fundamentals/code-analysis/quality-rules/ca1707) [/app/TWL.Tests/TWL.Tests.csproj]
/app/TWL.Tests/InteractionTests.cs(129,17): warning CA1707: Remove the underscores from member name TWL.Tests.InteractionTests.ProcessInteraction_ShouldFailCraft_WhenItemsMissing() (https://learn.microsoft.com/dotnet/fundamentals/code-analysis/quality-rules/ca1707) [/app/TWL.Tests/TWL.Tests.csproj]
/app/TWL.Tests/Performance/QuestPerformanceTests.cs(20,32): warning CA1822: Member 'CreateQuestManager' does not access instance data and can be marked as static (https://learn.microsoft.com/dotnet/fundamentals/code-analysis/quality-rules/ca1822) [/app/TWL.Tests/TWL.Tests.csproj]
/app/TWL.Tests/Economy/TradeManagerTests.cs(139,17): warning CA1707: Remove the underscores from member name TWL.Tests.Economy.TradeManagerTests.TransferItem_InsufficientQuantity_ShouldFail() (https://learn.microsoft.com/dotnet/fundamentals/code-analysis/quality-rules/ca1707) [/app/TWL.Tests/TWL.Tests.csproj]
/app/TWL.Tests/Economy/EconomyDoubleSpendTests.cs(17,17): warning CA1707: Remove the underscores from member name TWL.Tests.Economy.EconomyDoubleSpendTests.Should_Prevent_Double_Spend_When_Ledger_Is_Pending_But_Char_Processed() (https://learn.microsoft.com/dotnet/fundamentals/code-analysis/quality-rules/ca1707) [/app/TWL.Tests/TWL.Tests.csproj]
/app/TWL.Tests/InteractionTests.cs(150,18): warning CA1822: Member 'SaveInteractions' does not access instance data and can be marked as static (https://learn.microsoft.com/dotnet/fundamentals/code-analysis/quality-rules/ca1822) [/app/TWL.Tests/TWL.Tests.csproj]
/app/TWL.Tests/Domain/Skills/SkillRulesTests.cs(52,17): warning CA1707: Remove the underscores from member name TWL.Tests.Domain.Skills.SkillRulesTests.StackingPolicy_NoStackOverwrite_ReplacesExisting() (https://learn.microsoft.com/dotnet/fundamentals/code-analysis/quality-rules/ca1707) [/app/TWL.Tests/TWL.Tests.csproj]
/app/TWL.Tests/Performance/EconomyLedgerBenchmark.cs(46,13): warning CA1305: The behavior of 'StringBuilder.AppendLine(ref StringBuilder.AppendInterpolatedStringHandler)' could vary based on the current user's locale settings. Replace this call in 'EconomyLedgerBenchmark.GenerateLedger(int)' with a call to 'StringBuilder.AppendLine(IFormatProvider, ref StringBuilder.AppendInterpolatedStringHandler)'. (https://learn.microsoft.com/dotnet/fundamentals/code-analysis/quality-rules/ca1305) [/app/TWL.Tests/TWL.Tests.csproj]
/app/TWL.Tests/Performance/EconomyLedgerBenchmark.cs(54,17): warning CA1707: Remove the underscores from member name TWL.Tests.Performance.EconomyLedgerBenchmark.Benchmark_ReplayLedger() (https://learn.microsoft.com/dotnet/fundamentals/code-analysis/quality-rules/ca1707) [/app/TWL.Tests/TWL.Tests.csproj]
/app/TWL.Tests/HiddenCoveTests.cs(110,17): warning CA1707: Remove the underscores from member name TWL.Tests.HiddenCoveTests.HiddenCove_Sidequest_Fisherman() (https://learn.microsoft.com/dotnet/fundamentals/code-analysis/quality-rules/ca1707) [/app/TWL.Tests/TWL.Tests.csproj]
/app/TWL.Tests/Performance/EconomyLedgerBenchmark.cs(17,20): warning CA1822: Member 'GenerateLedger' does not access instance data and can be marked as static (https://learn.microsoft.com/dotnet/fundamentals/code-analysis/quality-rules/ca1822) [/app/TWL.Tests/TWL.Tests.csproj]
/app/TWL.Tests/Persistence/PlayerServiceReliabilityTests.cs(47,23): warning CA1707: Remove the underscores from member name TWL.Tests.Persistence.PlayerServiceReliabilityTests.Flush_SavesOnlyDirtySessions() (https://learn.microsoft.com/dotnet/fundamentals/code-analysis/quality-rules/ca1707) [/app/TWL.Tests/TWL.Tests.csproj]
/app/TWL.Tests/Skills/SkillInfrastructureTests.cs(122,19): warning CA2201: Exception type System.Exception is not sufficiently specific (https://learn.microsoft.com/dotnet/fundamentals/code-analysis/quality-rules/ca2201) [/app/TWL.Tests/TWL.Tests.csproj]
/app/TWL.Tests/Maps/MapValidationTests.cs(67,62): warning CA1869: Avoid creating a new 'JsonSerializerOptions' instance for every serialization operation. Cache and reuse instances instead. (https://learn.microsoft.com/dotnet/fundamentals/code-analysis/quality-rules/ca1869) [/app/TWL.Tests/TWL.Tests.csproj]
/app/TWL.Tests/Combat/SkillEffectTests.cs(234,17): warning CA1707: Remove the underscores from member name TWL.Tests.Combat.SkillEffectTests.Shield_Absorbs_Partially_And_Persists() (https://learn.microsoft.com/dotnet/fundamentals/code-analysis/quality-rules/ca1707) [/app/TWL.Tests/TWL.Tests.csproj]
/app/TWL.Tests/Domain/Skills/SkillRulesTests.cs(80,17): warning CA1707: Remove the underscores from member name TWL.Tests.Domain.Skills.SkillRulesTests.Resistance_PartialOutcome_ReducesDurationAndMagnitude() (https://learn.microsoft.com/dotnet/fundamentals/code-analysis/quality-rules/ca1707) [/app/TWL.Tests/TWL.Tests.csproj]
/app/TWL.Tests/Persistence/PlayerServiceReliabilityTests.cs(77,23): warning CA1707: Remove the underscores from member name TWL.Tests.Persistence.PlayerServiceReliabilityTests.Flush_RetainsDirtyFlag_OnFailure() (https://learn.microsoft.com/dotnet/fundamentals/code-analysis/quality-rules/ca1707) [/app/TWL.Tests/TWL.Tests.csproj]
/app/TWL.Tests/Skills/SkillInfrastructureTests.cs(12,17): warning CA1707: Remove the underscores from member name TWL.Tests.Skills.SkillInfrastructureTests.LoadSkills_ParsesSpecialProperties() (https://learn.microsoft.com/dotnet/fundamentals/code-analysis/quality-rules/ca1707) [/app/TWL.Tests/TWL.Tests.csproj]
/app/TWL.Tests/Maps/MapValidationTests.cs(84,61): warning CA1869: Avoid creating a new 'JsonSerializerOptions' instance for every serialization operation. Cache and reuse instances instead. (https://learn.microsoft.com/dotnet/fundamentals/code-analysis/quality-rules/ca1869) [/app/TWL.Tests/TWL.Tests.csproj]
/app/TWL.Tests/Maps/MapValidator.cs(43,19): warning CA2201: Exception type System.Exception is not sufficiently specific (https://learn.microsoft.com/dotnet/fundamentals/code-analysis/quality-rules/ca2201) [/app/TWL.Tests/TWL.Tests.csproj]
/app/TWL.Tests/Maps/MapValidator.cs(49,19): warning CA2201: Exception type System.Exception is not sufficiently specific (https://learn.microsoft.com/dotnet/fundamentals/code-analysis/quality-rules/ca2201) [/app/TWL.Tests/TWL.Tests.csproj]
/app/TWL.Tests/Maps/MapValidator.cs(60,23): warning CA2201: Exception type System.Exception is not sufficiently specific (https://learn.microsoft.com/dotnet/fundamentals/code-analysis/quality-rules/ca2201) [/app/TWL.Tests/TWL.Tests.csproj]
/app/TWL.Tests/Maps/MapValidator.cs(73,23): warning CA2201: Exception type System.Exception is not sufficiently specific (https://learn.microsoft.com/dotnet/fundamentals/code-analysis/quality-rules/ca2201) [/app/TWL.Tests/TWL.Tests.csproj]
/app/TWL.Tests/Maps/MapValidator.cs(78,23): warning CA2201: Exception type System.Exception is not sufficiently specific (https://learn.microsoft.com/dotnet/fundamentals/code-analysis/quality-rules/ca2201) [/app/TWL.Tests/TWL.Tests.csproj]
/app/TWL.Tests/Maps/MapValidator.cs(89,23): warning CA2201: Exception type System.Exception is not sufficiently specific (https://learn.microsoft.com/dotnet/fundamentals/code-analysis/quality-rules/ca2201) [/app/TWL.Tests/TWL.Tests.csproj]
/app/TWL.Tests/Maps/MapValidator.cs(100,23): warning CA2201: Exception type System.Exception is not sufficiently specific (https://learn.microsoft.com/dotnet/fundamentals/code-analysis/quality-rules/ca2201) [/app/TWL.Tests/TWL.Tests.csproj]
/app/TWL.Tests/Domain/Skills/SkillRulesTests.cs(133,17): warning CA1707: Remove the underscores from member name TWL.Tests.Domain.Skills.SkillRulesTests.Resistance_FullOutcome_BlocksApplication() (https://learn.microsoft.com/dotnet/fundamentals/code-analysis/quality-rules/ca1707) [/app/TWL.Tests/TWL.Tests.csproj]
/app/TWL.Tests/QuestFlagsTests.cs(71,17): warning CA1707: Remove the underscores from member name TWL.Tests.QuestFlagsTests.StartQuest_ShouldFail_WhenMissingRequiredFlag() (https://learn.microsoft.com/dotnet/fundamentals/code-analysis/quality-rules/ca1707) [/app/TWL.Tests/TWL.Tests.csproj]
/app/TWL.Tests/QuestRuinsExpansionTests.cs(38,17): warning CA1707: Remove the underscores from member name TWL.Tests.QuestRuinsExpansionTests.SecretsOfTheRuins_Chain_Progression() (https://learn.microsoft.com/dotnet/fundamentals/code-analysis/quality-rules/ca1707) [/app/TWL.Tests/TWL.Tests.csproj]
/app/TWL.Tests/Economy/TradeManagerTests.cs(154,17): warning CA1707: Remove the underscores from member name TWL.Tests.Economy.TradeManagerTests.TransferItem_TargetInventoryFull_ShouldRollback() (https://learn.microsoft.com/dotnet/fundamentals/code-analysis/quality-rules/ca1707) [/app/TWL.Tests/TWL.Tests.csproj]
/app/TWL.Tests/Skills/SkillInfrastructureTests.cs(57,17): warning CA1707: Remove the underscores from member name TWL.Tests.Skills.SkillInfrastructureTests.GoddessSkills_Granted_OnLogin_Water() (https://learn.microsoft.com/dotnet/fundamentals/code-analysis/quality-rules/ca1707) [/app/TWL.Tests/TWL.Tests.csproj]
/app/TWL.Tests/Domain/Pets/PetSwitchingTests.cs(9,17): warning CA1707: Remove the underscores from member name TWL.Tests.Domain.Pets.PetSwitchingTests.SetActivePet_ShouldWork_WhenPetOwned() (https://learn.microsoft.com/dotnet/fundamentals/code-analysis/quality-rules/ca1707) [/app/TWL.Tests/TWL.Tests.csproj]
/app/TWL.Tests/Domain/Pets/PetSwitchingTests.cs(27,17): warning CA1707: Remove the underscores from member name TWL.Tests.Domain.Pets.PetSwitchingTests.SetActivePet_ShouldFail_WhenPetNotOwned() (https://learn.microsoft.com/dotnet/fundamentals/code-analysis/quality-rules/ca1707) [/app/TWL.Tests/TWL.Tests.csproj]
/app/TWL.Tests/QuestRuinsExpansionTests.cs(87,17): warning CA1707: Remove the underscores from member name TWL.Tests.QuestRuinsExpansionTests.Sidequest_BatWings() (https://learn.microsoft.com/dotnet/fundamentals/code-analysis/quality-rules/ca1707) [/app/TWL.Tests/TWL.Tests.csproj]
/app/TWL.Tests/Skills/SkillInfrastructureTests.cs(74,17): warning CA1707: Remove the underscores from member name TWL.Tests.Skills.SkillInfrastructureTests.GoddessSkills_Granted_OnLogin_Fire() (https://learn.microsoft.com/dotnet/fundamentals/code-analysis/quality-rules/ca1707) [/app/TWL.Tests/TWL.Tests.csproj]
/app/TWL.Tests/Combat/ServerWaterSkillTests.cs(25,17): warning CA1707: Remove the underscores from member name TWL.Tests.Combat.ServerWaterSkillTests.AquaImpact_ShouldDealDamage() (https://learn.microsoft.com/dotnet/fundamentals/code-analysis/quality-rules/ca1707) [/app/TWL.Tests/TWL.Tests.csproj]
/app/TWL.Tests/Skills/SkillInfrastructureTests.cs(86,17): warning CA1707: Remove the underscores from member name TWL.Tests.Skills.SkillInfrastructureTests.RealSkillsJson_IsValid() (https://learn.microsoft.com/dotnet/fundamentals/code-analysis/quality-rules/ca1707) [/app/TWL.Tests/TWL.Tests.csproj]
/app/TWL.Tests/Maps/MapValidator.cs(117,23): warning CA2201: Exception type System.Exception is not sufficiently specific (https://learn.microsoft.com/dotnet/fundamentals/code-analysis/quality-rules/ca2201) [/app/TWL.Tests/TWL.Tests.csproj]
/app/TWL.Tests/Maps/MapValidator.cs(123,23): warning CA2201: Exception type System.Exception is not sufficiently specific (https://learn.microsoft.com/dotnet/fundamentals/code-analysis/quality-rules/ca2201) [/app/TWL.Tests/TWL.Tests.csproj]
/app/TWL.Tests/Economy/TradeManagerTests.cs(170,17): warning CA1707: Remove the underscores from member name TWL.Tests.Economy.TradeManagerTests.TransferItem_SelfTransfer_ShouldFail() (https://learn.microsoft.com/dotnet/fundamentals/code-analysis/quality-rules/ca1707) [/app/TWL.Tests/TWL.Tests.csproj]
/app/TWL.Tests/Domain/Pets/PetSwitchingTests.cs(37,17): warning CA1707: Remove the underscores from member name TWL.Tests.Domain.Pets.PetSwitchingTests.SetActivePet_ShouldClear_WhenNullPassed() (https://learn.microsoft.com/dotnet/fundamentals/code-analysis/quality-rules/ca1707) [/app/TWL.Tests/TWL.Tests.csproj]
/app/TWL.Tests/QuestFlagsTests.cs(78,17): warning CA1707: Remove the underscores from member name TWL.Tests.QuestFlagsTests.FlagFlow_ShouldWork() (https://learn.microsoft.com/dotnet/fundamentals/code-analysis/quality-rules/ca1707) [/app/TWL.Tests/TWL.Tests.csproj]
/app/TWL.Tests/Persistence/PlayerServiceReliabilityTests.cs(98,23): warning CA1707: Remove the underscores from member name TWL.Tests.Persistence.PlayerServiceReliabilityTests.Benchmark_Flush_Performance() (https://learn.microsoft.com/dotnet/fundamentals/code-analysis/quality-rules/ca1707) [/app/TWL.Tests/TWL.Tests.csproj]
/app/TWL.Tests/Localization/LocalizationValidationTests.cs(42,20): warning CA1822: Member 'FindSolutionRoot' does not access instance data and can be marked as static (https://learn.microsoft.com/dotnet/fundamentals/code-analysis/quality-rules/ca1822) [/app/TWL.Tests/TWL.Tests.csproj]
/app/TWL.Tests/Localization/Audit/LocalizationAuditorTests.cs(42,17): warning CA1816: Change LocalizationAuditorTests.Dispose() to call GC.SuppressFinalize(object). This will prevent derived types that introduce a finalizer from needing to re-implement 'IDisposable' to call it. (https://learn.microsoft.com/dotnet/fundamentals/code-analysis/quality-rules/ca1816) [/app/TWL.Tests/TWL.Tests.csproj]
/app/TWL.Tests/Localization/Audit/LocalizationAuditorTests.cs(51,17): warning CA1707: Remove the underscores from member name TWL.Tests.Localization.Audit.LocalizationAuditorTests.RunAudit_DetectsMissingKeys_FromCode() (https://learn.microsoft.com/dotnet/fundamentals/code-analysis/quality-rules/ca1707) [/app/TWL.Tests/TWL.Tests.csproj]
/app/TWL.Tests/Combat/ServerWaterSkillTests.cs(61,17): warning CA1707: Remove the underscores from member name TWL.Tests.Combat.ServerWaterSkillTests.AquaRecover_ShouldHeal_AndNotDealDamage() (https://learn.microsoft.com/dotnet/fundamentals/code-analysis/quality-rules/ca1707) [/app/TWL.Tests/TWL.Tests.csproj]
/app/TWL.Tests/Persistence/PlayerServiceReliabilityTests.cs(31,19): warning CA2201: Exception type System.Exception is not sufficiently specific (https://learn.microsoft.com/dotnet/fundamentals/code-analysis/quality-rules/ca2201) [/app/TWL.Tests/TWL.Tests.csproj]
/app/TWL.Tests/Maps/MapValidator.cs(136,23): warning CA2201: Exception type System.Exception is not sufficiently specific (https://learn.microsoft.com/dotnet/fundamentals/code-analysis/quality-rules/ca2201) [/app/TWL.Tests/TWL.Tests.csproj]
/app/TWL.Tests/Maps/MapValidator.cs(141,23): warning CA2201: Exception type System.Exception is not sufficiently specific (https://learn.microsoft.com/dotnet/fundamentals/code-analysis/quality-rules/ca2201) [/app/TWL.Tests/TWL.Tests.csproj]
/app/TWL.Tests/Quests/TimeLimitedQuestTests.cs(42,17): warning CA1707: Remove the underscores from member name TWL.Tests.Quests.TimeLimitedQuestTests.StartQuest_ShouldRecordStartTime() (https://learn.microsoft.com/dotnet/fundamentals/code-analysis/quality-rules/ca1707) [/app/TWL.Tests/TWL.Tests.csproj]
/app/TWL.Tests/QuestSystemTests.cs(54,17): warning CA1707: Remove the underscores from member name TWL.Tests.QuestSystemTests.StartQuest_ShouldSucceed_WhenRequirementsMet() (https://learn.microsoft.com/dotnet/fundamentals/code-analysis/quality-rules/ca1707) [/app/TWL.Tests/TWL.Tests.csproj]
/app/TWL.Tests/Quests/TimeLimitedQuestTests.cs(50,17): warning CA1707: Remove the underscores from member name TWL.Tests.Quests.TimeLimitedQuestTests.UpdateProgress_ShouldFail_IfTimeExpired() (https://learn.microsoft.com/dotnet/fundamentals/code-analysis/quality-rules/ca1707) [/app/TWL.Tests/TWL.Tests.csproj]
/app/TWL.Tests/QuestSystemTests.cs(62,17): warning CA1707: Remove the underscores from member name TWL.Tests.QuestSystemTests.StartQuest_ShouldFail_WhenRequirementsNotMet() (https://learn.microsoft.com/dotnet/fundamentals/code-analysis/quality-rules/ca1707) [/app/TWL.Tests/TWL.Tests.csproj]
/app/TWL.Tests/Combat/ServerFireSkillTests.cs(30,17): warning CA1707: Remove the underscores from member name TWL.Tests.Combat.ServerFireSkillTests.FlameSmash_ShouldDealDamage_WithElementalAdvantage() (https://learn.microsoft.com/dotnet/fundamentals/code-analysis/quality-rules/ca1707) [/app/TWL.Tests/TWL.Tests.csproj]
/app/TWL.Tests/QuestFlagsTests.cs(102,17): warning CA1707: Remove the underscores from member name TWL.Tests.QuestFlagsTests.RepeatableQuest_ShouldAllowRestart() (https://learn.microsoft.com/dotnet/fundamentals/code-analysis/quality-rules/ca1707) [/app/TWL.Tests/TWL.Tests.csproj]
/app/TWL.Tests/Maps/MapValidator.cs(164,23): warning CA2201: Exception type System.Exception is not sufficiently specific (https://learn.microsoft.com/dotnet/fundamentals/code-analysis/quality-rules/ca2201) [/app/TWL.Tests/TWL.Tests.csproj]
/app/TWL.Tests/Maps/MapValidator.cs(170,23): warning CA2201: Exception type System.Exception is not sufficiently specific (https://learn.microsoft.com/dotnet/fundamentals/code-analysis/quality-rules/ca2201) [/app/TWL.Tests/TWL.Tests.csproj]
/app/TWL.Tests/Maps/MapValidator.cs(177,23): warning CA2201: Exception type System.Exception is not sufficiently specific (https://learn.microsoft.com/dotnet/fundamentals/code-analysis/quality-rules/ca2201) [/app/TWL.Tests/TWL.Tests.csproj]
/app/TWL.Tests/Maps/MapValidator.cs(182,23): warning CA2201: Exception type System.Exception is not sufficiently specific (https://learn.microsoft.com/dotnet/fundamentals/code-analysis/quality-rules/ca2201) [/app/TWL.Tests/TWL.Tests.csproj]
/app/TWL.Tests/QuestFlagsTests.cs(125,17): warning CA1707: Remove the underscores from member name TWL.Tests.QuestFlagsTests.NonRepeatableQuest_ShouldNotAllowRestart() (https://learn.microsoft.com/dotnet/fundamentals/code-analysis/quality-rules/ca1707) [/app/TWL.Tests/TWL.Tests.csproj]
/app/TWL.Tests/QuestSystemTests.cs(70,17): warning CA1707: Remove the underscores from member name TWL.Tests.QuestSystemTests.UpdateProgress_ShouldCompleteQuest_WhenObjectivesMet() (https://learn.microsoft.com/dotnet/fundamentals/code-analysis/quality-rules/ca1707) [/app/TWL.Tests/TWL.Tests.csproj]
/app/TWL.Tests/Persistence/PersistenceTests.cs(16,17): warning CA1816: Change PersistenceTests.Dispose() to call GC.SuppressFinalize(object). This will prevent derived types that introduce a finalizer from needing to re-implement 'IDisposable' to call it. (https://learn.microsoft.com/dotnet/fundamentals/code-analysis/quality-rules/ca1816) [/app/TWL.Tests/TWL.Tests.csproj]
/app/TWL.Tests/Reliability/WorldLoopObservabilityTests.cs(10,23): warning CA1707: Remove the underscores from member name TWL.Tests.Reliability.WorldLoopObservabilityTests.SlowTasks_AreRecordedInMetrics() (https://learn.microsoft.com/dotnet/fundamentals/code-analysis/quality-rules/ca1707) [/app/TWL.Tests/TWL.Tests.csproj]
/app/TWL.Tests/Quests/TimeLimitedQuestTests.cs(64,17): warning CA1707: Remove the underscores from member name TWL.Tests.Quests.TimeLimitedQuestTests.UpdateProgress_ShouldSucceed_IfWithinTime() (https://learn.microsoft.com/dotnet/fundamentals/code-analysis/quality-rules/ca1707) [/app/TWL.Tests/TWL.Tests.csproj]
/app/TWL.Tests/Maps/MapValidator.cs(209,19): warning CA2201: Exception type System.Exception is not sufficiently specific (https://learn.microsoft.com/dotnet/fundamentals/code-analysis/quality-rules/ca2201) [/app/TWL.Tests/TWL.Tests.csproj]
/app/TWL.Tests/Economy/TradeManagerTests.cs(184,17): warning CA1707: Remove the underscores from member name TWL.Tests.Economy.TradeManagerTests.TransferItem_MixedPolicies_ShouldOnlyTransferTradable() (https://learn.microsoft.com/dotnet/fundamentals/code-analysis/quality-rules/ca1707) [/app/TWL.Tests/TWL.Tests.csproj]
/app/TWL.Tests/QuestSystemTests.cs(83,17): warning CA1707: Remove the underscores from member name TWL.Tests.QuestSystemTests.ClaimReward_ShouldSucceed_WhenQuestCompleted() (https://learn.microsoft.com/dotnet/fundamentals/code-analysis/quality-rules/ca1707) [/app/TWL.Tests/TWL.Tests.csproj]
/app/TWL.Tests/Skills/FireSkillPackTests.cs(59,17): warning CA1707: Remove the underscores from member name TWL.Tests.Skills.FireSkillPackTests.BlazingStrike_IsLoaded_And_UnlockedByT1() (https://learn.microsoft.com/dotnet/fundamentals/code-analysis/quality-rules/ca1707) [/app/TWL.Tests/TWL.Tests.csproj]
/app/TWL.Tests/QuestSystemTests.cs(94,17): warning CA1707: Remove the underscores from member name TWL.Tests.QuestSystemTests.StartQuest_ShouldSucceed_AfterPrerequisiteClaimed() (https://learn.microsoft.com/dotnet/fundamentals/code-analysis/quality-rules/ca1707) [/app/TWL.Tests/TWL.Tests.csproj]
/app/TWL.Tests/Combat/ServerFireSkillTests.cs(71,17): warning CA1707: Remove the underscores from member name TWL.Tests.Combat.ServerFireSkillTests.FieryWill_ShouldBuffAtk() (https://learn.microsoft.com/dotnet/fundamentals/code-analysis/quality-rules/ca1707) [/app/TWL.Tests/TWL.Tests.csproj]
/app/TWL.Tests/Maps/MapValidator.cs(229,27): warning CA2201: Exception type System.Exception is not sufficiently specific (https://learn.microsoft.com/dotnet/fundamentals/code-analysis/quality-rules/ca2201) [/app/TWL.Tests/TWL.Tests.csproj]
/app/TWL.Tests/Maps/MapValidator.cs(234,27): warning CA2201: Exception type System.Exception is not sufficiently specific (https://learn.microsoft.com/dotnet/fundamentals/code-analysis/quality-rules/ca2201) [/app/TWL.Tests/TWL.Tests.csproj]
/app/TWL.Tests/Maps/MapValidator.cs(239,27): warning CA2201: Exception type System.Exception is not sufficiently specific (https://learn.microsoft.com/dotnet/fundamentals/code-analysis/quality-rules/ca2201) [/app/TWL.Tests/TWL.Tests.csproj]
/app/TWL.Tests/Maps/MapValidator.cs(244,27): warning CA2201: Exception type System.Exception is not sufficiently specific (https://learn.microsoft.com/dotnet/fundamentals/code-analysis/quality-rules/ca2201) [/app/TWL.Tests/TWL.Tests.csproj]
/app/TWL.Tests/Maps/MapValidator.cs(250,19): warning CA2201: Exception type System.Exception is not sufficiently specific (https://learn.microsoft.com/dotnet/fundamentals/code-analysis/quality-rules/ca2201) [/app/TWL.Tests/TWL.Tests.csproj]
/app/TWL.Tests/Maps/MapValidator.cs(254,19): warning CA2201: Exception type System.Exception is not sufficiently specific (https://learn.microsoft.com/dotnet/fundamentals/code-analysis/quality-rules/ca2201) [/app/TWL.Tests/TWL.Tests.csproj]
/app/TWL.Tests/Security/TradeSecurityTests.cs(21,17): warning CA1707: Remove the underscores from member name TWL.Tests.Security.TradeSecurityTests.Should_Transfer_Unbound_Item() (https://learn.microsoft.com/dotnet/fundamentals/code-analysis/quality-rules/ca1707) [/app/TWL.Tests/TWL.Tests.csproj]
/app/TWL.Tests/Security/TradeSecurityTests.cs(41,17): warning CA1707: Remove the underscores from member name TWL.Tests.Security.TradeSecurityTests.Should_Reject_Bound_Item() (https://learn.microsoft.com/dotnet/fundamentals/code-analysis/quality-rules/ca1707) [/app/TWL.Tests/TWL.Tests.csproj]
/app/TWL.Tests/Security/TradeSecurityTests.cs(56,17): warning CA1707: Remove the underscores from member name TWL.Tests.Security.TradeSecurityTests.Should_Reject_AccountBound_To_Different_User() (https://learn.microsoft.com/dotnet/fundamentals/code-analysis/quality-rules/ca1707) [/app/TWL.Tests/TWL.Tests.csproj]
/app/TWL.Tests/Reliability/WorldLoopObservabilityTests.cs(31,23): warning CA1707: Remove the underscores from member name TWL.Tests.Reliability.WorldLoopObservabilityTests.SlowTicks_AreRecordedInMetrics() (https://learn.microsoft.com/dotnet/fundamentals/code-analysis/quality-rules/ca1707) [/app/TWL.Tests/TWL.Tests.csproj]
/app/TWL.Tests/Security/EconomySecurityTests.cs(9,17): warning CA1707: Remove the underscores from member name TWL.Tests.Security.EconomySecurityTests.VerifyPurchase_InvalidReceiptSignature_Fails() (https://learn.microsoft.com/dotnet/fundamentals/code-analysis/quality-rules/ca1707) [/app/TWL.Tests/TWL.Tests.csproj]
/app/TWL.Tests/Security/EconomyBindPolicyTests.cs(11,17): warning CA1707: Remove the underscores from member name TWL.Tests.Security.EconomyBindPolicyTests.SharedInventory_Separates_Bound_And_Unbound_Items() (https://learn.microsoft.com/dotnet/fundamentals/code-analysis/quality-rules/ca1707) [/app/TWL.Tests/TWL.Tests.csproj]
/app/TWL.Tests/Reliability/WorldLoopObservabilityTests.cs(53,23): warning CA1707: Remove the underscores from member name TWL.Tests.Reliability.WorldLoopObservabilityTests.Drift_Increases_Under_Load() (https://learn.microsoft.com/dotnet/fundamentals/code-analysis/quality-rules/ca1707) [/app/TWL.Tests/TWL.Tests.csproj]
/app/TWL.Tests/Skills/FireSkillPackTests.cs(73,17): warning CA1707: Remove the underscores from member name TWL.Tests.Skills.FireSkillPackTests.Inferno_IsLoaded_And_UnlockedByT1() (https://learn.microsoft.com/dotnet/fundamentals/code-analysis/quality-rules/ca1707) [/app/TWL.Tests/TWL.Tests.csproj]
/app/TWL.Tests/QuestSystemTests.cs(105,17): warning CA1707: Remove the underscores from member name TWL.Tests.QuestSystemTests.LoadRealQuests_ShouldLoadCorrectly() (https://learn.microsoft.com/dotnet/fundamentals/code-analysis/quality-rules/ca1707) [/app/TWL.Tests/TWL.Tests.csproj]
/app/TWL.Tests/Security/EconomySecurityTests.cs(26,17): warning CA1707: Remove the underscores from member name TWL.Tests.Security.EconomySecurityTests.VerifyPurchase_ValidReceiptSignature_Succeeds() (https://learn.microsoft.com/dotnet/fundamentals/code-analysis/quality-rules/ca1707) [/app/TWL.Tests/TWL.Tests.csproj]
/app/TWL.Tests/Persistence/PersistenceTests.cs(25,23): warning CA1707: Remove the underscores from member name TWL.Tests.Persistence.PersistenceTests.Repo_SaveAndLoad_CharacterData() (https://learn.microsoft.com/dotnet/fundamentals/code-analysis/quality-rules/ca1707) [/app/TWL.Tests/TWL.Tests.csproj]
/app/TWL.Tests/Persistence/PersistenceTests.cs(45,17): warning CA1707: Remove the underscores from member name TWL.Tests.Persistence.PersistenceTests.ServerCharacter_IsDirty_OnModification() (https://learn.microsoft.com/dotnet/fundamentals/code-analysis/quality-rules/ca1707) [/app/TWL.Tests/TWL.Tests.csproj]
/app/TWL.Tests/Security/TradeSecurityTests.cs(69,17): warning CA1707: Remove the underscores from member name TWL.Tests.Security.TradeSecurityTests.Should_Reject_Insufficient_Quantity() (https://learn.microsoft.com/dotnet/fundamentals/code-analysis/quality-rules/ca1707) [/app/TWL.Tests/TWL.Tests.csproj]
/app/TWL.Tests/Combat/ServerEarthSkillTests.cs(25,17): warning CA1707: Remove the underscores from member name TWL.Tests.Combat.ServerEarthSkillTests.RockSmash_ShouldDealDamage() (https://learn.microsoft.com/dotnet/fundamentals/code-analysis/quality-rules/ca1707) [/app/TWL.Tests/TWL.Tests.csproj]
/app/TWL.Tests/Security/TradeSecurityTests.cs(82,17): warning CA1707: Remove the underscores from member name TWL.Tests.Security.TradeSecurityTests.Should_Reject_Mixed_Stack_If_Insufficient_Tradable() (https://learn.microsoft.com/dotnet/fundamentals/code-analysis/quality-rules/ca1707) [/app/TWL.Tests/TWL.Tests.csproj]
/app/TWL.Tests/Skills/FireSkillPackTests.cs(87,17): warning CA1707: Remove the underscores from member name TWL.Tests.Skills.FireSkillPackTests.InnerFire_IsLoaded_And_UnlockedByT1() (https://learn.microsoft.com/dotnet/fundamentals/code-analysis/quality-rules/ca1707) [/app/TWL.Tests/TWL.Tests.csproj]
/app/TWL.Tests/Localization/Audit/LocalizationAuditorTests.cs(78,17): warning CA1707: Remove the underscores from member name TWL.Tests.Localization.Audit.LocalizationAuditorTests.RunAudit_DetectsOrphanKeys() (https://learn.microsoft.com/dotnet/fundamentals/code-analysis/quality-rules/ca1707) [/app/TWL.Tests/TWL.Tests.csproj]
/app/TWL.Tests/Economy/TradeManagerTests.cs(203,17): warning CA1707: Remove the underscores from member name TWL.Tests.Economy.TradeManagerTests.TransferItem_ShouldNotTransferBoundOnEquip_IfBound() (https://learn.microsoft.com/dotnet/fundamentals/code-analysis/quality-rules/ca1707) [/app/TWL.Tests/TWL.Tests.csproj]
/app/TWL.Tests/Security/EconomyBindPolicyTests.cs(38,17): warning CA1707: Remove the underscores from member name TWL.Tests.Security.EconomyBindPolicyTests.SharedInventory_Add_Merges_Correct_Stack() (https://learn.microsoft.com/dotnet/fundamentals/code-analysis/quality-rules/ca1707) [/app/TWL.Tests/TWL.Tests.csproj]
/app/TWL.Tests/Security/EconomySecurityTests.cs(43,17): warning CA1707: Remove the underscores from member name TWL.Tests.Security.EconomySecurityTests.VerifyPurchase_Replay_Idempotency() (https://learn.microsoft.com/dotnet/fundamentals/code-analysis/quality-rules/ca1707) [/app/TWL.Tests/TWL.Tests.csproj]
/app/TWL.Tests/Security/EconomySecurityTests.cs(65,17): warning CA1707: Remove the underscores from member name TWL.Tests.Security.EconomySecurityTests.BuyShopItem_InvalidQuantity_Fails() (https://learn.microsoft.com/dotnet/fundamentals/code-analysis/quality-rules/ca1707) [/app/TWL.Tests/TWL.Tests.csproj]
/app/TWL.Tests/Combat/EarthSkillTests.cs(69,17): warning CA1707: Remove the underscores from member name TWL.Tests.Combat.EarthSkillTests.RockSmash_ShouldDealDamage_BasedOnStrAndAtk() (https://learn.microsoft.com/dotnet/fundamentals/code-analysis/quality-rules/ca1707) [/app/TWL.Tests/TWL.Tests.csproj]
/app/TWL.Tests/Security/RateLimiterTests.cs(9,17): warning CA1707: Remove the underscores from member name TWL.Tests.Security.RateLimiterTests.Check_AllowsRequestsUnderLimit() (https://learn.microsoft.com/dotnet/fundamentals/code-analysis/quality-rules/ca1707) [/app/TWL.Tests/TWL.Tests.csproj]
/app/TWL.Tests/Quests/StoneCircleQuestTests.cs(35,17): warning CA1707: Remove the underscores from member name TWL.Tests.Quests.StoneCircleQuestTests.StoneCircle_Chain_ShouldProgress_EndToEnd() (https://learn.microsoft.com/dotnet/fundamentals/code-analysis/quality-rules/ca1707) [/app/TWL.Tests/TWL.Tests.csproj]
/app/TWL.Tests/Security/SecurityLoggerTests.cs(11,23): warning CA1707: Remove the underscores from member name TWL.Tests.Security.SecurityLoggerTests.LogSecurityEvent_ShouldBeNonBlocking() (https://learn.microsoft.com/dotnet/fundamentals/code-analysis/quality-rules/ca1707) [/app/TWL.Tests/TWL.Tests.csproj]
/app/TWL.Tests/Security/RateLimiterTests.cs(22,17): warning CA1707: Remove the underscores from member name TWL.Tests.Security.RateLimiterTests.Check_BlocksRequestsOverLimit() (https://learn.microsoft.com/dotnet/fundamentals/code-analysis/quality-rules/ca1707) [/app/TWL.Tests/TWL.Tests.csproj]
/app/TWL.Tests/Security/RateLimiterTests.cs(34,17): warning CA1707: Remove the underscores from member name TWL.Tests.Security.RateLimiterTests.Check_RefillsOverTime() (https://learn.microsoft.com/dotnet/fundamentals/code-analysis/quality-rules/ca1707) [/app/TWL.Tests/TWL.Tests.csproj]
/app/TWL.Tests/Security/BindOnEquipHardeningTests.cs(49,17): warning CA1707: Remove the underscores from member name TWL.Tests.Security.BindOnEquipHardeningTests.Should_Bind_Item_On_Use() (https://learn.microsoft.com/dotnet/fundamentals/code-analysis/quality-rules/ca1707) [/app/TWL.Tests/TWL.Tests.csproj]
/app/TWL.Tests/QuestSystemTests.cs(126,17): warning CA1707: Remove the underscores from member name TWL.Tests.QuestSystemTests.TryProgress_ShouldUpdateCorrectly() (https://learn.microsoft.com/dotnet/fundamentals/code-analysis/quality-rules/ca1707) [/app/TWL.Tests/TWL.Tests.csproj]
/app/TWL.Tests/Security/TradeSecurityTests.cs(97,17): warning CA1707: Remove the underscores from member name TWL.Tests.Security.TradeSecurityTests.Should_Transfer_Only_Tradable_From_Mixed_Stack() (https://learn.microsoft.com/dotnet/fundamentals/code-analysis/quality-rules/ca1707) [/app/TWL.Tests/TWL.Tests.csproj]
/app/TWL.Tests/Security/EconomyBindPolicyTests.cs(49,17): warning CA1707: Remove the underscores from member name TWL.Tests.Security.EconomyBindPolicyTests.EconomyManager_ShopBuy_Grants_Bound_Item_When_Configured() (https://learn.microsoft.com/dotnet/fundamentals/code-analysis/quality-rules/ca1707) [/app/TWL.Tests/TWL.Tests.csproj]
/app/TWL.Tests/Quests/StoneCircleQuestTests.cs(98,17): warning CA1707: Remove the underscores from member name TWL.Tests.Quests.StoneCircleQuestTests.Sidequest_LostSupplies_ShouldWork() (https://learn.microsoft.com/dotnet/fundamentals/code-analysis/quality-rules/ca1707) [/app/TWL.Tests/TWL.Tests.csproj]
/app/TWL.Tests/Security/EconomySecurityTests.cs(85,17): warning CA1707: Remove the underscores from member name TWL.Tests.Security.EconomySecurityTests.BuyShopItem_ValidQuantity_Succeeds() (https://learn.microsoft.com/dotnet/fundamentals/code-analysis/quality-rules/ca1707) [/app/TWL.Tests/TWL.Tests.csproj]
/app/TWL.Tests/Persistence/PersistenceTests.cs(63,17): warning CA1707: Remove the underscores from member name TWL.Tests.Persistence.PersistenceTests.ServerCharacter_GetAndLoadSaveData() (https://learn.microsoft.com/dotnet/fundamentals/code-analysis/quality-rules/ca1707) [/app/TWL.Tests/TWL.Tests.csproj]
/app/TWL.Tests/Maps/MapValidationTests.cs(152,39): warning CA1861: Prefer 'static readonly' fields over constant array arguments if the called method is called repeatedly and is not mutating the passed array (https://learn.microsoft.com/dotnet/fundamentals/code-analysis/quality-rules/ca1861) [/app/TWL.Tests/TWL.Tests.csproj]
/app/TWL.Tests/Server/Simulation/Managers/StatusEngineTests.cs(12,17): warning CA1707: Remove the underscores from member name TWL.Tests.Server.Simulation.Managers.StatusEngineTests.Apply_AddSimpleEffect_AddsToList() (https://learn.microsoft.com/dotnet/fundamentals/code-analysis/quality-rules/ca1707) [/app/TWL.Tests/TWL.Tests.csproj]
/app/TWL.Tests/PetTests/PetUtilityTests.cs(98,17): warning CA1816: Change PetUtilityTests.Dispose() to call GC.SuppressFinalize(object). This will prevent derived types that introduce a finalizer from needing to re-implement 'IDisposable' to call it. (https://learn.microsoft.com/dotnet/fundamentals/code-analysis/quality-rules/ca1816) [/app/TWL.Tests/TWL.Tests.csproj]
/app/TWL.Tests/Security/TradeBindHardeningTests.cs(21,17): warning CA1707: Remove the underscores from member name TWL.Tests.Security.TradeBindHardeningTests.Should_Reject_Trade_Of_Bound_BindOnEquip_Item() (https://learn.microsoft.com/dotnet/fundamentals/code-analysis/quality-rules/ca1707) [/app/TWL.Tests/TWL.Tests.csproj]
/app/TWL.Tests/Reliability/PipelineGranularMetricsTests.cs(23,23): warning CA1707: Remove the underscores from member name TWL.Tests.Reliability.PipelineGranularMetricsTests.Pipeline_ShouldRecordGranularMetrics_WhenMessageReceived() (https://learn.microsoft.com/dotnet/fundamentals/code-analysis/quality-rules/ca1707) [/app/TWL.Tests/TWL.Tests.csproj]
/app/TWL.Tests/Security/ServerCharacterHardeningTests.cs(9,17): warning CA1707: Remove the underscores from member name TWL.Tests.Security.ServerCharacterHardeningTests.AddItem_BindOnPickup_ShouldAutomaticallyBindToOwner() (https://learn.microsoft.com/dotnet/fundamentals/code-analysis/quality-rules/ca1707) [/app/TWL.Tests/TWL.Tests.csproj]
/app/TWL.Tests/Reliability/PipelineGranularMetricsTests.cs(64,19): warning CA1835: Change the 'WriteAsync' method call to use the 'Stream.WriteAsync(ReadOnlyMemory<byte>, CancellationToken)' overload (https://learn.microsoft.com/dotnet/fundamentals/code-analysis/quality-rules/ca1835) [/app/TWL.Tests/TWL.Tests.csproj]
/app/TWL.Tests/Security/BindOnEquipHardeningTests.cs(74,17): warning CA1707: Remove the underscores from member name TWL.Tests.Security.BindOnEquipHardeningTests.Should_Reject_Trade_Of_Used_BindOnEquip_Item() (https://learn.microsoft.com/dotnet/fundamentals/code-analysis/quality-rules/ca1707) [/app/TWL.Tests/TWL.Tests.csproj]
/app/TWL.Tests/Security/ServerCharacterHardeningTests.cs(24,17): warning CA1707: Remove the underscores from member name TWL.Tests.Security.ServerCharacterHardeningTests.AddItem_CharacterBound_ShouldAutomaticallyBindToOwner() (https://learn.microsoft.com/dotnet/fundamentals/code-analysis/quality-rules/ca1707) [/app/TWL.Tests/TWL.Tests.csproj]
/app/TWL.Tests/Economy/EconomyTransactionTests.cs(9,17): warning CA1707: Remove the underscores from member name TWL.Tests.Economy.EconomyTransactionTests.BuyShopItem_Idempotency_PreventDoubleCharge() (https://learn.microsoft.com/dotnet/fundamentals/code-analysis/quality-rules/ca1707) [/app/TWL.Tests/TWL.Tests.csproj]
/app/TWL.Tests/QuestSystemTests.cs(156,17): warning CA1707: Remove the underscores from member name TWL.Tests.QuestSystemTests.BasicChain_ShouldWork_EndToEnd() (https://learn.microsoft.com/dotnet/fundamentals/code-analysis/quality-rules/ca1707) [/app/TWL.Tests/TWL.Tests.csproj]
/app/TWL.Tests/Security/EconomyBindPolicyTests.cs(68,17): warning CA1707: Remove the underscores from member name TWL.Tests.Security.EconomyBindPolicyTests.EconomyManager_ShopBuy_Grants_Unbound_Item_When_Configured() (https://learn.microsoft.com/dotnet/fundamentals/code-analysis/quality-rules/ca1707) [/app/TWL.Tests/TWL.Tests.csproj]
/app/TWL.Tests/Security/TradeLossTest.cs(22,17): warning CA1707: Remove the underscores from member name TWL.Tests.Security.TradeLossTest.Should_Not_Lose_Item_When_Target_Inventory_Full() (https://learn.microsoft.com/dotnet/fundamentals/code-analysis/quality-rules/ca1707) [/app/TWL.Tests/TWL.Tests.csproj]
/app/TWL.Tests/Security/EconomyBindPolicyTests.cs(86,17): warning CA1707: Remove the underscores from member name TWL.Tests.Security.EconomyBindPolicyTests.TradeManager_Respects_BindPolicy() (https://learn.microsoft.com/dotnet/fundamentals/code-analysis/quality-rules/ca1707) [/app/TWL.Tests/TWL.Tests.csproj]
/app/TWL.Tests/Economy/EconomyGiftingTests.cs(36,17): warning CA1816: Change EconomyGiftingTests.Dispose() to call GC.SuppressFinalize(object). This will prevent derived types that introduce a finalizer from needing to re-implement 'IDisposable' to call it. (https://learn.microsoft.com/dotnet/fundamentals/code-analysis/quality-rules/ca1816) [/app/TWL.Tests/TWL.Tests.csproj]
/app/TWL.Tests/Persistence/DirtyPropagationTests.cs(9,17): warning CA1707: Remove the underscores from member name TWL.Tests.Persistence.DirtyPropagationTests.IsDirty_ShouldPropagate_FromPet() (https://learn.microsoft.com/dotnet/fundamentals/code-analysis/quality-rules/ca1707) [/app/TWL.Tests/TWL.Tests.csproj]
/app/TWL.Tests/PetTests/PetUtilityTests.cs(119,17): warning CA1707: Remove the underscores from member name TWL.Tests.PetTests.PetUtilityTests.UseUtility_Mount_TogglesSpeed() (https://learn.microsoft.com/dotnet/fundamentals/code-analysis/quality-rules/ca1707) [/app/TWL.Tests/TWL.Tests.csproj]
/app/TWL.Tests/Persistence/DirtyPropagationTests.cs(34,17): warning CA1707: Remove the underscores from member name TWL.Tests.Persistence.DirtyPropagationTests.IsDirty_ShouldSet_OnSkillUsage() (https://learn.microsoft.com/dotnet/fundamentals/code-analysis/quality-rules/ca1707) [/app/TWL.Tests/TWL.Tests.csproj]
/app/TWL.Tests/Server/Simulation/Managers/StatusEngineTests.cs(24,17): warning CA1707: Remove the underscores from member name TWL.Tests.Server.Simulation.Managers.StatusEngineTests.Apply_Conflict_PriorityWins() (https://learn.microsoft.com/dotnet/fundamentals/code-analysis/quality-rules/ca1707) [/app/TWL.Tests/TWL.Tests.csproj]
/app/TWL.Tests/Security/TradeBindHardeningTests.cs(46,17): warning CA1707: Remove the underscores from member name TWL.Tests.Security.TradeBindHardeningTests.Gifting_BindOnPickup_Should_Set_BoundToId() (https://learn.microsoft.com/dotnet/fundamentals/code-analysis/quality-rules/ca1707) [/app/TWL.Tests/TWL.Tests.csproj]
/app/TWL.Tests/Reliability/ShutdownTests.cs(20,23): warning CA1707: Remove the underscores from member name TWL.Tests.Reliability.ShutdownTests.StopAsync_Should_DisconnectPlayers_And_StopServices() (https://learn.microsoft.com/dotnet/fundamentals/code-analysis/quality-rules/ca1707) [/app/TWL.Tests/TWL.Tests.csproj]
/app/TWL.Tests/Security/ServerCharacterHardeningTests.cs(39,17): warning CA1707: Remove the underscores from member name TWL.Tests.Security.ServerCharacterHardeningTests.AddItem_Unbound_ShouldNotBind() (https://learn.microsoft.com/dotnet/fundamentals/code-analysis/quality-rules/ca1707) [/app/TWL.Tests/TWL.Tests.csproj]
/app/TWL.Tests/Skills/FireSkillPackTests.cs(101,17): warning CA1707: Remove the underscores from member name TWL.Tests.Skills.FireSkillPackTests.InnerFire_BuffsMat_And_RespectsStacking() (https://learn.microsoft.com/dotnet/fundamentals/code-analysis/quality-rules/ca1707) [/app/TWL.Tests/TWL.Tests.csproj]
/app/TWL.Tests/Security/EconomyBindPolicyTests.cs(104,17): warning CA1707: Remove the underscores from member name TWL.Tests.Security.EconomyBindPolicyTests.TradeManager_Allows_Unbound_Transfer() (https://learn.microsoft.com/dotnet/fundamentals/code-analysis/quality-rules/ca1707) [/app/TWL.Tests/TWL.Tests.csproj]
/app/TWL.Tests/Skills/FireSkillPackTests.cs(136,9): warning xUnit2031: Do not use a Where clause to filter before calling Assert.Single. Use the overload of Assert.Single that accepts a filtering function. (https://xunit.net/xunit.analyzers/rules/xUnit2031) [/app/TWL.Tests/TWL.Tests.csproj]
/app/TWL.Tests/Reliability/PipelineMetricsTests.cs(23,23): warning CA1707: Remove the underscores from member name TWL.Tests.Reliability.PipelineMetricsTests.Pipeline_ShouldRecordMetrics_WhenMessageReceived() (https://learn.microsoft.com/dotnet/fundamentals/code-analysis/quality-rules/ca1707) [/app/TWL.Tests/TWL.Tests.csproj]
/app/TWL.Tests/Persistence/DirtyPropagationTests.cs(46,17): warning CA1707: Remove the underscores from member name TWL.Tests.Persistence.DirtyPropagationTests.IsDirty_ShouldPropagate_FromMultiplePets() (https://learn.microsoft.com/dotnet/fundamentals/code-analysis/quality-rules/ca1707) [/app/TWL.Tests/TWL.Tests.csproj]
/app/TWL.Tests/Quests/SpecialSkillQuestTests.cs(113,17): warning CA1816: Change SpecialSkillQuestTests.Dispose() to call GC.SuppressFinalize(object). This will prevent derived types that introduce a finalizer from needing to re-implement 'IDisposable' to call it. (https://learn.microsoft.com/dotnet/fundamentals/code-analysis/quality-rules/ca1816) [/app/TWL.Tests/TWL.Tests.csproj]
/app/TWL.Tests/PetTests/PetUtilityTests.cs(142,17): warning CA1707: Remove the underscores from member name TWL.Tests.PetTests.PetUtilityTests.UseUtility_Gathering_TogglesBonus() (https://learn.microsoft.com/dotnet/fundamentals/code-analysis/quality-rules/ca1707) [/app/TWL.Tests/TWL.Tests.csproj]
/app/TWL.Tests/Reliability/PipelineMetricsTests.cs(72,19): warning CA1835: Change the 'WriteAsync' method call to use the 'Stream.WriteAsync(ReadOnlyMemory<byte>, CancellationToken)' overload (https://learn.microsoft.com/dotnet/fundamentals/code-analysis/quality-rules/ca1835) [/app/TWL.Tests/TWL.Tests.csproj]
/app/TWL.Tests/Server/Simulation/Managers/StatusEngineTests.cs(42,17): warning CA1707: Remove the underscores from member name TWL.Tests.Server.Simulation.Managers.StatusEngineTests.Apply_Conflict_LowPriorityIgnored() (https://learn.microsoft.com/dotnet/fundamentals/code-analysis/quality-rules/ca1707) [/app/TWL.Tests/TWL.Tests.csproj]
/app/TWL.Tests/ServerCharacterTests.cs(9,17): warning CA1707: Remove the underscores from member name TWL.Tests.ServerCharacterTests.AddGold_ShouldBeThreadSafe() (https://learn.microsoft.com/dotnet/fundamentals/code-analysis/quality-rules/ca1707) [/app/TWL.Tests/TWL.Tests.csproj]
/app/TWL.Tests/Security/ServerCharacterHardeningTests.cs(54,17): warning CA1707: Remove the underscores from member name TWL.Tests.Security.ServerCharacterHardeningTests.AddItem_BindOnEquip_ShouldNotBindInitially() (https://learn.microsoft.com/dotnet/fundamentals/code-analysis/quality-rules/ca1707) [/app/TWL.Tests/TWL.Tests.csproj]
/app/TWL.Tests/Security/BindOnEquipHardeningTests.cs(93,17): warning CA1707: Remove the underscores from member name TWL.Tests.Security.BindOnEquipHardeningTests.Should_Consume_Consumable_On_Use() (https://learn.microsoft.com/dotnet/fundamentals/code-analysis/quality-rules/ca1707) [/app/TWL.Tests/TWL.Tests.csproj]
/app/TWL.Tests/Security/ServerCharacterHardeningTests.cs(69,17): warning CA1707: Remove the underscores from member name TWL.Tests.Security.ServerCharacterHardeningTests.AddItem_BindOnPickup_WithExplicitBind_ShouldRespectExplicit() (https://learn.microsoft.com/dotnet/fundamentals/code-analysis/quality-rules/ca1707) [/app/TWL.Tests/TWL.Tests.csproj]
/app/TWL.Tests/Economy/EconomyTests.cs(9,17): warning CA1707: Remove the underscores from member name TWL.Tests.Economy.EconomyTests.PurchaseFlow_Success_And_Idempotency() (https://learn.microsoft.com/dotnet/fundamentals/code-analysis/quality-rules/ca1707) [/app/TWL.Tests/TWL.Tests.csproj]
/app/TWL.Tests/Economy/EconomyTests.cs(34,17): warning CA1707: Remove the underscores from member name TWL.Tests.Economy.EconomyTests.VerifyPurchase_Fails_UserMismatch() (https://learn.microsoft.com/dotnet/fundamentals/code-analysis/quality-rules/ca1707) [/app/TWL.Tests/TWL.Tests.csproj]
/app/TWL.Tests/Skills/FireSkillPackTests.cs(140,17): warning CA1707: Remove the underscores from member name TWL.Tests.Skills.FireSkillPackTests.BlazingStrike_HitsRow() (https://learn.microsoft.com/dotnet/fundamentals/code-analysis/quality-rules/ca1707) [/app/TWL.Tests/TWL.Tests.csproj]
/app/TWL.Tests/Economy/EconomyGiftingTests.cs(52,17): warning CA1707: Remove the underscores from member name TWL.Tests.Economy.EconomyGiftingTests.GiftShopItem_Success_DebitsGiver_CreditsReceiver() (https://learn.microsoft.com/dotnet/fundamentals/code-analysis/quality-rules/ca1707) [/app/TWL.Tests/TWL.Tests.csproj]
/app/TWL.Tests/Security/EconomyBindPolicyTests.cs(122,17): warning CA1707: Remove the underscores from member name TWL.Tests.Security.EconomyBindPolicyTests.EconomyManager_Idempotency_Prevent_Double_Spend() (https://learn.microsoft.com/dotnet/fundamentals/code-analysis/quality-rules/ca1707) [/app/TWL.Tests/TWL.Tests.csproj]
/app/TWL.Tests/Quests/SpecialSkillQuestTests.cs(122,17): warning CA1707: Remove the underscores from member name TWL.Tests.Quests.SpecialSkillQuestTests.GrantGoddessSkills_FireElement_GrantsEmberSurge() (https://learn.microsoft.com/dotnet/fundamentals/code-analysis/quality-rules/ca1707) [/app/TWL.Tests/TWL.Tests.csproj]
/app/TWL.Tests/Combat/EarthSkillTests.cs(109,17): warning CA1707: Remove the underscores from member name TWL.Tests.Combat.EarthSkillTests.EarthBarrier_ShouldIncreaseDefense_AndReduceDamage() (https://learn.microsoft.com/dotnet/fundamentals/code-analysis/quality-rules/ca1707) [/app/TWL.Tests/TWL.Tests.csproj]
/app/TWL.Tests/Server/Domain/MonsterRulesTests.cs(11,17): warning CA1707: Remove the underscores from member name TWL.Tests.Server.Domain.MonsterRulesTests.MonsterManager_Load_Throws_If_ElementNone_Without_QuestOnly_Tag() (https://learn.microsoft.com/dotnet/fundamentals/code-analysis/quality-rules/ca1707) [/app/TWL.Tests/TWL.Tests.csproj]
/app/TWL.Tests/Domain/Pets/PetCoreTests.cs(110,17): warning CA1707: Remove the underscores from member name TWL.Tests.Domain.Pets.PetCoreTests.TestCaptureLogic_Validation() (https://learn.microsoft.com/dotnet/fundamentals/code-analysis/quality-rules/ca1707) [/app/TWL.Tests/TWL.Tests.csproj]
/app/TWL.Tests/Server/AutoBattleTests.cs(45,17): warning CA1707: Remove the underscores from member name TWL.Tests.Server.AutoBattleTests.GetBestAction_Survival_HealsLowHpAlly() (https://learn.microsoft.com/dotnet/fundamentals/code-analysis/quality-rules/ca1707) [/app/TWL.Tests/TWL.Tests.csproj]
/app/TWL.Tests/Economy/EconomyHardeningTests.cs(41,17): warning CA1707: Remove the underscores from member name TWL.Tests.Economy.EconomyHardeningTests.RateLimit_ShouldBlockExcessiveRequests() (https://learn.microsoft.com/dotnet/fundamentals/code-analysis/quality-rules/ca1707) [/app/TWL.Tests/TWL.Tests.csproj]
/app/TWL.Tests/Economy/EconomyHardeningTests.cs(25,17): warning CA1816: Change EconomyHardeningTests.Dispose() to call GC.SuppressFinalize(object). This will prevent derived types that introduce a finalizer from needing to re-implement 'IDisposable' to call it. (https://learn.microsoft.com/dotnet/fundamentals/code-analysis/quality-rules/ca1816) [/app/TWL.Tests/TWL.Tests.csproj]
/app/TWL.Tests/Server/Domain/MonsterRulesTests.cs(41,17): warning CA1707: Remove the underscores from member name TWL.Tests.Server.Domain.MonsterRulesTests.ServerPet_Hydrate_Throws_If_ElementNone() (https://learn.microsoft.com/dotnet/fundamentals/code-analysis/quality-rules/ca1707) [/app/TWL.Tests/TWL.Tests.csproj]
/app/TWL.Tests/PetTests/PetUtilityTests.cs(163,17): warning CA1707: Remove the underscores from member name TWL.Tests.PetTests.PetUtilityTests.UseUtility_CraftingAssist_TogglesBonus() (https://learn.microsoft.com/dotnet/fundamentals/code-analysis/quality-rules/ca1707) [/app/TWL.Tests/TWL.Tests.csproj]
/app/TWL.Tests/Economy/EconomyTests.cs(50,17): warning CA1707: Remove the underscores from member name TWL.Tests.Economy.EconomyTests.BuyShopItem_Success() (https://learn.microsoft.com/dotnet/fundamentals/code-analysis/quality-rules/ca1707) [/app/TWL.Tests/TWL.Tests.csproj]
/app/TWL.Tests/PetTests/PetUtilityTests.cs(184,17): warning CA1707: Remove the underscores from member name TWL.Tests.PetTests.PetUtilityTests.UseUtility_FailsIfRequirementsNotMet() (https://learn.microsoft.com/dotnet/fundamentals/code-analysis/quality-rules/ca1707) [/app/TWL.Tests/TWL.Tests.csproj]
/app/TWL.Tests/Server/Domain/MonsterRulesTests.cs(59,17): warning CA1707: Remove the underscores from member name TWL.Tests.Server.Domain.MonsterRulesTests.ServerCharacter_CanHaveElementNone_ForMobs() (https://learn.microsoft.com/dotnet/fundamentals/code-analysis/quality-rules/ca1707) [/app/TWL.Tests/TWL.Tests.csproj]
/app/TWL.Tests/Economy/EconomyGiftingTests.cs(72,17): warning CA1707: Remove the underscores from member name TWL.Tests.Economy.EconomyGiftingTests.GiftShopItem_InsufficientFunds_Fails() (https://learn.microsoft.com/dotnet/fundamentals/code-analysis/quality-rules/ca1707) [/app/TWL.Tests/TWL.Tests.csproj]
/app/TWL.Tests/ServerCharacterTests.cs(17,17): warning CA1707: Remove the underscores from member name TWL.Tests.ServerCharacterTests.AddItem_ShouldUpdateQuantity_WhenItemExists() (https://learn.microsoft.com/dotnet/fundamentals/code-analysis/quality-rules/ca1707) [/app/TWL.Tests/TWL.Tests.csproj]
/app/TWL.Tests/ServerCharacterTests.cs(29,17): warning CA1707: Remove the underscores from member name TWL.Tests.ServerCharacterTests.AddItem_ShouldAddNewItem_WhenItemDoesNotExist() (https://learn.microsoft.com/dotnet/fundamentals/code-analysis/quality-rules/ca1707) [/app/TWL.Tests/TWL.Tests.csproj]
/app/TWL.Tests/Quests/SpecialSkillQuestTests.cs(133,17): warning CA1707: Remove the underscores from member name TWL.Tests.Quests.SpecialSkillQuestTests.GrantGoddessSkills_Idempotent() (https://learn.microsoft.com/dotnet/fundamentals/code-analysis/quality-rules/ca1707) [/app/TWL.Tests/TWL.Tests.csproj]
/app/TWL.Tests/Domain/Pets/PetCoreTests.cs(141,17): warning CA1707: Remove the underscores from member name TWL.Tests.Domain.Pets.PetCoreTests.TestServerCharacter_PetRemoval() (https://learn.microsoft.com/dotnet/fundamentals/code-analysis/quality-rules/ca1707) [/app/TWL.Tests/TWL.Tests.csproj]
/app/TWL.Tests/Shared/Net/Network/NetMessageTests.cs(9,17): warning CA1707: Remove the underscores from member name TWL.Tests.Shared.Net.Network.NetMessageTests.Deserialize_ValidJson_ReturnsNetMessage() (https://learn.microsoft.com/dotnet/fundamentals/code-analysis/quality-rules/ca1707) [/app/TWL.Tests/TWL.Tests.csproj]
/app/TWL.Tests/Reliability/PipelineStressTest.cs(23,23): warning CA1707: Remove the underscores from member name TWL.Tests.Reliability.PipelineStressTest.Pipeline_ShouldPopulateHistograms_UnderLoad() (https://learn.microsoft.com/dotnet/fundamentals/code-analysis/quality-rules/ca1707) [/app/TWL.Tests/TWL.Tests.csproj]
/app/TWL.Tests/Quests/SpecialSkillQuestTests.cs(151,17): warning CA1707: Remove the underscores from member name TWL.Tests.Quests.SpecialSkillQuestTests.GrantGoddessSkills_WindElement_GrantsUntouchableVeil() (https://learn.microsoft.com/dotnet/fundamentals/code-analysis/quality-rules/ca1707) [/app/TWL.Tests/TWL.Tests.csproj]
/app/TWL.Tests/Server/Simulation/Managers/StatusEngineTests.cs(58,17): warning CA1707: Remove the underscores from member name TWL.Tests.Server.Simulation.Managers.StatusEngineTests.Apply_Stacking_RefreshDuration() (https://learn.microsoft.com/dotnet/fundamentals/code-analysis/quality-rules/ca1707) [/app/TWL.Tests/TWL.Tests.csproj]
/app/TWL.Tests/Reliability/PipelineStressTest.cs(69,23): warning CA1835: Change the 'WriteAsync' method call to use the 'Stream.WriteAsync(ReadOnlyMemory<byte>, CancellationToken)' overload (https://learn.microsoft.com/dotnet/fundamentals/code-analysis/quality-rules/ca1835) [/app/TWL.Tests/TWL.Tests.csproj]
/app/TWL.Tests/Server/Features/Combat/TurnEngineTests.cs(17,17): warning CA1707: Remove the underscores from member name TWL.Tests.Server.Features.Combat.TurnEngineTests.StartEncounter_SortsBySpdDescending() (https://learn.microsoft.com/dotnet/fundamentals/code-analysis/quality-rules/ca1707) [/app/TWL.Tests/TWL.Tests.csproj]
/app/TWL.Tests/Localization/Audit/LocalizationAuditor.cs(139,21): warning CA1310: The behavior of 'string.EndsWith(string)' could vary based on the current user's locale settings. Replace this call in 'TWL.Tests.Localization.Audit.LocalizationAuditor.ScanJsonElement(System.Text.Json.JsonElement, System.Collections.Generic.List<string>)' with a call to 'string.EndsWith(string, System.StringComparison)'. (https://learn.microsoft.com/dotnet/fundamentals/code-analysis/quality-rules/ca1310) [/app/TWL.Tests/TWL.Tests.csproj]
/app/TWL.Tests/Services/World/WorldTriggerServiceTests.cs(59,17): warning CA1707: Remove the underscores from member name TWL.Tests.Services.World.WorldTriggerServiceTests.Start_ShouldScheduleTimerTriggers() (https://learn.microsoft.com/dotnet/fundamentals/code-analysis/quality-rules/ca1707) [/app/TWL.Tests/TWL.Tests.csproj]
/app/TWL.Tests/Shared/Net/Network/NetMessageTests.cs(23,17): warning CA1707: Remove the underscores from member name TWL.Tests.Shared.Net.Network.NetMessageTests.Deserialize_CaseInsensitive_ReturnsNetMessage() (https://learn.microsoft.com/dotnet/fundamentals/code-analysis/quality-rules/ca1707) [/app/TWL.Tests/TWL.Tests.csproj]
/app/TWL.Tests/Economy/EconomyHardeningTests.cs(56,17): warning CA1707: Remove the underscores from member name TWL.Tests.Economy.EconomyHardeningTests.Idempotency_BuyShopItem_ShouldPreventDoubleSpend() (https://learn.microsoft.com/dotnet/fundamentals/code-analysis/quality-rules/ca1707) [/app/TWL.Tests/TWL.Tests.csproj]
/app/TWL.Tests/Economy/EconomyTests.cs(64,17): warning CA1707: Remove the underscores from member name TWL.Tests.Economy.EconomyTests.BuyShopItem_InsufficientFunds() (https://learn.microsoft.com/dotnet/fundamentals/code-analysis/quality-rules/ca1707) [/app/TWL.Tests/TWL.Tests.csproj]
/app/TWL.Tests/ServerCharacterTests.cs(39,17): warning CA1707: Remove the underscores from member name TWL.Tests.ServerCharacterTests.Inventory_ShouldReturnCopies() (https://learn.microsoft.com/dotnet/fundamentals/code-analysis/quality-rules/ca1707) [/app/TWL.Tests/TWL.Tests.csproj]
/app/TWL.Tests/Server/Simulation/Managers/StatusEngineTests.cs(74,17): warning CA1707: Remove the underscores from member name TWL.Tests.Server.Simulation.Managers.StatusEngineTests.Tick_DecrementsAndRemovesExpired() (https://learn.microsoft.com/dotnet/fundamentals/code-analysis/quality-rules/ca1707) [/app/TWL.Tests/TWL.Tests.csproj]
/app/TWL.Tests/Simulation/SpawnManagerTests.cs(37,17): warning CA1707: Remove the underscores from member name TWL.Tests.Simulation.SpawnManagerTests.Load_ShouldLoadConfigs() (https://learn.microsoft.com/dotnet/fundamentals/code-analysis/quality-rules/ca1707) [/app/TWL.Tests/TWL.Tests.csproj]
/app/TWL.Tests/Combat/EarthSkillTests.cs(178,17): warning CA1707: Remove the underscores from member name TWL.Tests.Combat.EarthSkillTests.Seal_ShouldPreventAction() (https://learn.microsoft.com/dotnet/fundamentals/code-analysis/quality-rules/ca1707) [/app/TWL.Tests/TWL.Tests.csproj]
/app/TWL.Tests/Economy/EconomyGiftingTests.cs(91,17): warning CA1707: Remove the underscores from member name TWL.Tests.Economy.EconomyGiftingTests.GiftShopItem_ReceiverInventoryFull_RefundsGiver() (https://learn.microsoft.com/dotnet/fundamentals/code-analysis/quality-rules/ca1707) [/app/TWL.Tests/TWL.Tests.csproj]
/app/TWL.Tests/Quests/SpecialSkillQuestTests.cs(161,17): warning CA1707: Remove the underscores from member name TWL.Tests.Quests.SpecialSkillQuestTests.StartQuest_UniquePerCharacter_CanOnlyStartOnce() (https://learn.microsoft.com/dotnet/fundamentals/code-analysis/quality-rules/ca1707) [/app/TWL.Tests/TWL.Tests.csproj]
/app/TWL.Tests/Quests/SpecialSkillQuestTests.cs(181,17): warning CA1707: Remove the underscores from member name TWL.Tests.Quests.SpecialSkillQuestTests.StartQuest_SpecialCategory_Exclusivity() (https://learn.microsoft.com/dotnet/fundamentals/code-analysis/quality-rules/ca1707) [/app/TWL.Tests/TWL.Tests.csproj]
/app/TWL.Tests/Server/AutoBattleTests.cs(66,17): warning CA1707: Remove the underscores from member name TWL.Tests.Server.AutoBattleTests.GetBestAction_Aggressive_IgnoresHealing() (https://learn.microsoft.com/dotnet/fundamentals/code-analysis/quality-rules/ca1707) [/app/TWL.Tests/TWL.Tests.csproj]
/app/TWL.Tests/Skills/FireSkillPackTests.cs(163,17): warning CA1707: Remove the underscores from member name TWL.Tests.Skills.FireSkillPackTests.Inferno_HitsAll() (https://learn.microsoft.com/dotnet/fundamentals/code-analysis/quality-rules/ca1707) [/app/TWL.Tests/TWL.Tests.csproj]
/app/TWL.Tests/Server/Features/Combat/TurnEngineTests.cs(41,17): warning CA1707: Remove the underscores from member name TWL.Tests.Server.Features.Combat.TurnEngineTests.TieBreaking_IsDeterministic() (https://learn.microsoft.com/dotnet/fundamentals/code-analysis/quality-rules/ca1707) [/app/TWL.Tests/TWL.Tests.csproj]
/app/TWL.Tests/PetTests/PetSystemTests.cs(90,17): warning CA1816: Change PetSystemTests.Dispose() to call GC.SuppressFinalize(object). This will prevent derived types that introduce a finalizer from needing to re-implement 'IDisposable' to call it. (https://learn.microsoft.com/dotnet/fundamentals/code-analysis/quality-rules/ca1816) [/app/TWL.Tests/TWL.Tests.csproj]
/app/TWL.Tests/Quests/AlchemistQuestTests.cs(35,17): warning CA1707: Remove the underscores from member name TWL.Tests.Quests.AlchemistQuestTests.AlchemistChain_ShouldProgress_Correctly() (https://learn.microsoft.com/dotnet/fundamentals/code-analysis/quality-rules/ca1707) [/app/TWL.Tests/TWL.Tests.csproj]
/app/TWL.Tests/Server/Simulation/Managers/AutoBattleManagerTests.cs(35,17): warning CA1707: Remove the underscores from member name TWL.Tests.Server.Simulation.Managers.AutoBattleManagerTests.GetBestAction_PrioritizesCleanse_WhenAllyDebuffed() (https://learn.microsoft.com/dotnet/fundamentals/code-analysis/quality-rules/ca1707) [/app/TWL.Tests/TWL.Tests.csproj]
/app/TWL.Tests/Localization/Audit/LocalizationAuditor.cs(186,26): warning CA1854: Prefer a 'TryGetValue' call over a Dictionary indexer access guarded by a 'ContainsKey' check to avoid double lookup (https://learn.microsoft.com/dotnet/fundamentals/code-analysis/quality-rules/ca1854) [/app/TWL.Tests/TWL.Tests.csproj]
/app/TWL.Tests/ServerCharacterTests.cs(52,17): warning CA1707: Remove the underscores from member name TWL.Tests.ServerCharacterTests.AddItem_ShouldBeThreadSafe() (https://learn.microsoft.com/dotnet/fundamentals/code-analysis/quality-rules/ca1707) [/app/TWL.Tests/TWL.Tests.csproj]
/app/TWL.Tests/ServerCharacterTests.cs(68,17): warning CA1707: Remove the underscores from member name TWL.Tests.ServerCharacterTests.HasItem_ShouldReturnTrue_WhenEnoughQuantity() (https://learn.microsoft.com/dotnet/fundamentals/code-analysis/quality-rules/ca1707) [/app/TWL.Tests/TWL.Tests.csproj]
/app/TWL.Tests/Quests/SpecialSkillQuestTests.cs(197,17): warning CA1707: Remove the underscores from member name TWL.Tests.Quests.SpecialSkillQuestTests.InstanceCompletion_ProgressesQuest() (https://learn.microsoft.com/dotnet/fundamentals/code-analysis/quality-rules/ca1707) [/app/TWL.Tests/TWL.Tests.csproj]
/app/TWL.Tests/Server/AutoBattleTests.cs(90,17): warning CA1707: Remove the underscores from member name TWL.Tests.Server.AutoBattleTests.GetBestAction_Support_CleansesDebuff() (https://learn.microsoft.com/dotnet/fundamentals/code-analysis/quality-rules/ca1707) [/app/TWL.Tests/TWL.Tests.csproj]
/app/TWL.Tests/Economy/EconomyGiftingTests.cs(111,17): warning CA1707: Remove the underscores from member name TWL.Tests.Economy.EconomyGiftingTests.GiftShopItem_Idempotency_PreventsDoubleSpend() (https://learn.microsoft.com/dotnet/fundamentals/code-analysis/quality-rules/ca1707) [/app/TWL.Tests/TWL.Tests.csproj]
/app/TWL.Tests/Economy/EconomyHardeningTests.cs(73,17): warning CA1707: Remove the underscores from member name TWL.Tests.Economy.EconomyHardeningTests.Compensation_ShouldRefund_WhenInventoryFull() (https://learn.microsoft.com/dotnet/fundamentals/code-analysis/quality-rules/ca1707) [/app/TWL.Tests/TWL.Tests.csproj]
/app/TWL.Tests/Economy/EconomyHardeningTests.cs(94,17): warning CA1707: Remove the underscores from member name TWL.Tests.Economy.EconomyHardeningTests.ValidateReceipt_FailClosed_OnEmptyInput() (https://learn.microsoft.com/dotnet/fundamentals/code-analysis/quality-rules/ca1707) [/app/TWL.Tests/TWL.Tests.csproj]
/app/TWL.Tests/Server/Features/Combat/TurnEngineTests.cs(64,17): warning CA1707: Remove the underscores from member name TWL.Tests.Server.Features.Combat.TurnEngineTests.NextTurn_SkipsDead() (https://learn.microsoft.com/dotnet/fundamentals/code-analysis/quality-rules/ca1707) [/app/TWL.Tests/TWL.Tests.csproj]
/app/TWL.Tests/Server/AutoBattleTests.cs(114,17): warning CA1707: Remove the underscores from member name TWL.Tests.Server.AutoBattleTests.GetBestAction_Control_SealsEnemy() (https://learn.microsoft.com/dotnet/fundamentals/code-analysis/quality-rules/ca1707) [/app/TWL.Tests/TWL.Tests.csproj]
/app/TWL.Tests/Economy/EconomyTests.cs(79,23): warning CA1707: Remove the underscores from member name TWL.Tests.Economy.EconomyTests.BuyShopItem_Concurrency_NoDoubleSpend() (https://learn.microsoft.com/dotnet/fundamentals/code-analysis/quality-rules/ca1707) [/app/TWL.Tests/TWL.Tests.csproj]
/app/TWL.Tests/Maps/MapValidationTests.cs(232,30): warning CA1305: The behavior of 'int.Parse(string)' could vary based on the current user's locale settings. Replace this call in 'MapValidationTests.ValidateMapMetadata()' with a call to 'int.Parse(string, IFormatProvider)'. (https://learn.microsoft.com/dotnet/fundamentals/code-analysis/quality-rules/ca1305) [/app/TWL.Tests/TWL.Tests.csproj]
/app/TWL.Tests/Maps/MapValidationTests.cs(251,35): warning CA1305: The behavior of 'int.Parse(string)' could vary based on the current user's locale settings. Replace this call in 'MapValidationTests.ValidateMapMetadata()' with a call to 'int.Parse(string, IFormatProvider)'. (https://learn.microsoft.com/dotnet/fundamentals/code-analysis/quality-rules/ca1305) [/app/TWL.Tests/TWL.Tests.csproj]
/app/TWL.Tests/Maps/MapValidationTests.cs(252,37): warning CA1305: The behavior of 'int.Parse(string)' could vary based on the current user's locale settings. Replace this call in 'MapValidationTests.ValidateMapMetadata()' with a call to 'int.Parse(string, IFormatProvider)'. (https://learn.microsoft.com/dotnet/fundamentals/code-analysis/quality-rules/ca1305) [/app/TWL.Tests/TWL.Tests.csproj]
/app/TWL.Tests/Economy/EconomyTests.cs(90,37): warning xUnit1031: Test methods should not use blocking task operations, as they can cause deadlocks. Use an async test method and await instead. (https://xunit.net/xunit.analyzers/rules/xUnit1031) [/app/TWL.Tests/TWL.Tests.csproj]
/app/TWL.Tests/Economy/EconomyTests.cs(90,51): warning xUnit1031: Test methods should not use blocking task operations, as they can cause deadlocks. Use an async test method and await instead. (https://xunit.net/xunit.analyzers/rules/xUnit1031) [/app/TWL.Tests/TWL.Tests.csproj]
/app/TWL.Tests/Skills/FireSkillPackTests.cs(190,17): warning CA1707: Remove the underscores from member name TWL.Tests.Skills.FireSkillPackTests.AutoBattle_Selects_InnerFire_ForMageAlly() (https://learn.microsoft.com/dotnet/fundamentals/code-analysis/quality-rules/ca1707) [/app/TWL.Tests/TWL.Tests.csproj]
/app/TWL.Tests/Quests/AlchemistQuestTests.cs(90,17): warning CA1707: Remove the underscores from member name TWL.Tests.Quests.AlchemistQuestTests.TryProgress_ShouldUseAmount() (https://learn.microsoft.com/dotnet/fundamentals/code-analysis/quality-rules/ca1707) [/app/TWL.Tests/TWL.Tests.csproj]
/app/TWL.Tests/Services/World/WorldTriggerServiceTests.cs(82,17): warning CA1707: Remove the underscores from member name TWL.Tests.Services.World.WorldTriggerServiceTests.ExecuteTick_ShouldInvokeHandler() (https://learn.microsoft.com/dotnet/fundamentals/code-analysis/quality-rules/ca1707) [/app/TWL.Tests/TWL.Tests.csproj]
/app/TWL.Tests/Economy/EconomyGiftingTests.cs(135,17): warning CA1707: Remove the underscores from member name TWL.Tests.Economy.EconomyGiftingTests.GiftShopItem_AppliesBindPolicyToReceiver() (https://learn.microsoft.com/dotnet/fundamentals/code-analysis/quality-rules/ca1707) [/app/TWL.Tests/TWL.Tests.csproj]
/app/TWL.Tests/Skills/FireSkillPackTests.cs(31,36): warning CA1859: Change type of field '_skillCatalog' from 'TWL.Shared.Domain.Characters.ISkillCatalog' to 'TWL.Shared.Domain.Skills.SkillRegistry' for improved performance (https://learn.microsoft.com/dotnet/fundamentals/code-analysis/quality-rules/ca1859) [/app/TWL.Tests/TWL.Tests.csproj]
/app/TWL.Tests/ServerCharacterTests.cs(77,17): warning CA1707: Remove the underscores from member name TWL.Tests.ServerCharacterTests.HasItem_ShouldReturnFalse_WhenNotEnoughQuantity() (https://learn.microsoft.com/dotnet/fundamentals/code-analysis/quality-rules/ca1707) [/app/TWL.Tests/TWL.Tests.csproj]
/app/TWL.Tests/Combat/CombatSkillSystemTests.cs(57,17): warning CA1707: Remove the underscores from member name TWL.Tests.Combat.CombatSkillSystemTests.WindBlade_DealsPhysicalDamage_And_CalculatesSpeedScaling() (https://learn.microsoft.com/dotnet/fundamentals/code-analysis/quality-rules/ca1707) [/app/TWL.Tests/TWL.Tests.csproj]
/app/TWL.Tests/Economy/EconomyHardeningTests.cs(110,17): warning CA1707: Remove the underscores from member name TWL.Tests.Economy.EconomyHardeningTests.Receipt_ShouldRejectInvalidSignature() (https://learn.microsoft.com/dotnet/fundamentals/code-analysis/quality-rules/ca1707) [/app/TWL.Tests/TWL.Tests.csproj]
/app/TWL.Tests/ServerCharacterTests.cs(86,17): warning CA1707: Remove the underscores from member name TWL.Tests.ServerCharacterTests.RemoveItem_ShouldRemoveAndReturnTrue_WhenEnoughQuantity() (https://learn.microsoft.com/dotnet/fundamentals/code-analysis/quality-rules/ca1707) [/app/TWL.Tests/TWL.Tests.csproj]
/app/TWL.Tests/Server/AutoBattleTests.cs(134,17): warning CA1707: Remove the underscores from member name TWL.Tests.Server.AutoBattleTests.GetBestAction_Attack_ChoosesWeakestEnemy() (https://learn.microsoft.com/dotnet/fundamentals/code-analysis/quality-rules/ca1707) [/app/TWL.Tests/TWL.Tests.csproj]
/app/TWL.Tests/Server/Simulation/Managers/AutoBattleManagerTests.cs(61,17): warning CA1707: Remove the underscores from member name TWL.Tests.Server.Simulation.Managers.AutoBattleManagerTests.GetBestAction_PrioritizesSeal_WhenEnemyDangerous() (https://learn.microsoft.com/dotnet/fundamentals/code-analysis/quality-rules/ca1707) [/app/TWL.Tests/TWL.Tests.csproj]
/app/TWL.Tests/PetTests/PetSystemTests.cs(99,17): warning CA1707: Remove the underscores from member name TWL.Tests.PetTests.PetSystemTests.CapturePet_Success() (https://learn.microsoft.com/dotnet/fundamentals/code-analysis/quality-rules/ca1707) [/app/TWL.Tests/TWL.Tests.csproj]
/app/TWL.Tests/Server/AutoBattleTests.cs(24,29): warning CA1822: Member 'CreateCharacter' does not access instance data and can be marked as static (https://learn.microsoft.com/dotnet/fundamentals/code-analysis/quality-rules/ca1822) [/app/TWL.Tests/TWL.Tests.csproj]
/app/TWL.Tests/Economy/EconomyHardeningTests.cs(126,17): warning CA1707: Remove the underscores from member name TWL.Tests.Economy.EconomyHardeningTests.Ledger_ShouldDetectTampering() (https://learn.microsoft.com/dotnet/fundamentals/code-analysis/quality-rules/ca1707) [/app/TWL.Tests/TWL.Tests.csproj]
/app/TWL.Tests/Server/QuestCombatIntegrationTests.cs(71,17): warning CA1707: Remove the underscores from member name TWL.Tests.Server.QuestCombatIntegrationTests.CombatKill_ShouldProgressQuest() (https://learn.microsoft.com/dotnet/fundamentals/code-analysis/quality-rules/ca1707) [/app/TWL.Tests/TWL.Tests.csproj]
/app/TWL.Tests/ServerCharacterTests.cs(97,17): warning CA1707: Remove the underscores from member name TWL.Tests.ServerCharacterTests.RemoveItem_ShouldReturnFalseAndNotChange_WhenNotEnoughQuantity() (https://learn.microsoft.com/dotnet/fundamentals/code-analysis/quality-rules/ca1707) [/app/TWL.Tests/TWL.Tests.csproj]
/app/TWL.Tests/Server/Simulation/Managers/AutoBattleManagerTests.cs(84,17): warning CA1707: Remove the underscores from member name TWL.Tests.Server.Simulation.Managers.AutoBattleManagerTests.GetBestAction_FallsBackToDamage_WhenNoStatusNeeds() (https://learn.microsoft.com/dotnet/fundamentals/code-analysis/quality-rules/ca1707) [/app/TWL.Tests/TWL.Tests.csproj]
/app/TWL.Tests/Localization/Audit/LocalizationAuditor.cs(306,60): warning CA1847: Use 'string.Contains(char)' instead of 'string.Contains(string)' when searching for a single character (https://learn.microsoft.com/dotnet/fundamentals/code-analysis/quality-rules/ca1847) [/app/TWL.Tests/TWL.Tests.csproj]
/app/TWL.Tests/Localization/Audit/LocalizationAuditor.cs(331,87): warning CA1847: Use 'string.Contains(char)' instead of 'string.Contains(string)' when searching for a single character (https://learn.microsoft.com/dotnet/fundamentals/code-analysis/quality-rules/ca1847) [/app/TWL.Tests/TWL.Tests.csproj]
/app/TWL.Tests/Localization/Audit/LocalizationAuditor.cs(315,43): warning CA1861: Prefer 'static readonly' fields over constant array arguments if the called method is called repeatedly and is not mutating the passed array (https://learn.microsoft.com/dotnet/fundamentals/code-analysis/quality-rules/ca1861) [/app/TWL.Tests/TWL.Tests.csproj]
/app/TWL.Tests/Server/QuestCombatIntegrationTests.cs(125,17): warning CA1707: Remove the underscores from member name TWL.Tests.Server.QuestCombatIntegrationTests.CombatDamage_ShouldNotProgressQuest_IfTargetAlive() (https://learn.microsoft.com/dotnet/fundamentals/code-analysis/quality-rules/ca1707) [/app/TWL.Tests/TWL.Tests.csproj]
/app/TWL.Tests/Localization/Audit/LocalizationAuditor.cs(304,21): warning CA1310: The behavior of 'string.StartsWith(string)' could vary based on the current user's locale settings. Replace this call in 'TWL.Tests.Localization.Audit.LocalizationAuditor.ScanHardcodedStrings(TWL.Tests.Localization.Audit.AuditResults)' with a call to 'string.StartsWith(string, System.StringComparison)'. (https://learn.microsoft.com/dotnet/fundamentals/code-analysis/quality-rules/ca1310) [/app/TWL.Tests/TWL.Tests.csproj]
/app/TWL.Tests/Localization/Audit/LocalizationAuditor.cs(305,21): warning CA1310: The behavior of 'string.StartsWith(string)' could vary based on the current user's locale settings. Replace this call in 'TWL.Tests.Localization.Audit.LocalizationAuditor.ScanHardcodedStrings(TWL.Tests.Localization.Audit.AuditResults)' with a call to 'string.StartsWith(string, System.StringComparison)'. (https://learn.microsoft.com/dotnet/fundamentals/code-analysis/quality-rules/ca1310) [/app/TWL.Tests/TWL.Tests.csproj]
/app/TWL.Tests/ServerCharacterTests.cs(108,17): warning CA1707: Remove the underscores from member name TWL.Tests.ServerCharacterTests.HasItem_ShouldWorkWithMultipleStacksAndPolicies() (https://learn.microsoft.com/dotnet/fundamentals/code-analysis/quality-rules/ca1707) [/app/TWL.Tests/TWL.Tests.csproj]
/app/TWL.Tests/Combat/CombatSkillSystemTests.cs(98,17): warning CA1707: Remove the underscores from member name TWL.Tests.Combat.CombatSkillSystemTests.Seal_PreventsAction() (https://learn.microsoft.com/dotnet/fundamentals/code-analysis/quality-rules/ca1707) [/app/TWL.Tests/TWL.Tests.csproj]
/app/TWL.Tests/Simulation/SpawnManagerTests.cs(72,17): warning CA1707: Remove the underscores from member name TWL.Tests.Simulation.SpawnManagerTests.OnPlayerMoved_ShouldTriggerEncounter_WhenChanceIsHigh_AndPositionValid() (https://learn.microsoft.com/dotnet/fundamentals/code-analysis/quality-rules/ca1707) [/app/TWL.Tests/TWL.Tests.csproj]
/app/TWL.Tests/Domain/ElementValidationTests.cs(8,17): warning CA1707: Remove the underscores from member name TWL.Tests.Domain.ElementValidationTests.PlayerCharacter_ThrowsOnNoneElement() (https://learn.microsoft.com/dotnet/fundamentals/code-analysis/quality-rules/ca1707) [/app/TWL.Tests/TWL.Tests.csproj]
/app/TWL.Tests/Domain/ElementValidationTests.cs(12,17): warning CA1707: Remove the underscores from member name TWL.Tests.Domain.ElementValidationTests.PetCharacter_ThrowsOnNoneElement() (https://learn.microsoft.com/dotnet/fundamentals/code-analysis/quality-rules/ca1707) [/app/TWL.Tests/TWL.Tests.csproj]
/app/TWL.Tests/Domain/ElementValidationTests.cs(16,17): warning CA1707: Remove the underscores from member name TWL.Tests.Domain.ElementValidationTests.MonsterDefinition_WithNoneElement_RequiresQuestOnlyTag() (https://learn.microsoft.com/dotnet/fundamentals/code-analysis/quality-rules/ca1707) [/app/TWL.Tests/TWL.Tests.csproj]
/app/TWL.Tests/ContentValidationTests.cs(12,20): warning CA1822: Member 'GetContentRoot' does not access instance data and can be marked as static (https://learn.microsoft.com/dotnet/fundamentals/code-analysis/quality-rules/ca1822) [/app/TWL.Tests/TWL.Tests.csproj]
/app/TWL.Tests/ContentValidationTests.cs(31,35): warning CA1822: Member 'GetJsonOptions' does not access instance data and can be marked as static (https://learn.microsoft.com/dotnet/fundamentals/code-analysis/quality-rules/ca1822) [/app/TWL.Tests/TWL.Tests.csproj]
/app/TWL.Tests/Localization/Audit/LocalizationAuditor.cs(377,43): warning CA1311: Specify a culture or use an invariant version to avoid implicit dependency on current culture (https://learn.microsoft.com/dotnet/fundamentals/code-analysis/quality-rules/ca1311) [/app/TWL.Tests/TWL.Tests.csproj]
/app/TWL.Tests/Domain/ElementValidationTests.cs(38,18): warning CA1822: Member 'ValidateMonster' does not access instance data and can be marked as static (https://learn.microsoft.com/dotnet/fundamentals/code-analysis/quality-rules/ca1822) [/app/TWL.Tests/TWL.Tests.csproj]
/app/TWL.Tests/Localization/Audit/LocalizationAuditor.cs(368,24): warning CA1854: Prefer a 'TryGetValue' call over a Dictionary indexer access guarded by a 'ContainsKey' check to avoid double lookup (https://learn.microsoft.com/dotnet/fundamentals/code-analysis/quality-rules/ca1854) [/app/TWL.Tests/TWL.Tests.csproj]
/app/TWL.Tests/Localization/Audit/LocalizationAuditor.cs(377,38): warning CA1304: The behavior of 'string.ToUpper()' could vary based on the current user's locale settings. Replace this call in 'LocalizationAuditor.AnalyzeFindings(AuditResults)' with a call to 'string.ToUpper(CultureInfo)'. (https://learn.microsoft.com/dotnet/fundamentals/code-analysis/quality-rules/ca1304) [/app/TWL.Tests/TWL.Tests.csproj]
/app/TWL.Tests/Localization/Audit/LocalizationAuditor.cs(413,28): warning CA1305: The behavior of 'int.ToString()' could vary based on the current user's locale settings. Replace this call in 'LocalizationAuditor.AnalyzeFindings(AuditResults)' with a call to 'int.ToString(IFormatProvider)'. (https://learn.microsoft.com/dotnet/fundamentals/code-analysis/quality-rules/ca1305) [/app/TWL.Tests/TWL.Tests.csproj]
/app/TWL.Tests/Localization/Audit/LocalizationAuditor.cs(445,41): warning CA1310: The behavior of 'string.StartsWith(string)' could vary based on the current user's locale settings. Replace this call in 'TWL.Tests.Localization.Audit.LocalizationAuditor.AnalyzeFindings(TWL.Tests.Localization.Audit.AuditResults)' with a call to 'string.StartsWith(string, System.StringComparison)'. (https://learn.microsoft.com/dotnet/fundamentals/code-analysis/quality-rules/ca1310) [/app/TWL.Tests/TWL.Tests.csproj]
/app/TWL.Tests/Services/World/WorldTriggerServiceTests.cs(116,17): warning CA1707: Remove the underscores from member name TWL.Tests.Services.World.WorldTriggerServiceTests.GetPlayersInTrigger_ShouldFilterPlayers() (https://learn.microsoft.com/dotnet/fundamentals/code-analysis/quality-rules/ca1707) [/app/TWL.Tests/TWL.Tests.csproj]
/app/TWL.Tests/Domain/BattleInstanceTests.cs(9,17): warning CA1707: Remove the underscores from member name TWL.Tests.Domain.BattleInstanceTests.Initialization_CreatesCombatants() (https://learn.microsoft.com/dotnet/fundamentals/code-analysis/quality-rules/ca1707) [/app/TWL.Tests/TWL.Tests.csproj]
/app/TWL.Tests/Domain/BattleInstanceTests.cs(22,17): warning CA1707: Remove the underscores from member name TWL.Tests.Domain.BattleInstanceTests.Tick_IncreasesATB() (https://learn.microsoft.com/dotnet/fundamentals/code-analysis/quality-rules/ca1707) [/app/TWL.Tests/TWL.Tests.csproj]
/app/TWL.Tests/PetTests/PetSystemTests.cs(143,17): warning CA1707: Remove the underscores from member name TWL.Tests.PetTests.PetSystemTests.CapturePet_FailsIfSlotsFull() (https://learn.microsoft.com/dotnet/fundamentals/code-analysis/quality-rules/ca1707) [/app/TWL.Tests/TWL.Tests.csproj]
/app/TWL.Tests/Shared/InventoryTests.cs(8,17): warning CA1707: Remove the underscores from member name TWL.Tests.Shared.InventoryTests.AddItem_AddNewItem_ShouldIncreaseCount() (https://learn.microsoft.com/dotnet/fundamentals/code-analysis/quality-rules/ca1707) [/app/TWL.Tests/TWL.Tests.csproj]
/app/TWL.Tests/Shared/InventoryTests.cs(16,17): warning CA1707: Remove the underscores from member name TWL.Tests.Shared.InventoryTests.AddItem_AddExistingItem_ShouldIncreaseQuantity() (https://learn.microsoft.com/dotnet/fundamentals/code-analysis/quality-rules/ca1707) [/app/TWL.Tests/TWL.Tests.csproj]
/app/TWL.Tests/Shared/InventoryTests.cs(27,17): warning CA1707: Remove the underscores from member name TWL.Tests.Shared.InventoryTests.AddItem_AddZeroOrNegativeQuantity_ShouldNotChangeInventory(int) (https://learn.microsoft.com/dotnet/fundamentals/code-analysis/quality-rules/ca1707) [/app/TWL.Tests/TWL.Tests.csproj]
/app/TWL.Tests/Shared/InventoryTests.cs(35,17): warning CA1707: Remove the underscores from member name TWL.Tests.Shared.InventoryTests.HasItem_ItemExistsWithSufficientQuantity_ShouldReturnTrue() (https://learn.microsoft.com/dotnet/fundamentals/code-analysis/quality-rules/ca1707) [/app/TWL.Tests/TWL.Tests.csproj]
/app/TWL.Tests/Shared/InventoryTests.cs(43,17): warning CA1707: Remove the underscores from member name TWL.Tests.Shared.InventoryTests.HasItem_ItemExistsWithInsufficientQuantity_ShouldReturnFalse() (https://learn.microsoft.com/dotnet/fundamentals/code-analysis/quality-rules/ca1707) [/app/TWL.Tests/TWL.Tests.csproj]
/app/TWL.Tests/Shared/InventoryTests.cs(51,17): warning CA1707: Remove the underscores from member name TWL.Tests.Shared.InventoryTests.HasItem_ItemDoesNotExist_ShouldReturnFalse() (https://learn.microsoft.com/dotnet/fundamentals/code-analysis/quality-rules/ca1707) [/app/TWL.Tests/TWL.Tests.csproj]
/app/TWL.Tests/Localization/Audit/LocalizationAuditor.cs(133,18): warning CA1822: Member 'ScanJsonElement' does not access instance data and can be marked as static (https://learn.microsoft.com/dotnet/fundamentals/code-analysis/quality-rules/ca1822) [/app/TWL.Tests/TWL.Tests.csproj]
/app/TWL.Tests/Localization/Audit/LocalizationAuditor.cs(199,17): warning CA1822: Member 'CountArgs' does not access instance data and can be marked as static (https://learn.microsoft.com/dotnet/fundamentals/code-analysis/quality-rules/ca1822) [/app/TWL.Tests/TWL.Tests.csproj]
/app/TWL.Tests/Combat/CombatSkillSystemTests.cs(140,17): warning CA1707: Remove the underscores from member name TWL.Tests.Combat.CombatSkillSystemTests.Dispel_RemovesBuffs() (https://learn.microsoft.com/dotnet/fundamentals/code-analysis/quality-rules/ca1707) [/app/TWL.Tests/TWL.Tests.csproj]
/app/TWL.Tests/Shared/InventoryTests.cs(58,17): warning CA1707: Remove the underscores from member name TWL.Tests.Shared.InventoryTests.RemoveItem_RemovePartialQuantity_ShouldDecreaseQuantity() (https://learn.microsoft.com/dotnet/fundamentals/code-analysis/quality-rules/ca1707) [/app/TWL.Tests/TWL.Tests.csproj]
/app/TWL.Tests/Shared/InventoryTests.cs(67,17): warning CA1707: Remove the underscores from member name TWL.Tests.Shared.InventoryTests.RemoveItem_RemoveFullQuantity_ShouldRemoveItem() (https://learn.microsoft.com/dotnet/fundamentals/code-analysis/quality-rules/ca1707) [/app/TWL.Tests/TWL.Tests.csproj]
/app/TWL.Tests/Shared/InventoryTests.cs(77,17): warning CA1707: Remove the underscores from member name TWL.Tests.Shared.InventoryTests.RemoveItem_RemoveMoreThanAvailable_ShouldReturnFalse() (https://learn.microsoft.com/dotnet/fundamentals/code-analysis/quality-rules/ca1707) [/app/TWL.Tests/TWL.Tests.csproj]
/app/TWL.Tests/Domain/BattleInstanceTests.cs(38,17): warning CA1707: Remove the underscores from member name TWL.Tests.Domain.BattleInstanceTests.ResolveAction_DamageApplied() (https://learn.microsoft.com/dotnet/fundamentals/code-analysis/quality-rules/ca1707) [/app/TWL.Tests/TWL.Tests.csproj]
/app/TWL.Tests/Shared/InventoryTests.cs(86,17): warning CA1707: Remove the underscores from member name TWL.Tests.Shared.InventoryTests.RemoveItem_RemoveNonExistingItem_ShouldReturnFalse() (https://learn.microsoft.com/dotnet/fundamentals/code-analysis/quality-rules/ca1707) [/app/TWL.Tests/TWL.Tests.csproj]
/app/TWL.Tests/Shared/InventoryTests.cs(93,17): warning CA1707: Remove the underscores from member name TWL.Tests.Shared.InventoryTests.GetItemCount_ItemExists_ShouldReturnQuantity() (https://learn.microsoft.com/dotnet/fundamentals/code-analysis/quality-rules/ca1707) [/app/TWL.Tests/TWL.Tests.csproj]
/app/TWL.Tests/PetTests/PetSystemTests.cs(175,17): warning CA1707: Remove the underscores from member name TWL.Tests.PetTests.PetSystemTests.Amity_CombatWin_IncreasesAmity() (https://learn.microsoft.com/dotnet/fundamentals/code-analysis/quality-rules/ca1707) [/app/TWL.Tests/TWL.Tests.csproj]
/app/TWL.Tests/Shared/InventoryTests.cs(101,17): warning CA1707: Remove the underscores from member name TWL.Tests.Shared.InventoryTests.GetItemCount_ItemDoesNotExist_ShouldReturnZero() (https://learn.microsoft.com/dotnet/fundamentals/code-analysis/quality-rules/ca1707) [/app/TWL.Tests/TWL.Tests.csproj]
/app/TWL.Tests/Combat/CombatSkillSystemTests.cs(165,17): warning CA1707: Remove the underscores from member name TWL.Tests.Combat.CombatSkillSystemTests.Mastery_EventFires() (https://learn.microsoft.com/dotnet/fundamentals/code-analysis/quality-rules/ca1707) [/app/TWL.Tests/TWL.Tests.csproj]
/app/TWL.Tests/Shared/InventoryTests.cs(108,17): warning CA1707: Remove the underscores from member name TWL.Tests.Shared.InventoryTests.ItemSlots_Setter_ShouldReplaceAllItems() (https://learn.microsoft.com/dotnet/fundamentals/code-analysis/quality-rules/ca1707) [/app/TWL.Tests/TWL.Tests.csproj]
/app/TWL.Tests/Quests/QuestValidationTests.cs(11,17): warning CA1707: Remove the underscores from member name TWL.Tests.Quests.QuestValidationTests.Validate_ValidQuest_ReturnsNoErrors() (https://learn.microsoft.com/dotnet/fundamentals/code-analysis/quality-rules/ca1707) [/app/TWL.Tests/TWL.Tests.csproj]
/app/TWL.Tests/Maps/MapValidationTests.cs(328,83): warning CA1305: The behavior of 'int.ToString()' could vary based on the current user's locale settings. Replace this call in 'MapValidationTests.ValidateWorldGraphIntegrity()' with a call to 'int.ToString(IFormatProvider)'. (https://learn.microsoft.com/dotnet/fundamentals/code-analysis/quality-rules/ca1305) [/app/TWL.Tests/TWL.Tests.csproj]
/app/TWL.Tests/Domain/BattleInstanceTests.cs(61,17): warning CA1707: Remove the underscores from member name TWL.Tests.Domain.BattleInstanceTests.BattleEnd_Victory() (https://learn.microsoft.com/dotnet/fundamentals/code-analysis/quality-rules/ca1707) [/app/TWL.Tests/TWL.Tests.csproj]
/app/TWL.Tests/Simulation/SpawnManagerTests.cs(122,17): warning CA1707: Remove the underscores from member name TWL.Tests.Simulation.SpawnManagerTests.OnPlayerMoved_ShouldNOTTriggerEncounter_WhenOutsideRegion() (https://learn.microsoft.com/dotnet/fundamentals/code-analysis/quality-rules/ca1707) [/app/TWL.Tests/TWL.Tests.csproj]
/app/TWL.Tests/Shared/Domain/Graphics/PaletteTests.cs(8,17): warning CA1707: Remove the underscores from member name TWL.Tests.Shared.Domain.Graphics.PaletteTests.PaletteRegistry_ReturnsDefault_WhenVariantNotFound() (https://learn.microsoft.com/dotnet/fundamentals/code-analysis/quality-rules/ca1707) [/app/TWL.Tests/TWL.Tests.csproj]
/app/TWL.Tests/Quests/QuestValidationTests.cs(30,17): warning CA1707: Remove the underscores from member name TWL.Tests.Quests.QuestValidationTests.Validate_DuplicateId_ReturnsError() (https://learn.microsoft.com/dotnet/fundamentals/code-analysis/quality-rules/ca1707) [/app/TWL.Tests/TWL.Tests.csproj]
/app/TWL.Tests/Shared/Domain/Graphics/PaletteTests.cs(16,17): warning CA1707: Remove the underscores from member name TWL.Tests.Shared.Domain.Graphics.PaletteTests.PaletteRegistry_RegistersAndRetrievesVariant() (https://learn.microsoft.com/dotnet/fundamentals/code-analysis/quality-rules/ca1707) [/app/TWL.Tests/TWL.Tests.csproj]
/app/TWL.Tests/Services/World/WorldTriggerServiceTests.cs(153,17): warning CA1707: Remove the underscores from member name TWL.Tests.Services.World.WorldTriggerServiceTests.DamageTriggerHandler_ShouldDamagePlayer() (https://learn.microsoft.com/dotnet/fundamentals/code-analysis/quality-rules/ca1707) [/app/TWL.Tests/TWL.Tests.csproj]
/app/TWL.Tests/Shared/Domain/Graphics/CharacterAppearanceTests.cs(9,17): warning CA1707: Remove the underscores from member name TWL.Tests.Shared.Domain.Graphics.CharacterAppearanceTests.CharacterAppearance_Defaults_AreSet() (https://learn.microsoft.com/dotnet/fundamentals/code-analysis/quality-rules/ca1707) [/app/TWL.Tests/TWL.Tests.csproj]
/app/TWL.Tests/Quests/QuestValidationTests.cs(54,17): warning CA1707: Remove the underscores from member name TWL.Tests.Quests.QuestValidationTests.Validate_MissingRequirement_ReturnsError() (https://learn.microsoft.com/dotnet/fundamentals/code-analysis/quality-rules/ca1707) [/app/TWL.Tests/TWL.Tests.csproj]
/app/TWL.Tests/PetTests/PetSystemTests.cs(194,17): warning CA1707: Remove the underscores from member name TWL.Tests.PetTests.PetSystemTests.Amity_Death_DecreasesAmity() (https://learn.microsoft.com/dotnet/fundamentals/code-analysis/quality-rules/ca1707) [/app/TWL.Tests/TWL.Tests.csproj]
/app/TWL.Tests/Combat/CombatSkillSystemTests.cs(197,17): warning CA1707: Remove the underscores from member name TWL.Tests.Combat.CombatSkillSystemTests.Evolution_SwapsId_At_Threshold() (https://learn.microsoft.com/dotnet/fundamentals/code-analysis/quality-rules/ca1707) [/app/TWL.Tests/TWL.Tests.csproj]
/app/TWL.Tests/Quests/QuestSystemExtendedTests.cs(71,17): warning CA1707: Remove the underscores from member name TWL.Tests.Quests.QuestSystemExtendedTests.MutualExclusion_BlocksStartingSecondQuest() (https://learn.microsoft.com/dotnet/fundamentals/code-analysis/quality-rules/ca1707) [/app/TWL.Tests/TWL.Tests.csproj]
/app/TWL.Tests/Maps/MapValidationTests.cs(8,20): warning CA1822: Member 'GetContentRoot' does not access instance data and can be marked as static (https://learn.microsoft.com/dotnet/fundamentals/code-analysis/quality-rules/ca1822) [/app/TWL.Tests/TWL.Tests.csproj]
/app/TWL.Tests/Maps/MapValidationTests.cs(26,20): warning CA1822: Member 'GetDocsRoot' does not access instance data and can be marked as static (https://learn.microsoft.com/dotnet/fundamentals/code-analysis/quality-rules/ca1822) [/app/TWL.Tests/TWL.Tests.csproj]
/app/TWL.Tests/Maps/MapValidationTests.cs(56,23): warning CA1822: Member 'LoadTmx' does not access instance data and can be marked as static (https://learn.microsoft.com/dotnet/fundamentals/code-analysis/quality-rules/ca1822) [/app/TWL.Tests/TWL.Tests.csproj]
/app/TWL.Tests/Maps/MapValidationTests.cs(58,26): warning CA1822: Member 'LoadMetadata' does not access instance data and can be marked as static (https://learn.microsoft.com/dotnet/fundamentals/code-analysis/quality-rules/ca1822) [/app/TWL.Tests/TWL.Tests.csproj]
/app/TWL.Tests/Maps/MapValidationTests.cs(338,40): warning CA1822: Member 'GetProperties' does not access instance data and can be marked as static (https://learn.microsoft.com/dotnet/fundamentals/code-analysis/quality-rules/ca1822) [/app/TWL.Tests/TWL.Tests.csproj]
/app/TWL.Tests/Shared/Domain/Graphics/CharacterAppearanceTests.cs(18,17): warning CA1707: Remove the underscores from member name TWL.Tests.Shared.Domain.Graphics.CharacterAppearanceTests.AvatarPart_Properties_AreSet() (https://learn.microsoft.com/dotnet/fundamentals/code-analysis/quality-rules/ca1707) [/app/TWL.Tests/TWL.Tests.csproj]
/app/TWL.Tests/Quests/QuestInfrastructureTests.cs(40,17): warning CA1707: Remove the underscores from member name TWL.Tests.Quests.QuestInfrastructureTests.Questline_FullFlow_WithInstance() (https://learn.microsoft.com/dotnet/fundamentals/code-analysis/quality-rules/ca1707) [/app/TWL.Tests/TWL.Tests.csproj]
/app/TWL.Tests/Quests/QuestSystemTests.cs(71,17): warning CA1707: Remove the underscores from member name TWL.Tests.Quests.QuestSystemTests.DataLoading_ShouldBeCorrect() (https://learn.microsoft.com/dotnet/fundamentals/code-analysis/quality-rules/ca1707) [/app/TWL.Tests/TWL.Tests.csproj]
/app/TWL.Tests/Quests/SpecialQuestTests.cs(91,17): warning CA1707: Remove the underscores from member name TWL.Tests.Quests.SpecialQuestTests.UniquePerCharacter_ShouldBlockRestart_EvenIfAbandonedOrCompleted() (https://learn.microsoft.com/dotnet/fundamentals/code-analysis/quality-rules/ca1707) [/app/TWL.Tests/TWL.Tests.csproj]
/app/TWL.Tests/Quests/QuestValidationTests.cs(71,17): warning CA1707: Remove the underscores from member name TWL.Tests.Quests.QuestValidationTests.Validate_InvalidObjectiveType_ReturnsError() (https://learn.microsoft.com/dotnet/fundamentals/code-analysis/quality-rules/ca1707) [/app/TWL.Tests/TWL.Tests.csproj]
/app/TWL.Tests/PetTests/PetSystemTests.cs(234,17): warning CA1707: Remove the underscores from member name TWL.Tests.PetTests.PetSystemTests.SwitchPet_ConsumesTurn_InCombat() (https://learn.microsoft.com/dotnet/fundamentals/code-analysis/quality-rules/ca1707) [/app/TWL.Tests/TWL.Tests.csproj]
/app/TWL.Tests/Quests/QuestGatingTests.cs(63,17): warning CA1707: Remove the underscores from member name TWL.Tests.Quests.QuestGatingTests.Should_Fail_If_Level_Too_Low() (https://learn.microsoft.com/dotnet/fundamentals/code-analysis/quality-rules/ca1707) [/app/TWL.Tests/TWL.Tests.csproj]
/app/TWL.Tests/Combat/CombatResolverTests.cs(12,17): warning CA1707: Remove the underscores from member name TWL.Tests.Combat.CombatResolverTests.CalculateDamage_StandardFormula_Correct() (https://learn.microsoft.com/dotnet/fundamentals/code-analysis/quality-rules/ca1707) [/app/TWL.Tests/TWL.Tests.csproj]
/app/TWL.Tests/Quests/QuestGatingTests.cs(77,17): warning CA1707: Remove the underscores from member name TWL.Tests.Quests.QuestGatingTests.Should_Fail_If_Stats_Too_Low() (https://learn.microsoft.com/dotnet/fundamentals/code-analysis/quality-rules/ca1707) [/app/TWL.Tests/TWL.Tests.csproj]
/app/TWL.Tests/Shared/Domain/Graphics/CharacterAppearanceTests.cs(27,17): warning CA1707: Remove the underscores from member name TWL.Tests.Shared.Domain.Graphics.CharacterAppearanceTests.CharacterAppearance_CanAddParts() (https://learn.microsoft.com/dotnet/fundamentals/code-analysis/quality-rules/ca1707) [/app/TWL.Tests/TWL.Tests.csproj]
/app/TWL.Tests/Quests/QuestSystemExtendedTests.cs(85,17): warning CA1707: Remove the underscores from member name TWL.Tests.Quests.QuestSystemExtendedTests.QuestTriggerHandler_ProgressesQuest() (https://learn.microsoft.com/dotnet/fundamentals/code-analysis/quality-rules/ca1707) [/app/TWL.Tests/TWL.Tests.csproj]
/app/TWL.Tests/Quests/QuestLogicTests.cs(80,17): warning CA1707: Remove the underscores from member name TWL.Tests.Quests.QuestLogicTests.Should_Block_Quest_Start_If_BlockedByFlags_Present() (https://learn.microsoft.com/dotnet/fundamentals/code-analysis/quality-rules/ca1707) [/app/TWL.Tests/TWL.Tests.csproj]
/app/TWL.Tests/Quests/QuestSystemTests.cs(82,17): warning CA1707: Remove the underscores from member name TWL.Tests.Quests.QuestSystemTests.MutualExclusion_ShouldPreventConcurrentQuests() (https://learn.microsoft.com/dotnet/fundamentals/code-analysis/quality-rules/ca1707) [/app/TWL.Tests/TWL.Tests.csproj]
/app/TWL.Tests/Quests/QuestSystemTests.cs(101,17): warning CA1707: Remove the underscores from member name TWL.Tests.Quests.QuestSystemTests.DailyQuest_ShouldRespectCooldown() (https://learn.microsoft.com/dotnet/fundamentals/code-analysis/quality-rules/ca1707) [/app/TWL.Tests/TWL.Tests.csproj]
/app/TWL.Tests/Quests/QuestSystemTests.cs(113,17): warning CA1707: Remove the underscores from member name TWL.Tests.Quests.QuestSystemTests.CooldownQuest_ShouldWait() (https://learn.microsoft.com/dotnet/fundamentals/code-analysis/quality-rules/ca1707) [/app/TWL.Tests/TWL.Tests.csproj]
/app/TWL.Tests/Quests/QuestInfrastructureTests.cs(82,17): warning CA1707: Remove the underscores from member name TWL.Tests.Quests.QuestInfrastructureTests.Instance_Failure_FailsQuest() (https://learn.microsoft.com/dotnet/fundamentals/code-analysis/quality-rules/ca1707) [/app/TWL.Tests/TWL.Tests.csproj]
/app/TWL.Tests/Quests/QuestValidationTests.cs(90,17): warning CA1707: Remove the underscores from member name TWL.Tests.Quests.QuestValidationTests.Validate_DeliverWithoutDataId_ReturnsError() (https://learn.microsoft.com/dotnet/fundamentals/code-analysis/quality-rules/ca1707) [/app/TWL.Tests/TWL.Tests.csproj]
/app/TWL.Tests/Quests/QuestGatingTests.cs(89,17): warning CA1707: Remove the underscores from member name TWL.Tests.Quests.QuestGatingTests.Should_Fail_If_Item_Missing() (https://learn.microsoft.com/dotnet/fundamentals/code-analysis/quality-rules/ca1707) [/app/TWL.Tests/TWL.Tests.csproj]
/app/TWL.Tests/Quests/QuestExpansionTests.cs(52,17): warning CA1707: Remove the underscores from member name TWL.Tests.Quests.QuestExpansionTests.PuzzleObjective_ShouldProgress() (https://learn.microsoft.com/dotnet/fundamentals/code-analysis/quality-rules/ca1707) [/app/TWL.Tests/TWL.Tests.csproj]
/app/TWL.Tests/Quests/QuestLogicTests.cs(98,17): warning CA1707: Remove the underscores from member name TWL.Tests.Quests.QuestLogicTests.Should_Fail_Quest_If_Expired() (https://learn.microsoft.com/dotnet/fundamentals/code-analysis/quality-rules/ca1707) [/app/TWL.Tests/TWL.Tests.csproj]
/app/TWL.Tests/Quests/QuestLogicTests.cs(122,17): warning CA1707: Remove the underscores from member name TWL.Tests.Quests.QuestLogicTests.Should_Load_InstanceRules() (https://learn.microsoft.com/dotnet/fundamentals/code-analysis/quality-rules/ca1707) [/app/TWL.Tests/TWL.Tests.csproj]
/app/TWL.Tests/Combat/CombatResolverTests.cs(35,17): warning CA1707: Remove the underscores from member name TWL.Tests.Combat.CombatResolverTests.CalculateDamage_VarianceHigh_Correct() (https://learn.microsoft.com/dotnet/fundamentals/code-analysis/quality-rules/ca1707) [/app/TWL.Tests/TWL.Tests.csproj]
/app/TWL.Tests/Quests/SpecialQuestTests.cs(121,17): warning CA1707: Remove the underscores from member name TWL.Tests.Quests.SpecialQuestTests.SpecialCategory_ShouldEnforceExclusivity() (https://learn.microsoft.com/dotnet/fundamentals/code-analysis/quality-rules/ca1707) [/app/TWL.Tests/TWL.Tests.csproj]
/app/TWL.Tests/Quests/SpecialQuestTests.cs(147,17): warning CA1707: Remove the underscores from member name TWL.Tests.Quests.SpecialQuestTests.NormalQuests_ShouldNotBeAffectedBySpecialExclusivity() (https://learn.microsoft.com/dotnet/fundamentals/code-analysis/quality-rules/ca1707) [/app/TWL.Tests/TWL.Tests.csproj]
/app/TWL.Tests/Combat/CombatResolverTests.cs(57,17): warning CA1707: Remove the underscores from member name TWL.Tests.Combat.CombatResolverTests.CalculateDamage_VarianceLow_Correct() (https://learn.microsoft.com/dotnet/fundamentals/code-analysis/quality-rules/ca1707) [/app/TWL.Tests/TWL.Tests.csproj]
/app/TWL.Tests/Quests/QuestSystemTests.cs(131,17): warning CA1707: Remove the underscores from member name TWL.Tests.Quests.QuestSystemTests.FailQuest_ShouldSetStateToFailed() (https://learn.microsoft.com/dotnet/fundamentals/code-analysis/quality-rules/ca1707) [/app/TWL.Tests/TWL.Tests.csproj]
/app/TWL.Tests/Quests/QuestEngineEventsTests.cs(96,17): warning CA1816: Change QuestEngineEventsTests.Dispose() to call GC.SuppressFinalize(object). This will prevent derived types that introduce a finalizer from needing to re-implement 'IDisposable' to call it. (https://learn.microsoft.com/dotnet/fundamentals/code-analysis/quality-rules/ca1816) [/app/TWL.Tests/TWL.Tests.csproj]
/app/TWL.Tests/Services/World/MapLoaderTests.cs(23,17): warning CA1707: Remove the underscores from member name TWL.Tests.Services.World.MapLoaderTests.LoadMap_ShouldParseTimerTriggerProperties() (https://learn.microsoft.com/dotnet/fundamentals/code-analysis/quality-rules/ca1707) [/app/TWL.Tests/TWL.Tests.csproj]
/app/TWL.Tests/Quests/QuestEngineEventsTests.cs(110,17): warning CA1707: Remove the underscores from member name TWL.Tests.Quests.QuestEngineEventsTests.PetAcquired_ShouldUpdateQuest() (https://learn.microsoft.com/dotnet/fundamentals/code-analysis/quality-rules/ca1707) [/app/TWL.Tests/TWL.Tests.csproj]
/app/TWL.Tests/Simulation/SpawnManagerTests.cs(168,17): warning CA1707: Remove the underscores from member name TWL.Tests.Simulation.SpawnManagerTests.OnPlayerMoved_ShouldNOTTriggerEncounter_WhenAlreadyInCombat() (https://learn.microsoft.com/dotnet/fundamentals/code-analysis/quality-rules/ca1707) [/app/TWL.Tests/TWL.Tests.csproj]
/app/TWL.Tests/Quests/QuestExpansionTests.cs(66,17): warning CA1707: Remove the underscores from member name TWL.Tests.Quests.QuestExpansionTests.PartyObjective_ShouldProgress() (https://learn.microsoft.com/dotnet/fundamentals/code-analysis/quality-rules/ca1707) [/app/TWL.Tests/TWL.Tests.csproj]
/app/TWL.Tests/Quests/IntroArcTests.cs(44,17): warning CA1707: Remove the underscores from member name TWL.Tests.Quests.IntroArcTests.Quest1001_DespertarEnLaPlaya_Flow() (https://learn.microsoft.com/dotnet/fundamentals/code-analysis/quality-rules/ca1707) [/app/TWL.Tests/TWL.Tests.csproj]
/app/TWL.Tests/PetTests/PetSystemTests.cs(265,17): warning CA1707: Remove the underscores from member name TWL.Tests.PetTests.PetSystemTests.Rebirth_ResetsLevel_UnlocksSkill() (https://learn.microsoft.com/dotnet/fundamentals/code-analysis/quality-rules/ca1707) [/app/TWL.Tests/TWL.Tests.csproj]
/app/TWL.Tests/PetTests/PetSystemTests.cs(300,17): warning CA1707: Remove the underscores from member name TWL.Tests.PetTests.PetSystemTests.QuestPet_Lifecycle_Expiry() (https://learn.microsoft.com/dotnet/fundamentals/code-analysis/quality-rules/ca1707) [/app/TWL.Tests/TWL.Tests.csproj]
/app/TWL.Tests/Quests/QuestValidationTests.cs(109,17): warning CA1707: Remove the underscores from member name TWL.Tests.Quests.QuestValidationTests.Validate_ProductionData_IsValid() (https://learn.microsoft.com/dotnet/fundamentals/code-analysis/quality-rules/ca1707) [/app/TWL.Tests/TWL.Tests.csproj]
/app/TWL.Tests/Quests/QuestValidationTests.cs(133,23): warning CA1869: Avoid creating a new 'JsonSerializerOptions' instance for every serialization operation. Cache and reuse instances instead. (https://learn.microsoft.com/dotnet/fundamentals/code-analysis/quality-rules/ca1869) [/app/TWL.Tests/TWL.Tests.csproj]
/app/TWL.Tests/Quests/QuestValidationTests.cs(151,19): warning CA2201: Exception type System.Exception is not sufficiently specific (https://learn.microsoft.com/dotnet/fundamentals/code-analysis/quality-rules/ca2201) [/app/TWL.Tests/TWL.Tests.csproj]
/app/TWL.Tests/Services/World/MapLoaderTests.cs(70,17): warning CA1707: Remove the underscores from member name TWL.Tests.Services.World.MapLoaderTests.LoadMap_ShouldDefaultToEnterActivation() (https://learn.microsoft.com/dotnet/fundamentals/code-analysis/quality-rules/ca1707) [/app/TWL.Tests/TWL.Tests.csproj]
/app/TWL.Tests/Quests/QuestEngineEventsTests.cs(123,17): warning CA1707: Remove the underscores from member name TWL.Tests.Quests.QuestEngineEventsTests.Trade_ShouldUpdateQuest() (https://learn.microsoft.com/dotnet/fundamentals/code-analysis/quality-rules/ca1707) [/app/TWL.Tests/TWL.Tests.csproj]
/app/TWL.Tests/Skills/DailySkillsTests.cs(26,17): warning CA1707: Remove the underscores from member name TWL.Tests.Skills.DailySkillsTests.WindSkills_AreLoaded_InRegistry() (https://learn.microsoft.com/dotnet/fundamentals/code-analysis/quality-rules/ca1707) [/app/TWL.Tests/TWL.Tests.csproj]
/app/TWL.Tests/Quests/DeliverObjectiveTests.cs(48,17): warning CA1707: Remove the underscores from member name TWL.Tests.Quests.DeliverObjectiveTests.TryDeliver_ShouldRemoveItems_AndProgressQuest() (https://learn.microsoft.com/dotnet/fundamentals/code-analysis/quality-rules/ca1707) [/app/TWL.Tests/TWL.Tests.csproj]
/app/TWL.Tests/Skills/ContentConsistencyTests.cs(26,17): warning CA1707: Remove the underscores from member name TWL.Tests.Skills.ContentConsistencyTests.All_StageUpgrades_PointTo_ValidSkills() (https://learn.microsoft.com/dotnet/fundamentals/code-analysis/quality-rules/ca1707) [/app/TWL.Tests/TWL.Tests.csproj]
/app/TWL.Tests/Quests/DeliverObjectiveTests.cs(75,17): warning CA1707: Remove the underscores from member name TWL.Tests.Quests.DeliverObjectiveTests.TryDeliver_ShouldNotProgress_IfItemMissing() (https://learn.microsoft.com/dotnet/fundamentals/code-analysis/quality-rules/ca1707) [/app/TWL.Tests/TWL.Tests.csproj]
/app/TWL.Tests/Quests/DailyBountyTests.cs(34,17): warning CA1707: Remove the underscores from member name TWL.Tests.Quests.DailyBountyTests.CanStart_OnlyOneBounty_PerDay() (https://learn.microsoft.com/dotnet/fundamentals/code-analysis/quality-rules/ca1707) [/app/TWL.Tests/TWL.Tests.csproj]
/app/TWL.Tests/Quests/DailyBountyTests.cs(55,17): warning CA1707: Remove the underscores from member name TWL.Tests.Quests.DailyBountyTests.NextDay_UnblocksGroup() (https://learn.microsoft.com/dotnet/fundamentals/code-analysis/quality-rules/ca1707) [/app/TWL.Tests/TWL.Tests.csproj]
/app/TWL.Tests/Quests/BranchingQuestTests.cs(52,17): warning CA1707: Remove the underscores from member name TWL.Tests.Quests.BranchingQuestTests.StartQuest_ShouldBlockMutualExclusion() (https://learn.microsoft.com/dotnet/fundamentals/code-analysis/quality-rules/ca1707) [/app/TWL.Tests/TWL.Tests.csproj]
/app/TWL.Tests/Quests/BranchingQuestTests.cs(59,17): warning CA1707: Remove the underscores from member name TWL.Tests.Quests.BranchingQuestTests.CompletedQuest_ShouldBlockOtherBranch_ViaFlags() (https://learn.microsoft.com/dotnet/fundamentals/code-analysis/quality-rules/ca1707) [/app/TWL.Tests/TWL.Tests.csproj]
/app/TWL.Tests/Combat/CombatMechanicsTests.cs(58,17): warning CA1707: Remove the underscores from member name TWL.Tests.Combat.CombatMechanicsTests.Fire_Vs_Wind_DealsBonusDamage() (https://learn.microsoft.com/dotnet/fundamentals/code-analysis/quality-rules/ca1707) [/app/TWL.Tests/TWL.Tests.csproj]
/app/TWL.Tests/Server/Services/WorldSchedulerTests.cs(10,23): warning CA1707: Remove the underscores from member name TWL.Tests.Server.Services.WorldSchedulerTests.Schedule_ExecutesActionAfterDelay() (https://learn.microsoft.com/dotnet/fundamentals/code-analysis/quality-rules/ca1707) [/app/TWL.Tests/TWL.Tests.csproj]
/app/TWL.Tests/Quests/QuestBranchingAndFailureTests.cs(55,17): warning CA1707: Remove the underscores from member name TWL.Tests.Quests.QuestBranchingAndFailureTests.BranchingFlow_VerifyMutualExclusionAndFailConditions() (https://learn.microsoft.com/dotnet/fundamentals/code-analysis/quality-rules/ca1707) [/app/TWL.Tests/TWL.Tests.csproj]
/app/TWL.Tests/Quests/QuestEngineEventsTests.cs(139,17): warning CA1707: Remove the underscores from member name TWL.Tests.Quests.QuestEngineEventsTests.Compound_ShouldUpdateQuest() (https://learn.microsoft.com/dotnet/fundamentals/code-analysis/quality-rules/ca1707) [/app/TWL.Tests/TWL.Tests.csproj]
/app/TWL.Tests/Quests/PlayerQuestComponentTests.cs(66,17): warning CA1707: Remove the underscores from member name TWL.Tests.Quests.PlayerQuestComponentTests.HandleCraft_ShouldUpdateProgress() (https://learn.microsoft.com/dotnet/fundamentals/code-analysis/quality-rules/ca1707) [/app/TWL.Tests/TWL.Tests.csproj]
/app/TWL.Tests/Skills/ContentConsistencyTests.cs(45,17): warning CA1707: Remove the underscores from member name TWL.Tests.Skills.ContentConsistencyTests.Stage_Evolution_Chains_Are_Complete() (https://learn.microsoft.com/dotnet/fundamentals/code-analysis/quality-rules/ca1707) [/app/TWL.Tests/TWL.Tests.csproj]
/app/TWL.Tests/Quests/QuestExpansionTests.cs(80,17): warning CA1707: Remove the underscores from member name TWL.Tests.Quests.QuestExpansionTests.QuestChain_1007_to_1009_ShouldWork() (https://learn.microsoft.com/dotnet/fundamentals/code-analysis/quality-rules/ca1707) [/app/TWL.Tests/TWL.Tests.csproj]
/app/TWL.Tests/Quests/IntroArcTests.cs(59,17): warning CA1707: Remove the underscores from member name TWL.Tests.Quests.IntroArcTests.IntroArc_FullProgression() (https://learn.microsoft.com/dotnet/fundamentals/code-analysis/quality-rules/ca1707) [/app/TWL.Tests/TWL.Tests.csproj]
/app/TWL.Tests/Economy/EconomyPersistenceTests.cs(9,17): warning CA1707: Remove the underscores from member name TWL.Tests.Economy.EconomyPersistenceTests.BuyShopItem_Idempotency_PersistsAcrossRestarts() (https://learn.microsoft.com/dotnet/fundamentals/code-analysis/quality-rules/ca1707) [/app/TWL.Tests/TWL.Tests.csproj]
/app/TWL.Tests/Quests/DeliverObjectiveTests.cs(87,17): warning CA1707: Remove the underscores from member name TWL.Tests.Quests.DeliverObjectiveTests.TryDeliver_ShouldPartialProgress_IfNotEnoughItems() (https://learn.microsoft.com/dotnet/fundamentals/code-analysis/quality-rules/ca1707) [/app/TWL.Tests/TWL.Tests.csproj]
/app/TWL.Tests/Combat/CombatMechanicsTests.cs(89,17): warning CA1707: Remove the underscores from member name TWL.Tests.Combat.CombatMechanicsTests.Fire_Vs_Water_DealsReducedDamage() (https://learn.microsoft.com/dotnet/fundamentals/code-analysis/quality-rules/ca1707) [/app/TWL.Tests/TWL.Tests.csproj]
/app/TWL.Tests/PetTests/PetSystemExpansionTests.cs(67,17): warning CA1816: Change PetSystemExpansionTests.Dispose() to call GC.SuppressFinalize(object). This will prevent derived types that introduce a finalizer from needing to re-implement 'IDisposable' to call it. (https://learn.microsoft.com/dotnet/fundamentals/code-analysis/quality-rules/ca1816) [/app/TWL.Tests/TWL.Tests.csproj]
/app/TWL.Tests/Quests/PlayerQuestComponentTests.cs(77,17): warning CA1707: Remove the underscores from member name TWL.Tests.Quests.PlayerQuestComponentTests.HandleCompound_ShouldUpdateProgress() (https://learn.microsoft.com/dotnet/fundamentals/code-analysis/quality-rules/ca1707) [/app/TWL.Tests/TWL.Tests.csproj]
/app/TWL.Tests/Server/Services/WorldSchedulerTests.cs(30,23): warning CA1707: Remove the underscores from member name TWL.Tests.Server.Services.WorldSchedulerTests.ScheduleRepeating_ExecutesRepeatedly() (https://learn.microsoft.com/dotnet/fundamentals/code-analysis/quality-rules/ca1707) [/app/TWL.Tests/TWL.Tests.csproj]
/app/TWL.Tests/Quests/PlayerQuestComponentTests.cs(92,17): warning CA1707: Remove the underscores from member name TWL.Tests.Quests.PlayerQuestComponentTests.HandleEscort_ShouldUpdateProgress_OnSuccess() (https://learn.microsoft.com/dotnet/fundamentals/code-analysis/quality-rules/ca1707) [/app/TWL.Tests/TWL.Tests.csproj]
/app/TWL.Tests/Economy/EconomySnapshotTests.cs(11,17): warning CA1707: Remove the underscores from member name TWL.Tests.Economy.EconomySnapshotTests.Snapshot_RestoresState_And_SkipsOldLedger() (https://learn.microsoft.com/dotnet/fundamentals/code-analysis/quality-rules/ca1707) [/app/TWL.Tests/TWL.Tests.csproj]
/app/TWL.Tests/Server/ServerCharacterLevelingTests.cs(8,17): warning CA1707: Remove the underscores from member name TWL.Tests.Server.ServerCharacterLevelingTests.InitialStats_ShouldBeDefault() (https://learn.microsoft.com/dotnet/fundamentals/code-analysis/quality-rules/ca1707) [/app/TWL.Tests/TWL.Tests.csproj]
/app/TWL.Tests/Skills/DailySkillsTests.cs(54,17): warning CA1707: Remove the underscores from member name TWL.Tests.Skills.DailySkillsTests.AutoBattle_Selects_Seal_WhenEnemyDangerous() (https://learn.microsoft.com/dotnet/fundamentals/code-analysis/quality-rules/ca1707) [/app/TWL.Tests/TWL.Tests.csproj]
/app/TWL.Tests/Services/SeedableRandomServiceTests.cs(18,17): warning CA1707: Remove the underscores from member name TWL.Tests.Services.SeedableRandomServiceTests.Constructor_WithSeed_LogsSeed() (https://learn.microsoft.com/dotnet/fundamentals/code-analysis/quality-rules/ca1707) [/app/TWL.Tests/TWL.Tests.csproj]
/app/TWL.Tests/Services/SeedableRandomServiceTests.cs(33,69): warning CA1305: The behavior of 'int.ToString()' could vary based on the current user's locale settings. Replace this call in 'SeedableRandomServiceTests.Constructor_WithSeed_LogsSeed()' with a call to 'int.ToString(IFormatProvider)'. (https://learn.microsoft.com/dotnet/fundamentals/code-analysis/quality-rules/ca1305) [/app/TWL.Tests/TWL.Tests.csproj]
/app/TWL.Tests/Skills/ContentConsistencyTests.cs(9,36): warning CA1859: Change type of field '_skillCatalog' from 'TWL.Shared.Domain.Characters.ISkillCatalog' to 'TWL.Shared.Domain.Skills.SkillRegistry' for improved performance (https://learn.microsoft.com/dotnet/fundamentals/code-analysis/quality-rules/ca1859) [/app/TWL.Tests/TWL.Tests.csproj]
/app/TWL.Tests/Economy/EconomyServiceMockTests.cs(10,17): warning CA1707: Remove the underscores from member name TWL.Tests.Economy.EconomyServiceMockTests.Can_Mock_EconomyService() (https://learn.microsoft.com/dotnet/fundamentals/code-analysis/quality-rules/ca1707) [/app/TWL.Tests/TWL.Tests.csproj]
/app/TWL.Tests/Quests/PlayerQuestComponentTests.cs(102,17): warning CA1707: Remove the underscores from member name TWL.Tests.Quests.PlayerQuestComponentTests.HandleEscort_ShouldNotUpdate_OnFailure() (https://learn.microsoft.com/dotnet/fundamentals/code-analysis/quality-rules/ca1707) [/app/TWL.Tests/TWL.Tests.csproj]
/app/TWL.Tests/Simulation/AutoBattleManagerTests.cs(28,17): warning CA1707: Remove the underscores from member name TWL.Tests.Simulation.AutoBattleManagerTests.GetBestAction_Survival_HealsAllyLowHp() (https://learn.microsoft.com/dotnet/fundamentals/code-analysis/quality-rules/ca1707) [/app/TWL.Tests/TWL.Tests.csproj]
/app/TWL.Tests/Server/Services/WorldSchedulerTests.cs(50,23): warning CA1707: Remove the underscores from member name TWL.Tests.Server.Services.WorldSchedulerTests.CurrentTick_IncrementsOverTime() (https://learn.microsoft.com/dotnet/fundamentals/code-analysis/quality-rules/ca1707) [/app/TWL.Tests/TWL.Tests.csproj]
/app/TWL.Tests/Quests/PuertoRocaQuestTests.cs(10,20): warning CA1822: Member 'GetContentPath' does not access instance data and can be marked as static (https://learn.microsoft.com/dotnet/fundamentals/code-analysis/quality-rules/ca1822) [/app/TWL.Tests/TWL.Tests.csproj]
/app/TWL.Tests/Combat/CombatMechanicsTests.cs(116,17): warning CA1707: Remove the underscores from member name TWL.Tests.Combat.CombatMechanicsTests.Fire_Vs_Earth_DealsNormalDamage() (https://learn.microsoft.com/dotnet/fundamentals/code-analysis/quality-rules/ca1707) [/app/TWL.Tests/TWL.Tests.csproj]
/app/TWL.Tests/Combat/CombatManagerTests.cs(53,17): warning CA1707: Remove the underscores from member name TWL.Tests.Combat.CombatManagerTests.UseSkill_CalculatesDamage_WithVariance_Normal() (https://learn.microsoft.com/dotnet/fundamentals/code-analysis/quality-rules/ca1707) [/app/TWL.Tests/TWL.Tests.csproj]
/app/TWL.Tests/Services/SeedableRandomServiceTests.cs(40,17): warning CA1707: Remove the underscores from member name TWL.Tests.Services.SeedableRandomServiceTests.Determinism_SameSeed_ProducesSameSequence() (https://learn.microsoft.com/dotnet/fundamentals/code-analysis/quality-rules/ca1707) [/app/TWL.Tests/TWL.Tests.csproj]
/app/TWL.Tests/Quests/HousingQuestTests.cs(39,17): warning CA1707: Remove the underscores from member name TWL.Tests.Quests.HousingQuestTests.HousingChain_Should_Progress_Correctly() (https://learn.microsoft.com/dotnet/fundamentals/code-analysis/quality-rules/ca1707) [/app/TWL.Tests/TWL.Tests.csproj]
/app/TWL.Tests/Server/Services/World/MapLoaderTests.cs(17,17): warning CA1816: Change MapLoaderTests.Dispose() to call GC.SuppressFinalize(object). This will prevent derived types that introduce a finalizer from needing to re-implement 'IDisposable' to call it. (https://learn.microsoft.com/dotnet/fundamentals/code-analysis/quality-rules/ca1816) [/app/TWL.Tests/TWL.Tests.csproj]
/app/TWL.Tests/Server/ServerCharacterLevelingTests.cs(22,17): warning CA1707: Remove the underscores from member name TWL.Tests.Server.ServerCharacterLevelingTests.AddExp_ShouldLevelUp_AndAwardStatPoints() (https://learn.microsoft.com/dotnet/fundamentals/code-analysis/quality-rules/ca1707) [/app/TWL.Tests/TWL.Tests.csproj]
/app/TWL.Tests/Simulation/EncounterTests.cs(85,17): warning CA1707: Remove the underscores from member name TWL.Tests.Simulation.EncounterTests.StartEncounter_ShouldStart_WhenValid() (https://learn.microsoft.com/dotnet/fundamentals/code-analysis/quality-rules/ca1707) [/app/TWL.Tests/TWL.Tests.csproj]
/app/TWL.Tests/Services/SeedableRandomServiceTests.cs(58,17): warning CA1707: Remove the underscores from member name TWL.Tests.Services.SeedableRandomServiceTests.Independence_DifferentSeeds_ProducesDifferentSequence() (https://learn.microsoft.com/dotnet/fundamentals/code-analysis/quality-rules/ca1707) [/app/TWL.Tests/TWL.Tests.csproj]
/app/TWL.Tests/Services/PetServiceTests.cs(69,23): warning CA1869: Avoid creating a new 'JsonSerializerOptions' instance for every serialization operation. Cache and reuse instances instead. (https://learn.microsoft.com/dotnet/fundamentals/code-analysis/quality-rules/ca1869) [/app/TWL.Tests/TWL.Tests.csproj]
/app/TWL.Tests/Services/PetServiceTests.cs(85,17): warning CA1816: Change PetServiceTests.Dispose() to call GC.SuppressFinalize(object). This will prevent derived types that introduce a finalizer from needing to re-implement 'IDisposable' to call it. (https://learn.microsoft.com/dotnet/fundamentals/code-analysis/quality-rules/ca1816) [/app/TWL.Tests/TWL.Tests.csproj]
/app/TWL.Tests/Simulation/AutoBattleManagerTests.cs(55,17): warning CA1707: Remove the underscores from member name TWL.Tests.Simulation.AutoBattleManagerTests.GetBestAction_Aggression_UsesStrongestAttack() (https://learn.microsoft.com/dotnet/fundamentals/code-analysis/quality-rules/ca1707) [/app/TWL.Tests/TWL.Tests.csproj]
/app/TWL.Tests/Skills/EarthSkillPackTests.cs(81,17): warning CA1707: Remove the underscores from member name TWL.Tests.Skills.EarthSkillPackTests.RockSmash_Evolution_Chain_Works() (https://learn.microsoft.com/dotnet/fundamentals/code-analysis/quality-rules/ca1707) [/app/TWL.Tests/TWL.Tests.csproj]
/app/TWL.Tests/Server/Services/WorldSchedulerTests.cs(63,23): warning CA1707: Remove the underscores from member name TWL.Tests.Server.Services.WorldSchedulerTests.OnTick_InvokesHandler() (https://learn.microsoft.com/dotnet/fundamentals/code-analysis/quality-rules/ca1707) [/app/TWL.Tests/TWL.Tests.csproj]
/app/TWL.Tests/Combat/CombatManagerTests.cs(85,17): warning CA1707: Remove the underscores from member name TWL.Tests.Combat.CombatManagerTests.UseSkill_CalculatesDamage_WithLowVariance() (https://learn.microsoft.com/dotnet/fundamentals/code-analysis/quality-rules/ca1707) [/app/TWL.Tests/TWL.Tests.csproj]
/app/TWL.Tests/Quests/PuertoRocaJourneyTests.cs(36,17): warning CA1707: Remove the underscores from member name TWL.Tests.Quests.PuertoRocaJourneyTests.JourneyToPuertoRoca_Chain_ShouldProgress_Correctly() (https://learn.microsoft.com/dotnet/fundamentals/code-analysis/quality-rules/ca1707) [/app/TWL.Tests/TWL.Tests.csproj]
/app/TWL.Tests/Services/SeedableRandomServiceTests.cs(81,17): warning CA1707: Remove the underscores from member name TWL.Tests.Services.SeedableRandomServiceTests.ThreadSafety_ConcurrentAccess_DoesNotThrow() (https://learn.microsoft.com/dotnet/fundamentals/code-analysis/quality-rules/ca1707) [/app/TWL.Tests/TWL.Tests.csproj]
/app/TWL.Tests/Server/ServerCharacterLevelingTests.cs(40,17): warning CA1707: Remove the underscores from member name TWL.Tests.Server.ServerCharacterLevelingTests.AddExp_ShouldHandleMultipleLevelUps() (https://learn.microsoft.com/dotnet/fundamentals/code-analysis/quality-rules/ca1707) [/app/TWL.Tests/TWL.Tests.csproj]
/app/TWL.Tests/Simulation/EncounterTests.cs(102,17): warning CA1707: Remove the underscores from member name TWL.Tests.Simulation.EncounterTests.StartEncounter_ShouldFail_WhenPlayerIsElementNone() (https://learn.microsoft.com/dotnet/fundamentals/code-analysis/quality-rules/ca1707) [/app/TWL.Tests/TWL.Tests.csproj]
/app/TWL.Tests/Combat/CombatMechanicsTests.cs(143,17): warning CA1707: Remove the underscores from member name TWL.Tests.Combat.CombatMechanicsTests.IgniteSpirit_AppliesAttackBuff() (https://learn.microsoft.com/dotnet/fundamentals/code-analysis/quality-rules/ca1707) [/app/TWL.Tests/TWL.Tests.csproj]
/app/TWL.Tests/PetTests/PetSystemExpansionTests.cs(76,17): warning CA1707: Remove the underscores from member name TWL.Tests.PetTests.PetSystemExpansionTests.PetDeath_ReducesAmity() (https://learn.microsoft.com/dotnet/fundamentals/code-analysis/quality-rules/ca1707) [/app/TWL.Tests/TWL.Tests.csproj]
/app/TWL.Tests/Simulation/AutoBattleManagerTests.cs(22,29): warning CA1822: Member 'CreateActor' does not access instance data and can be marked as static (https://learn.microsoft.com/dotnet/fundamentals/code-analysis/quality-rules/ca1822) [/app/TWL.Tests/TWL.Tests.csproj]
/app/TWL.Tests/Server/Services/World/WorldTriggerServiceTests.cs(29,17): warning CA1707: Remove the underscores from member name TWL.Tests.Server.Services.World.WorldTriggerServiceTests.CheckTriggers_InsideBounds_ExecutesHandler() (https://learn.microsoft.com/dotnet/fundamentals/code-analysis/quality-rules/ca1707) [/app/TWL.Tests/TWL.Tests.csproj]
/app/TWL.Tests/Simulation/SpawnManagerTests.cs(216,17): warning CA1707: Remove the underscores from member name TWL.Tests.Simulation.SpawnManagerTests.StartEncounter_ShouldBeDeterministic_WithSameSeed() (https://learn.microsoft.com/dotnet/fundamentals/code-analysis/quality-rules/ca1707) [/app/TWL.Tests/TWL.Tests.csproj]
/app/TWL.Tests/PetTests/PetSystemExpansionTests.cs(114,17): warning CA1707: Remove the underscores from member name TWL.Tests.PetTests.PetSystemExpansionTests.Rebirth_ResetsLevel_BoostsStats() (https://learn.microsoft.com/dotnet/fundamentals/code-analysis/quality-rules/ca1707) [/app/TWL.Tests/TWL.Tests.csproj]
/app/TWL.Tests/PetTests/PetSystemExpansionTests.cs(137,17): warning CA1707: Remove the underscores from member name TWL.Tests.PetTests.PetSystemExpansionTests.Utility_Usage_Check() (https://learn.microsoft.com/dotnet/fundamentals/code-analysis/quality-rules/ca1707) [/app/TWL.Tests/TWL.Tests.csproj]
/app/TWL.Tests/Server/ServerCharacterLevelingTests.cs(54,17): warning CA1707: Remove the underscores from member name TWL.Tests.Server.ServerCharacterLevelingTests.AddExp_ShouldNotLevelUp_WhenInsufficient() (https://learn.microsoft.com/dotnet/fundamentals/code-analysis/quality-rules/ca1707) [/app/TWL.Tests/TWL.Tests.csproj]
/app/TWL.Tests/Skills/DailySkillsTests.cs(83,17): warning CA1707: Remove the underscores from member name TWL.Tests.Skills.DailySkillsTests.AutoBattle_Selects_Buff_WhenAllyUnbuffed() (https://learn.microsoft.com/dotnet/fundamentals/code-analysis/quality-rules/ca1707) [/app/TWL.Tests/TWL.Tests.csproj]
/app/TWL.Tests/Combat/CombatMechanicsTests.cs(172,17): warning CA1707: Remove the underscores from member name TWL.Tests.Combat.CombatMechanicsTests.ControlHitChance_GuaranteesSeal_WhenIntMuchHigher() (https://learn.microsoft.com/dotnet/fundamentals/code-analysis/quality-rules/ca1707) [/app/TWL.Tests/TWL.Tests.csproj]
/app/TWL.Tests/Combat/CombatManagerTests.cs(110,17): warning CA1707: Remove the underscores from member name TWL.Tests.Combat.CombatManagerTests.UseSkill_CalculatesDamage_WithHighVariance() (https://learn.microsoft.com/dotnet/fundamentals/code-analysis/quality-rules/ca1707) [/app/TWL.Tests/TWL.Tests.csproj]
/app/TWL.Tests/Economy/EconomyServiceMockTests.cs(15,25): warning CA1859: Change type of variable 'service' from 'TWL.Server.Simulation.Managers.IEconomyService' to 'TWL.Tests.Economy.EconomyServiceMockTests.MockEconomyService' for improved performance (https://learn.microsoft.com/dotnet/fundamentals/code-analysis/quality-rules/ca1859) [/app/TWL.Tests/TWL.Tests.csproj]
/app/TWL.Tests/Simulation/EncounterTests.cs(116,17): warning CA1707: Remove the underscores from member name TWL.Tests.Simulation.EncounterTests.StartEncounter_ShouldBeIdempotent_AndResendPacket() (https://learn.microsoft.com/dotnet/fundamentals/code-analysis/quality-rules/ca1707) [/app/TWL.Tests/TWL.Tests.csproj]
/app/TWL.Tests/Server/Services/World/MapLoaderTests.cs(26,17): warning CA1707: Remove the underscores from member name TWL.Tests.Server.Services.World.MapLoaderTests.LoadMap_ValidTmx_ParsesCorrectly() (https://learn.microsoft.com/dotnet/fundamentals/code-analysis/quality-rules/ca1707) [/app/TWL.Tests/TWL.Tests.csproj]
/app/TWL.Tests/Skills/DailySkillsTests.cs(114,17): warning CA1707: Remove the underscores from member name TWL.Tests.Skills.DailySkillsTests.AutoBattle_Skips_Buff_IfAllyHasIt() (https://learn.microsoft.com/dotnet/fundamentals/code-analysis/quality-rules/ca1707) [/app/TWL.Tests/TWL.Tests.csproj]
/app/TWL.Tests/Server/Services/SpawnManagerTests.cs(42,17): warning CA1707: Remove the underscores from member name TWL.Tests.Server.Services.SpawnManagerTests.StartEncounter_IsIdempotent() (https://learn.microsoft.com/dotnet/fundamentals/code-analysis/quality-rules/ca1707) [/app/TWL.Tests/TWL.Tests.csproj]
/app/TWL.Tests/Services/PetServiceTests.cs(94,17): warning CA1707: Remove the underscores from member name TWL.Tests.Services.PetServiceTests.CaptureEnemy_Success() (https://learn.microsoft.com/dotnet/fundamentals/code-analysis/quality-rules/ca1707) [/app/TWL.Tests/TWL.Tests.csproj]
/app/TWL.Tests/Skills/EarthSkillPackTests.cs(123,17): warning CA1707: Remove the underscores from member name TWL.Tests.Skills.EarthSkillPackTests.GaiasProtection_StackingPolicy_RefreshDuration() (https://learn.microsoft.com/dotnet/fundamentals/code-analysis/quality-rules/ca1707) [/app/TWL.Tests/TWL.Tests.csproj]
/app/TWL.Tests/Services/PetServiceTests.cs(162,17): warning CA1707: Remove the underscores from member name TWL.Tests.Services.PetServiceTests.CaptureEnemy_Fails_LevelTooLow() (https://learn.microsoft.com/dotnet/fundamentals/code-analysis/quality-rules/ca1707) [/app/TWL.Tests/TWL.Tests.csproj]
/app/TWL.Tests/Combat/CombatManagerTests.cs(135,17): warning CA1707: Remove the underscores from member name TWL.Tests.Combat.CombatManagerTests.UseSkill_EnforcesTurnOrder() (https://learn.microsoft.com/dotnet/fundamentals/code-analysis/quality-rules/ca1707) [/app/TWL.Tests/TWL.Tests.csproj]
/app/TWL.Tests/Skills/EarthSkillPackTests.cs(165,17): warning CA1707: Remove the underscores from member name TWL.Tests.Skills.EarthSkillPackTests.Entangle_Outcome_Resist() (https://learn.microsoft.com/dotnet/fundamentals/code-analysis/quality-rules/ca1707) [/app/TWL.Tests/TWL.Tests.csproj]
/app/TWL.Tests/Skills/EarthSkillPackTests.cs(161,9): warning xUnit2031: Do not use a Where clause to filter before calling Assert.Single. Use the overload of Assert.Single that accepts a filtering function. (https://xunit.net/xunit.analyzers/rules/xUnit2031) [/app/TWL.Tests/TWL.Tests.csproj]
/app/TWL.Tests/Simulation/SpawnManagerTests.cs(301,17): warning CA1707: Remove the underscores from member name TWL.Tests.Simulation.SpawnManagerTests.StartEncounter_ShouldReturnExistingId_AndResendPacket_WhenAlreadyInCombat() (https://learn.microsoft.com/dotnet/fundamentals/code-analysis/quality-rules/ca1707) [/app/TWL.Tests/TWL.Tests.csproj]
/app/TWL.Tests/Server/Services/World/WorldTriggerServiceTests.cs(56,17): warning CA1707: Remove the underscores from member name TWL.Tests.Server.Services.World.WorldTriggerServiceTests.CheckTriggers_OutsideBounds_DoesNotExecute() (https://learn.microsoft.com/dotnet/fundamentals/code-analysis/quality-rules/ca1707) [/app/TWL.Tests/TWL.Tests.csproj]
/app/TWL.Tests/Services/PetServiceTests.cs(202,17): warning CA1707: Remove the underscores from member name TWL.Tests.Services.PetServiceTests.SwitchPet_Cooldown() (https://learn.microsoft.com/dotnet/fundamentals/code-analysis/quality-rules/ca1707) [/app/TWL.Tests/TWL.Tests.csproj]
/app/TWL.Tests/Combat/CombatManagerTests.cs(28,27): warning CA1822: Member 'CreateMockCatalog' does not access instance data and can be marked as static (https://learn.microsoft.com/dotnet/fundamentals/code-analysis/quality-rules/ca1822) [/app/TWL.Tests/TWL.Tests.csproj]
/app/TWL.Tests/Combat/CombatManagerTests.cs(28,27): warning CA1859: Change return type of method 'CreateMockCatalog' from 'TWL.Shared.Domain.Characters.ISkillCatalog' to 'TWL.Tests.Combat.MockSkillCatalog' for improved performance (https://learn.microsoft.com/dotnet/fundamentals/code-analysis/quality-rules/ca1859) [/app/TWL.Tests/TWL.Tests.csproj]
/app/TWL.Tests/Simulation/EncounterTests.cs(136,17): warning CA1707: Remove the underscores from member name TWL.Tests.Simulation.EncounterTests.RandomEncounter_ShouldTrigger_AfterSteps() (https://learn.microsoft.com/dotnet/fundamentals/code-analysis/quality-rules/ca1707) [/app/TWL.Tests/TWL.Tests.csproj]
/app/TWL.Tests/Server/Services/SpawnManagerTests.cs(76,17): warning CA1707: Remove the underscores from member name TWL.Tests.Server.Services.SpawnManagerTests.OnPlayerMoved_AccumulatesSteps_AndTriggersEncounter() (https://learn.microsoft.com/dotnet/fundamentals/code-analysis/quality-rules/ca1707) [/app/TWL.Tests/TWL.Tests.csproj]
/app/TWL.Tests/Simulation/SpawnManagerTests.cs(336,17): warning CA1707: Remove the underscores from member name TWL.Tests.Simulation.SpawnManagerTests.StartEncounter_ShouldFail_WhenPlayerHasElementNone() (https://learn.microsoft.com/dotnet/fundamentals/code-analysis/quality-rules/ca1707) [/app/TWL.Tests/TWL.Tests.csproj]
/app/TWL.Tests/Simulation/EncounterTests.cs(194,17): warning CA1707: Remove the underscores from member name TWL.Tests.Simulation.EncounterTests.RoamingMob_ShouldSpawn_WhenBelowMinCount() (https://learn.microsoft.com/dotnet/fundamentals/code-analysis/quality-rules/ca1707) [/app/TWL.Tests/TWL.Tests.csproj]
/app/TWL.Tests/Services/PetServiceTests.cs(235,17): warning CA1707: Remove the underscores from member name TWL.Tests.Services.PetServiceTests.RevivePet_ConsumesItem() (https://learn.microsoft.com/dotnet/fundamentals/code-analysis/quality-rules/ca1707) [/app/TWL.Tests/TWL.Tests.csproj]
/app/TWL.Tests/Services/PetServiceTests.cs(262,17): warning CA1707: Remove the underscores from member name TWL.Tests.Services.PetServiceTests.RevivePet_Fails_NoItem() (https://learn.microsoft.com/dotnet/fundamentals/code-analysis/quality-rules/ca1707) [/app/TWL.Tests/TWL.Tests.csproj]
/app/TWL.Tests/Simulation/SpawnManagerTests.cs(359,17): warning CA1707: Remove the underscores from member name TWL.Tests.Simulation.SpawnManagerTests.UpdateRoamingMobs_ShouldStartEncounter_WhenPlayerCollides() (https://learn.microsoft.com/dotnet/fundamentals/code-analysis/quality-rules/ca1707) [/app/TWL.Tests/TWL.Tests.csproj]
/app/TWL.Tests/Services/PetServiceTests.cs(286,17): warning CA1707: Remove the underscores from member name TWL.Tests.Services.PetServiceTests.Amity_Effects_Stats() (https://learn.microsoft.com/dotnet/fundamentals/code-analysis/quality-rules/ca1707) [/app/TWL.Tests/TWL.Tests.csproj]
/app/TWL.Tests/Services/PetServiceTests.cs(305,17): warning CA1707: Remove the underscores from member name TWL.Tests.Services.PetServiceTests.TemporaryPet_Expiry() (https://learn.microsoft.com/dotnet/fundamentals/code-analysis/quality-rules/ca1707) [/app/TWL.Tests/TWL.Tests.csproj]
/app/TWL.Tests/Simulation/EncounterTests.cs(70,29): warning CA1822: Member 'CreateEnemy' does not access instance data and can be marked as static (https://learn.microsoft.com/dotnet/fundamentals/code-analysis/quality-rules/ca1822) [/app/TWL.Tests/TWL.Tests.csproj]
/app/TWL.Tests/Simulation/EncounterTests.cs(57,29): warning CA1822: Member 'CreatePlayer' does not access instance data and can be marked as static (https://learn.microsoft.com/dotnet/fundamentals/code-analysis/quality-rules/ca1822) [/app/TWL.Tests/TWL.Tests.csproj]
/app/TWL.Tests/Services/PetServiceTests.cs(328,17): warning CA1707: Remove the underscores from member name TWL.Tests.Services.PetServiceTests.SwitchPet_Expired_Fails() (https://learn.microsoft.com/dotnet/fundamentals/code-analysis/quality-rules/ca1707) [/app/TWL.Tests/TWL.Tests.csproj]
/app/TWL.Tests/Services/PetServiceTests.cs(350,17): warning CA1707: Remove the underscores from member name TWL.Tests.Services.PetServiceTests.RevivePet_Expired_Fails() (https://learn.microsoft.com/dotnet/fundamentals/code-analysis/quality-rules/ca1707) [/app/TWL.Tests/TWL.Tests.csproj]
/app/TWL.Tests/Services/PetServiceTests.cs(375,17): warning CA1707: Remove the underscores from member name TWL.Tests.Services.PetServiceTests.PetDeath_ReducesAmity() (https://learn.microsoft.com/dotnet/fundamentals/code-analysis/quality-rules/ca1707) [/app/TWL.Tests/TWL.Tests.csproj]
/app/TWL.Tests/Maps/MapValidationTests.cs(379,19): warning CA1852: Type 'GraphNode' can be sealed because it has no subtypes in its containing assembly and is not externally visible (https://learn.microsoft.com/dotnet/fundamentals/code-analysis/quality-rules/ca1852) [/app/TWL.Tests/TWL.Tests.csproj]
/app/TWL.Tests/Domain/Skills/SkillSystemTests_Burn.cs(57,19): warning CA1852: Type 'TestCharacter' can be sealed because it has no subtypes in its containing assembly and is not externally visible (https://learn.microsoft.com/dotnet/fundamentals/code-analysis/quality-rules/ca1852) [/app/TWL.Tests/TWL.Tests.csproj]
/app/TWL.Tests/Maps/MapValidationTests.cs(373,19): warning CA1852: Type 'WorldGraph' can be sealed because it has no subtypes in its containing assembly and is not externally visible (https://learn.microsoft.com/dotnet/fundamentals/code-analysis/quality-rules/ca1852) [/app/TWL.Tests/TWL.Tests.csproj]
/app/TWL.Tests/Maps/MapValidationTests.cs(367,19): warning CA1852: Type 'MapExit' can be sealed because it has no subtypes in its containing assembly and is not externally visible (https://learn.microsoft.com/dotnet/fundamentals/code-analysis/quality-rules/ca1852) [/app/TWL.Tests/TWL.Tests.csproj]
/app/TWL.Tests/Maps/MapValidationTests.cs(386,19): warning CA1852: Type 'GraphEdge' can be sealed because it has no subtypes in its containing assembly and is not externally visible (https://learn.microsoft.com/dotnet/fundamentals/code-analysis/quality-rules/ca1852) [/app/TWL.Tests/TWL.Tests.csproj]
/app/TWL.Tests/Maps/MapValidationTests.cs(359,19): warning CA1852: Type 'MapMetadata' can be sealed because it has no subtypes in its containing assembly and is not externally visible (https://learn.microsoft.com/dotnet/fundamentals/code-analysis/quality-rules/ca1852) [/app/TWL.Tests/TWL.Tests.csproj]
/app/TWL.Tests/Domain/Skills/SkillSystemTests.cs(112,19): warning CA1852: Type 'TestCharacter' can be sealed because it has no subtypes in its containing assembly and is not externally visible (https://learn.microsoft.com/dotnet/fundamentals/code-analysis/quality-rules/ca1852) [/app/TWL.Tests/TWL.Tests.csproj]
/app/TWL.Tests/Domain/BattleInstanceTests.cs(96,19): warning CA1852: Type 'TestEnemy' can be sealed because it has no subtypes in its containing assembly and is not externally visible (https://learn.microsoft.com/dotnet/fundamentals/code-analysis/quality-rules/ca1852) [/app/TWL.Tests/TWL.Tests.csproj]
/app/TWL.Tests/Server/Features/Combat/TurnEngineTests.cs(11,19): warning CA1852: Type 'TestCombatant' can be sealed because it has no subtypes in its containing assembly and is not externally visible (https://learn.microsoft.com/dotnet/fundamentals/code-analysis/quality-rules/ca1852) [/app/TWL.Tests/TWL.Tests.csproj]
/app/TWL.Tests/Domain/BattleInstanceTests.cs(83,19): warning CA1852: Type 'TestCharacter' can be sealed because it has no subtypes in its containing assembly and is not externally visible (https://learn.microsoft.com/dotnet/fundamentals/code-analysis/quality-rules/ca1852) [/app/TWL.Tests/TWL.Tests.csproj]
